#
# There is insufficient memory for the Java Runtime Environment to continue.
# Native memory allocation (malloc) failed to allocate 565328 bytes for Chunk::new
# Possible reasons:
#   The system is out of physical RAM or swap space
#   In 32 bit mode, the process size limit was hit
# Possible solutions:
#   Reduce memory load on the system
#   Increase physical memory or swap space
#   Check if swap backing store is full
#   Use 64 bit Java on a 64 bit OS
#   Decrease Java heap size (-Xmx/-Xms)
#   Decrease number of Java threads
#   Decrease Java thread stack sizes (-Xss)
#   Set larger code cache with -XX:ReservedCodeCacheSize=
# This output file may be truncated or incomplete.
#
#  Out of Memory Error (allocation.cpp:390), pid=1144, tid=6816
#
# JRE version: Java(TM) SE Runtime Environment (8.0_45-b15) (build 1.8.0_45-b15)
# Java VM: Java HotSpot(TM) 64-Bit Server VM (25.45-b02 mixed mode windows-amd64 compressed oops)
# Failed to write core dump. Minidumps are not enabled by default on client versions of Windows
#

---------------  T H R E A D  ---------------

Current thread (0x0000000016e36000):  JavaThread "C2 CompilerThread2" daemon [_thread_in_native, id=6816, stack(0x0000000017600000,0x0000000017700000)]

Stack: [0x0000000017600000,0x0000000017700000]
Native frames: (J=compiled Java code, j=interpreted, Vv=VM code, C=native code)
V  [jvm.dll+0x32b57a]


Current CompileTask:
C2:   4118 2033   !   4       com.android.dx.cf.code.BytecodeArray::parseInstruction (2764 bytes)


---------------  P R O C E S S  ---------------

Java Threads: ( => current thread )
  0x0000000017af9800 JavaThread "pool-2-thread-4" [_thread_blocked, id=7600, stack(0x0000000018600000,0x0000000018700000)]
  0x0000000017afe000 JavaThread "pool-2-thread-3" [_thread_blocked, id=9836, stack(0x0000000018500000,0x0000000018600000)]
  0x0000000017afd000 JavaThread "pool-2-thread-2" [_thread_in_Java, id=6872, stack(0x0000000018400000,0x0000000018500000)]
  0x0000000017104800 JavaThread "pool-3-thread-1" [_thread_blocked, id=7888, stack(0x0000000018300000,0x0000000018400000)]
  0x00000000170ff000 JavaThread "pool-2-thread-1" [_thread_blocked, id=10104, stack(0x0000000018200000,0x0000000018300000)]
  0x0000000016e3f800 JavaThread "Service Thread" daemon [_thread_blocked, id=3556, stack(0x0000000017800000,0x0000000017900000)]
  0x0000000016e39000 JavaThread "C1 CompilerThread3" daemon [_thread_blocked, id=7016, stack(0x0000000017700000,0x0000000017800000)]
=>0x0000000016e36000 JavaThread "C2 CompilerThread2" daemon [_thread_in_native, id=6816, stack(0x0000000017600000,0x0000000017700000)]
  0x0000000016e2f000 JavaThread "C2 CompilerThread1" daemon [_thread_in_native, id=1692, stack(0x0000000017500000,0x0000000017600000)]
  0x0000000016e28000 JavaThread "C2 CompilerThread0" daemon [_thread_in_native, id=5484, stack(0x0000000017400000,0x0000000017500000)]
  0x0000000016e26800 JavaThread "Attach Listener" daemon [_thread_blocked, id=3840, stack(0x0000000017300000,0x0000000017400000)]
  0x00000000022ee800 JavaThread "Signal Dispatcher" daemon [_thread_blocked, id=9260, stack(0x0000000017200000,0x0000000017300000)]
  0x00000000022e4000 JavaThread "Finalizer" daemon [_thread_blocked, id=9268, stack(0x0000000016d00000,0x0000000016e00000)]
  0x0000000014e0d800 JavaThread "Reference Handler" daemon [_thread_blocked, id=2068, stack(0x0000000016c00000,0x0000000016d00000)]
  0x00000000021ee800 JavaThread "main" [_thread_blocked, id=8696, stack(0x0000000002040000,0x0000000002140000)]

Other Threads:
  0x0000000014e09000 VMThread [stack: 0x0000000016b00000,0x0000000016c00000] [id=2952]
  0x0000000016e40800 WatcherThread [stack: 0x0000000017900000,0x0000000017a00000] [id=7896]

VM state:not at safepoint (normal execution)

VM Mutex/Monitor currently owned by a thread: None

Heap:
 PSYoungGen      total 71680K, used 11571K [0x00000000eab00000, 0x00000000ef600000, 0x0000000100000000)
  eden space 66560K, 9% used [0x00000000eab00000,0x00000000eb14d080,0x00000000eec00000)
  from space 5120K, 99% used [0x00000000eec00000,0x00000000ef0ffc90,0x00000000ef100000)
  to   space 5120K, 0% used [0x00000000ef100000,0x00000000ef100000,0x00000000ef600000)
 ParOldGen       total 87552K, used 30047K [0x00000000c0000000, 0x00000000c5580000, 0x00000000eab00000)
  object space 87552K, 34% used [0x00000000c0000000,0x00000000c1d57ec0,0x00000000c5580000)
 Metaspace       used 6294K, capacity 7128K, committed 7424K, reserved 1056768K
  class space    used 610K, capacity 656K, committed 768K, reserved 1048576K

Card table byte_map: [0x00000000116b0000,0x00000000118c0000] byte_map_base: 0x00000000110b0000

Marking Bits: (ParMarkBitMap*) 0x000000005c1c4040
 Begin Bits: [0x0000000012220000, 0x0000000013220000)
 End Bits:   [0x0000000013220000, 0x0000000014220000)

Polling page: 0x0000000000790000

CodeCache: size=245760Kb used=8966Kb max_used=9012Kb free=236793Kb
 bounds [0x00000000022f0000, 0x0000000002bd0000, 0x00000000112f0000]
 total_blobs=2263 nmethods=1993 adapters=182
 compilation: enabled

Compilation events (10 events):
Event: 3.843 Thread 0x0000000016e39000 2052       2       com.android.dx.cf.code.LocalVariableList::itemToLocal (47 bytes)
Event: 3.843 Thread 0x0000000016e39000 nmethod 2052 0x0000000002b91350 code [0x0000000002b914e0, 0x0000000002b91778]
Event: 3.846 Thread 0x0000000016e39000 2053       2       com.android.dx.cf.code.Merger::mergeType (142 bytes)
Event: 3.847 Thread 0x0000000016e39000 nmethod 2053 0x0000000002b91910 code [0x0000000002b91b40, 0x0000000002b920c8]
Event: 3.852 Thread 0x0000000016e39000 2054       2       java.util.DualPivotQuicksort::sort (1195 bytes)
Event: 3.853 Thread 0x0000000016e39000 nmethod 2054 0x0000000002b92650 code [0x0000000002b92940, 0x0000000002b93e28]
Event: 4.060 Thread 0x0000000016e28000 nmethod 2017 0x0000000002b9cfd0 code [0x0000000002b9d480, 0x0000000002ba1620]
Event: 4.060 Thread 0x0000000016e28000 2038   !   4       com.android.dx.rop.code.RegisterSpec::intern (70 bytes)
Event: 4.080 Thread 0x0000000016e36000 nmethod 2003 0x0000000002bb3b10 code [0x0000000002bb43e0, 0x0000000002bbeb48]
Event: 4.081 Thread 0x0000000016e36000 2033   !   4       com.android.dx.cf.code.BytecodeArray::parseInstruction (2764 bytes)

GC Heap History (10 events):
Event: 1.277 GC heap before
{Heap before GC invocations=1 (full 0):
 PSYoungGen      total 38400K, used 33280K [0x00000000eab00000, 0x00000000ed580000, 0x0000000100000000)
  eden space 33280K, 100% used [0x00000000eab00000,0x00000000ecb80000,0x00000000ecb80000)
  from space 5120K, 0% used [0x00000000ed080000,0x00000000ed080000,0x00000000ed580000)
  to   space 5120K, 0% used [0x00000000ecb80000,0x00000000ecb80000,0x00000000ed080000)
 ParOldGen       total 87552K, used 0K [0x00000000c0000000, 0x00000000c5580000, 0x00000000eab00000)
  object space 87552K, 0% used [0x00000000c0000000,0x00000000c0000000,0x00000000c5580000)
 Metaspace       used 5892K, capacity 6896K, committed 7040K, reserved 1056768K
  class space    used 587K, capacity 616K, committed 640K, reserved 1048576K
Event: 1.446 GC heap after
Heap after GC invocations=1 (full 0):
 PSYoungGen      total 38400K, used 5116K [0x00000000eab00000, 0x00000000ed580000, 0x0000000100000000)
  eden space 33280K, 0% used [0x00000000eab00000,0x00000000eab00000,0x00000000ecb80000)
  from space 5120K, 99% used [0x00000000ecb80000,0x00000000ed07f1f0,0x00000000ed080000)
  to   space 5120K, 0% used [0x00000000ed080000,0x00000000ed080000,0x00000000ed580000)
 ParOldGen       total 87552K, used 1552K [0x00000000c0000000, 0x00000000c5580000, 0x00000000eab00000)
  object space 87552K, 1% used [0x00000000c0000000,0x00000000c01843f0,0x00000000c5580000)
 Metaspace       used 5892K, capacity 6896K, committed 7040K, reserved 1056768K
  class space    used 587K, capacity 616K, committed 640K, reserved 1048576K
}
Event: 1.656 GC heap before
{Heap before GC invocations=2 (full 0):
 PSYoungGen      total 38400K, used 38396K [0x00000000eab00000, 0x00000000ed580000, 0x0000000100000000)
  eden space 33280K, 100% used [0x00000000eab00000,0x00000000ecb80000,0x00000000ecb80000)
  from space 5120K, 99% used [0x00000000ecb80000,0x00000000ed07f1f0,0x00000000ed080000)
  to   space 5120K, 0% used [0x00000000ed080000,0x00000000ed080000,0x00000000ed580000)
 ParOldGen       total 87552K, used 1552K [0x00000000c0000000, 0x00000000c5580000, 0x00000000eab00000)
  object space 87552K, 1% used [0x00000000c0000000,0x00000000c01843f0,0x00000000c5580000)
 Metaspace       used 5998K, capacity 6960K, committed 7040K, reserved 1056768K
  class space    used 589K, capacity 616K, committed 640K, reserved 1048576K
Event: 1.698 GC heap after
Heap after GC invocations=2 (full 0):
 PSYoungGen      total 38400K, used 5101K [0x00000000eab00000, 0x00000000ed580000, 0x0000000100000000)
  eden space 33280K, 0% used [0x00000000eab00000,0x00000000eab00000,0x00000000ecb80000)
  from space 5120K, 99% used [0x00000000ed080000,0x00000000ed57b5f0,0x00000000ed580000)
  to   space 5120K, 0% used [0x00000000ecb80000,0x00000000ecb80000,0x00000000ed080000)
 ParOldGen       total 87552K, used 6136K [0x00000000c0000000, 0x00000000c5580000, 0x00000000eab00000)
  object space 87552K, 7% used [0x00000000c0000000,0x00000000c05fe2c8,0x00000000c5580000)
 Metaspace       used 5998K, capacity 6960K, committed 7040K, reserved 1056768K
  class space    used 589K, capacity 616K, committed 640K, reserved 1048576K
}
Event: 1.945 GC heap before
{Heap before GC invocations=3 (full 0):
 PSYoungGen      total 38400K, used 38381K [0x00000000eab00000, 0x00000000ed580000, 0x0000000100000000)
  eden space 33280K, 100% used [0x00000000eab00000,0x00000000ecb80000,0x00000000ecb80000)
  from space 5120K, 99% used [0x00000000ed080000,0x00000000ed57b5f0,0x00000000ed580000)
  to   space 5120K, 0% used [0x00000000ecb80000,0x00000000ecb80000,0x00000000ed080000)
 ParOldGen       total 87552K, used 6136K [0x00000000c0000000, 0x00000000c5580000, 0x00000000eab00000)
  object space 87552K, 7% used [0x00000000c0000000,0x00000000c05fe2c8,0x00000000c5580000)
 Metaspace       used 6075K, capacity 7024K, committed 7296K, reserved 1056768K
  class space    used 589K, capacity 616K, committed 640K, reserved 1048576K
Event: 1.975 GC heap after
Heap after GC invocations=3 (full 0):
 PSYoungGen      total 38400K, used 5106K [0x00000000eab00000, 0x00000000ef600000, 0x0000000100000000)
  eden space 33280K, 0% used [0x00000000eab00000,0x00000000eab00000,0x00000000ecb80000)
  from space 5120K, 99% used [0x00000000ecb80000,0x00000000ed07ca08,0x00000000ed080000)
  to   space 5120K, 0% used [0x00000000ef100000,0x00000000ef100000,0x00000000ef600000)
 ParOldGen       total 87552K, used 13060K [0x00000000c0000000, 0x00000000c5580000, 0x00000000eab00000)
  object space 87552K, 14% used [0x00000000c0000000,0x00000000c0cc1040,0x00000000c5580000)
 Metaspace       used 6075K, capacity 7024K, committed 7296K, reserved 1056768K
  class space    used 589K, capacity 616K, committed 640K, reserved 1048576K
}
Event: 2.568 GC heap before
{Heap before GC invocations=4 (full 0):
 PSYoungGen      total 38400K, used 38386K [0x00000000eab00000, 0x00000000ef600000, 0x0000000100000000)
  eden space 33280K, 100% used [0x00000000eab00000,0x00000000ecb80000,0x00000000ecb80000)
  from space 5120K, 99% used [0x00000000ecb80000,0x00000000ed07ca08,0x00000000ed080000)
  to   space 5120K, 0% used [0x00000000ef100000,0x00000000ef100000,0x00000000ef600000)
 ParOldGen       total 87552K, used 13060K [0x00000000c0000000, 0x00000000c5580000, 0x00000000eab00000)
  object space 87552K, 14% used [0x00000000c0000000,0x00000000c0cc1040,0x00000000c5580000)
 Metaspace       used 6132K, capacity 7088K, committed 7296K, reserved 1056768K
  class space    used 589K, capacity 616K, committed 640K, reserved 1048576K
Event: 2.668 GC heap after
Heap after GC invocations=4 (full 0):
 PSYoungGen      total 71680K, used 5114K [0x00000000eab00000, 0x00000000ef600000, 0x0000000100000000)
  eden space 66560K, 0% used [0x00000000eab00000,0x00000000eab00000,0x00000000eec00000)
  from space 5120K, 99% used [0x00000000ef100000,0x00000000ef5fe820,0x00000000ef600000)
  to   space 5120K, 0% used [0x00000000eec00000,0x00000000eec00000,0x00000000ef100000)
 ParOldGen       total 87552K, used 19477K [0x00000000c0000000, 0x00000000c5580000, 0x00000000eab00000)
  object space 87552K, 22% used [0x00000000c0000000,0x00000000c1305610,0x00000000c5580000)
 Metaspace       used 6132K, capacity 7088K, committed 7296K, reserved 1056768K
  class space    used 589K, capacity 616K, committed 640K, reserved 1048576K
}
Event: 3.872 GC heap before
{Heap before GC invocations=5 (full 0):
 PSYoungGen      total 71680K, used 71674K [0x00000000eab00000, 0x00000000ef600000, 0x0000000100000000)
  eden space 66560K, 100% used [0x00000000eab00000,0x00000000eec00000,0x00000000eec00000)
  from space 5120K, 99% used [0x00000000ef100000,0x00000000ef5fe820,0x00000000ef600000)
  to   space 5120K, 0% used [0x00000000eec00000,0x00000000eec00000,0x00000000ef100000)
 ParOldGen       total 87552K, used 19477K [0x00000000c0000000, 0x00000000c5580000, 0x00000000eab00000)
  object space 87552K, 22% used [0x00000000c0000000,0x00000000c1305610,0x00000000c5580000)
 Metaspace       used 6294K, capacity 7128K, committed 7424K, reserved 1056768K
  class space    used 610K, capacity 656K, committed 768K, reserved 1048576K
Event: 4.054 GC heap after
Heap after GC invocations=5 (full 0):
 PSYoungGen      total 71680K, used 5119K [0x00000000eab00000, 0x00000000ef600000, 0x0000000100000000)
  eden space 66560K, 0% used [0x00000000eab00000,0x00000000eab00000,0x00000000eec00000)
  from space 5120K, 99% used [0x00000000eec00000,0x00000000ef0ffc90,0x00000000ef100000)
  to   space 5120K, 0% used [0x00000000ef100000,0x00000000ef100000,0x00000000ef600000)
 ParOldGen       total 87552K, used 30047K [0x00000000c0000000, 0x00000000c5580000, 0x00000000eab00000)
  object space 87552K, 34% used [0x00000000c0000000,0x00000000c1d57ec0,0x00000000c5580000)
 Metaspace       used 6294K, capacity 7128K, committed 7424K, reserved 1056768K
  class space    used 610K, capacity 656K, committed 768K, reserved 1048576K
}

Deoptimization events (10 events):
Event: 3.691 Thread 0x0000000017afd000 Uncommon trap: reason=unstable_if action=reinterpret pc=0x0000000002b2f864 method=java.util.HashMap.getNode(ILjava/lang/Object;)Ljava/util/HashMap$Node; @ 84
Event: 3.698 Thread 0x0000000017af9800 Uncommon trap: reason=unstable_if action=reinterpret pc=0x00000000027510b4 method=java.util.HashMap.putVal(ILjava/lang/Object;Ljava/lang/Object;ZZ)Ljava/lang/Object; @ 162
Event: 3.716 Thread 0x0000000017af9800 Uncommon trap: reason=bimorphic action=maybe_recompile pc=0x0000000002b340b0 method=com.android.dx.cf.code.BytecodeArray.parseInstruction(ILcom/android/dx/cf/code/BytecodeArray$Visitor;)I @ 1525
Event: 3.716 Thread 0x0000000017af9800 Uncommon trap: reason=bimorphic action=maybe_recompile pc=0x0000000002b340b0 method=com.android.dx.cf.code.BytecodeArray.parseInstruction(ILcom/android/dx/cf/code/BytecodeArray$Visitor;)I @ 1525
Event: 3.809 Thread 0x00000000170ff000 Uncommon trap: reason=class_check action=maybe_recompile pc=0x0000000002b43cd8 method=com.android.dx.ssa.SCCP.replaceConstants()V @ 127
Event: 3.809 Thread 0x00000000170ff000 Uncommon trap: reason=bimorphic action=maybe_recompile pc=0x00000000029ba6c0 method=com.android.dx.ssa.LiteralOpUpgrader.tryReplacingWithConstant(Lcom/android/dx/ssa/NormalSsaInsn;)Z @ 62
Event: 3.809 Thread 0x00000000170ff000 Uncommon trap: reason=unstable_if action=reinterpret pc=0x00000000026f635c method=com.android.dx.ssa.SsaMethod.updateOneDefinition(Lcom/android/dx/ssa/SsaInsn;Lcom/android/dx/rop/code/RegisterSpec;)V @ 4
Event: 3.811 Thread 0x00000000170ff000 Uncommon trap: reason=unstable_if action=reinterpret pc=0x0000000002b48bd8 method=com.android.dx.cf.code.BaseMachine.popArgs(Lcom/android/dx/cf/code/Frame;I)V @ 15
Event: 3.815 Thread 0x00000000170ff000 Uncommon trap: reason=class_check action=maybe_recompile pc=0x0000000002b43cd8 method=com.android.dx.ssa.SCCP.replaceConstants()V @ 127
Event: 3.846 Thread 0x0000000017afd000 Uncommon trap: reason=unstable_if action=reinterpret pc=0x0000000002ae2018 method=com.android.dx.cf.code.Merger.mergeType(Lcom/android/dx/rop/type/TypeBearer;Lcom/android/dx/rop/type/TypeBearer;)Lcom/android/dx/rop/type/TypeBearer; @ 52

Internal exceptions (7 events):
Event: 0.295 Thread 0x00000000021ee800 Exception <a 'java/lang/NoSuchMethodError': Method sun.misc.Unsafe.defineClass(Ljava/lang/String;[BII)Ljava/lang/Class; name or signature does not match> (0x00000000eab0dee0) thrown at [C:\re\workspace\8-2-build-windows-amd64-cygwin\jdk8u45\3627\hotspot\srgπg*Ë“?
Event: 0.295 Thread 0x00000000021ee800 Exception <a 'java/lang/NoSuchMethodError': Method sun.misc.Unsafe.prefetchRead(Ljava/lang/Object;J)V name or signature does not match> (0x00000000eab0e170) thrown at [C:\re\workspace\8-2-build-windows-amd64-cygwin\jdk8u45\3627\hotspot\src\share\vm\prims\jƒ¬¿Æ9TÚ?
Event: 1.146 Thread 0x0000000017afe000 Implicit null exception at 0x0000000002648949 to 0x000000000264afb1
Event: 1.490 Thread 0x0000000017afd000 Implicit null exception at 0x0000000002691e62 to 0x0000000002691f55
Event: 3.689 Thread 0x0000000017afd000 Exception <a 'java/lang/ArrayIndexOutOfBoundsException': 18> (0x00000000ecd37f68) thrown at [C:\re\workspace\8-2-build-windows-amd64-cygwin\jdk8u45\3627\hotspot\src\share\vm\interpreter\interpreterRuntime.cpp, line 366]
Event: 3.690 Thread 0x0000000017afd000 Exception <a 'java/lang/ArrayIndexOutOfBoundsException': 145> (0x00000000ecd39a38) thrown at [C:\re\workspace\8-2-build-windows-amd64-cygwin\jdk8u45\3627\hotspot\src\share\vm\interpreter\interpreterRuntime.cpp, line 366]
Event: 3.690 Thread 0x0000000017afd000 Exception <a 'java/lang/ArrayIndexOutOfBoundsException'> (0x00000000ecd3ac70) thrown at [C:\re\workspace\8-2-build-windows-amd64-cygwin\jdk8u45\3627\hotspot\src\share\vm\runtime\sharedRuntime.cpp, line 605]

Events (10 events):
Event: 3.815 Thread 0x00000000170ff000 DEOPT UNPACKING pc=0x000000000233582a sp=0x00000000182febc0 mode 2
Event: 3.828 Thread 0x0000000017af9800 DEOPT PACKING pc=0x00000000027f63ec sp=0x00000000186feb10
Event: 3.828 Thread 0x0000000017af9800 DEOPT UNPACKING pc=0x000000000233787f sp=0x00000000186fe8a0 mode 0
Event: 3.846 Thread 0x0000000017afd000 Uncommon trap: trap_request=0xffffff65 fr.pc=0x0000000002ae2018
Event: 3.846 Thread 0x0000000017afd000 DEOPT PACKING pc=0x0000000002ae2018 sp=0x00000000184fe730
Event: 3.846 Thread 0x0000000017afd000 DEOPT UNPACKING pc=0x000000000233582a sp=0x00000000184fe6c0 mode 2
Event: 3.865 Executing VM operation: ParallelGCFailedAllocation
Event: 4.054 Executing VM operation: ParallelGCFailedAllocation done
Event: 4.059 Thread 0x0000000017afd000 DEOPT PACKING pc=0x0000000002998b51 sp=0x00000000184fe910
Event: 4.059 Thread 0x0000000017afd000 DEOPT UNPACKING pc=0x000000000233787f sp=0x00000000184fe740 mode 0


Dynamic libraries:
0x00007ff7cebb0000 - 0x00007ff7cebe7000 	C:\Program Files\Java\jdk1.8.0_45\bin\java.exe
0x00007ffb209e0000 - 0x00007ffb20b8d000 	C:\Windows\SYSTEM32\ntdll.dll
0x00007ffb1ff90000 - 0x00007ffb200ce000 	C:\Windows\system32\KERNEL32.DLL
0x00007ffb1dbe0000 - 0x00007ffb1dcf5000 	C:\Windows\system32\KERNELBASE.dll
0x00007ffb1c6e0000 - 0x00007ffb1c76e000 	C:\Windows\system32\apphelp.dll
0x00007ffb096a0000 - 0x00007ffb096f3000 	C:\Windows\AppPatch\AppPatch64\AcGenral.DLL
0x00007ffb1e070000 - 0x00007ffb1e11a000 	C:\Windows\system32\msvcrt.dll
0x00007ffb1df90000 - 0x00007ffb1dfbe000 	C:\Windows\system32\SspiCli.dll
0x00007ffb20140000 - 0x00007ffb20194000 	C:\Windows\system32\SHLWAPI.dll
0x00007ffb1fe10000 - 0x00007ffb1ff87000 	C:\Windows\system32\USER32.dll
0x00007ffb1fa90000 - 0x00007ffb1fc24000 	C:\Windows\system32\ole32.dll
0x00007ffb1e4a0000 - 0x00007ffb1f9cb000 	C:\Windows\system32\SHELL32.dll
0x00007ffb1d160000 - 0x00007ffb1d181000 	C:\Windows\SYSTEM32\USERENV.dll
0x00007ffb201a0000 - 0x00007ffb2024a000 	C:\Windows\system32\ADVAPI32.dll
0x00007ffb0aa80000 - 0x00007ffb0aa9e000 	C:\Windows\SYSTEM32\MPR.dll
0x00007ffb20390000 - 0x00007ffb204d0000 	C:\Windows\system32\RPCRT4.dll
0x00007ffb20910000 - 0x00007ffb20969000 	C:\Windows\SYSTEM32\sechost.dll
0x00007ffb1e120000 - 0x00007ffb1e331000 	C:\Windows\SYSTEM32\combase.dll
0x00007ffb1e340000 - 0x00007ffb1e490000 	C:\Windows\system32\GDI32.dll
0x00007ffb1db10000 - 0x00007ffb1db25000 	C:\Windows\SYSTEM32\profapi.dll
0x00007ffb1c090000 - 0x00007ffb1c142000 	C:\Windows\SYSTEM32\SHCORE.dll
0x00007ffb205b0000 - 0x00007ffb205e6000 	C:\Windows\system32\IMM32.DLL
0x00007ffb207b0000 - 0x00007ffb20901000 	C:\Windows\system32\MSCTF.dll
0x00007ffb1b810000 - 0x00007ffb1ba8a000 	C:\Windows\WinSxS\amd64_microsoft.windows.common-controls_6595b64144ccf1df_6.0.9600.17810_none_6240b9c7ecbd0bda\COMCTL32.dll
0x000000005ac00000 - 0x000000005acd2000 	C:\Program Files\Java\jdk1.8.0_45\jre\bin\msvcr100.dll
0x000000005b9c0000 - 0x000000005c243000 	C:\Program Files\Java\jdk1.8.0_45\jre\bin\server\jvm.dll
0x00007ffb16790000 - 0x00007ffb16799000 	C:\Windows\SYSTEM32\WSOCK32.dll
0x00007ffb1b700000 - 0x00007ffb1b722000 	C:\Windows\SYSTEM32\WINMM.dll
0x00007ffb1b800000 - 0x00007ffb1b80a000 	C:\Windows\SYSTEM32\VERSION.dll
0x00007ffb200d0000 - 0x00007ffb200d7000 	C:\Windows\system32\PSAPI.DLL
0x00007ffb200e0000 - 0x00007ffb2013a000 	C:\Windows\system32\WS2_32.dll
0x00007ffb1b660000 - 0x00007ffb1b68a000 	C:\Windows\SYSTEM32\WINMMBASE.dll
0x00007ffb209d0000 - 0x00007ffb209d9000 	C:\Windows\system32\NSI.dll
0x00007ffb1dfc0000 - 0x00007ffb1e00f000 	C:\Windows\SYSTEM32\cfgmgr32.dll
0x00007ffb1c950000 - 0x00007ffb1c978000 	C:\Windows\SYSTEM32\DEVOBJ.dll
0x000000005ca10000 - 0x000000005ca1f000 	C:\Program Files\Java\jdk1.8.0_45\jre\bin\verify.dll
0x000000005c9e0000 - 0x000000005ca09000 	C:\Program Files\Java\jdk1.8.0_45\jre\bin\java.dll
0x000000005c8f0000 - 0x000000005c906000 	C:\Program Files\Java\jdk1.8.0_45\jre\bin\zip.dll

VM Arguments:
jvm_args: -Djava.awt.headless=true -Xmx1024M -Dfile.encoding=windows-1252 -Duser.country=US -Duser.language=en -Duser.variant 
java_command: com.android.dx.command.Main --dex --force-jumbo --num-threads=4 --multi-dex --output E:\Documents\GitHub\TutorApp\app\build\intermediates\transforms\dex\debug\folders\1000\2\mariadb-java-client-1.4.4_cb40ceac2e46f06685d954e556d1466b95c3d82b E:\Documents\GitHub\TutorApp\libs\mariadb-java-client-1.4.4.jar
java_class_path (initial): E:\AndroidSDK\SDK\build-tools\23.0.2\lib\dx.jar
Launcher Type: SUN_STANDARD

Environment Variables:
JAVA_HOME=C:\Program Files\Java\jdk1.8.0_45
PATH=C:\Python34\;C:\Python34\Scripts;C:\Perl64\site\bin;C:\Perl64\bin;C:\ProgramData\Oracle\Java\javapath;C:\Program Files (x86)\Intel\iCLS Client\;C:\Program Files\Intel\iCLS Client\;C:\Windows\system32;C:\Windows;C:\Windows\System32\Wbem;C:\Windows\System32\WindowsPowerShell\v1.0\;C:\Program Files (x86)\ATI Technologies\ATI.ACE\Core-Static;C:\Program Files (x86)\AMD\ATI.ACE\Core-Static;C:\Program Files\Intel\Intel(R) Management Engine Components\DAL;C:\Program Files (x86)\Intel\Intel(R) Management Engine Components\DAL;C:\Program Files\Intel\Intel(R) Management Engine Components\IPT;C:\Program Files (x86)\Intel\Intel(R) Management Engine Components\IPT;C:\Program Files (x86)\WinSCP\;C:\Program Files (x86)\Git\cmd;C:\Program Files (x86)\Livestreamer;C:\Program Files\Microsoft\Web Platform Installer\;C:\Program Files (x86)\Microsoft ASP.NET\ASP.NET Web Pages\v1.0\;C:\Program Files\Microsoft SQL Server\110\Tools\Binn\;C:\Qt\5.4\mingw491_32\bin;F:\Dwimperl\perl\bin;F:\Dwimperl\perl\site\bin;F:\Dwimperl\c\bin;C:\Program Files (x86)\Java\jre1.8.0_45\bin;C:\Program Files\Microsoft SQL Server\120\Tools\Binn\;C:\Program Files (x86)\Java\jdk1.7.0_55\bin;C:\Program Files (x86)\Java\jre1.8.0_45\bin;C:\Users\Jacob Romero\.dnx\bin;C:\Program Files\Microsoft DNX\Dnvm\;C:\Program Files (x86)\Skype\Phone\;C:\Program Files (x86)\NVIDIA Corporation\PhysX\Common;C:\Program Files (x86)\QuickTime\QTSystem\;C:\Windows\system32\config\systemprofile\.dnx\bin;C:\Program Files\Microsoft DNX\Dnvm\;C:\Program Files (x86)\Windows Kits\8.1\Windows Performance Toolkit\;C:\Program Files (x86)\Microsoft Emulator Manager\1.0\;C:\Program Files\Git\cmd;C:\Strawberry\c\bin;C:\Strawberry\perl\site\bin;C:\Strawberry\perl\bin;C:\Program Files\MySQL\mysql-connector-java-5.1.38;C:\Program Files\MongoDB\Server\3.2\bin;C:\Python27\;C:\Python27\Scripts;
USERNAME=Jacob Romero
OS=Windows_NT
PROCESSOR_IDENTIFIER=Intel64 Family 6 Model 60 Stepping 3, GenuineIntel



---------------  S Y S T E M  ---------------

OS: Windows 8.1 , 64 bit Build 9600 (6.3.9600.17415)

CPU:total 8 (4 cores per cpu, 2 threads per core) family 6 model 60 stepping 3, cmov, cx8, fxsr, mmx, sse, sse2, sse3, ssse3, sse4.1, sse4.2, popcnt, avx, avx2, aes, clmul, erms, lzcnt, ht, tsc, tscinvbit, bmi1, bmi2

Memory: 4k page, physical 8335448k(617280k free), swap 11481176k(5104k free)

vm_info: Java HotSpot(TM) 64-Bit Server VM (25.45-b02) for windows-amd64 JRE (1.8.0_45-b15), built on Apr 30 2015 12:40:44 by "java_re" with MS VC++ 10.0 (VS2010)

time: Sun Jun 05 05:43:01 2016
elapsed time: 4 seconds (0d 0h 0m 4s)

