#
# There is insufficient memory for the Java Runtime Environment to continue.
# Native memory allocation (malloc) failed to allocate 65552 bytes for Chunk::new
# Possible reasons:
#   The system is out of physical RAM or swap space
#   In 32 bit mode, the process size limit was hit
# Possible solutions:
#   Reduce memory load on the system
#   Increase physical memory or swap space
#   Check if swap backing store is full
#   Use 64 bit Java on a 64 bit OS
#   Decrease Java heap size (-Xmx/-Xms)
#   Decrease number of Java threads
#   Decrease Java thread stack sizes (-Xss)
#   Set larger code cache with -XX:ReservedCodeCacheSize=
# This output file may be truncated or incomplete.
#
#  Out of Memory Error (allocation.cpp:390), pid=8572, tid=8928
#
# JRE version: Java(TM) SE Runtime Environment (8.0_45-b15) (build 1.8.0_45-b15)
# Java VM: Java HotSpot(TM) 64-Bit Server VM (25.45-b02 mixed mode windows-amd64 compressed oops)
# Failed to write core dump. Minidumps are not enabled by default on client versions of Windows
#

---------------  T H R E A D  ---------------

Current thread (0x0000000017097000):  JavaThread "C2 CompilerThread0" daemon [_thread_in_native, id=8928, stack(0x0000000017670000,0x0000000017770000)]

Stack: [0x0000000017670000,0x0000000017770000]
Native frames: (J=compiled Java code, j=interpreted, Vv=VM code, C=native code)
V  [jvm.dll+0x32b57a]


Current CompileTask:
C2:   1323 1498   !   4       com.android.dx.rop.code.RegisterSpec::intern (70 bytes)


---------------  P R O C E S S  ---------------

Java Threads: ( => current thread )
  0x0000000017d66800 JavaThread "pool-2-thread-4" [_thread_in_Java, id=3044, stack(0x0000000018870000,0x0000000018970000)]
  0x0000000017cdd000 JavaThread "pool-2-thread-3" [_thread_in_Java, id=9480, stack(0x0000000018770000,0x0000000018870000)]
  0x0000000017cdc800 JavaThread "pool-2-thread-2" [_thread_in_Java, id=9732, stack(0x0000000018670000,0x0000000018770000)]
  0x0000000017391800 JavaThread "pool-3-thread-1" [_thread_blocked, id=8184, stack(0x0000000018570000,0x0000000018670000)]
  0x00000000173ef000 JavaThread "pool-2-thread-1" [_thread_in_Java, id=8440, stack(0x0000000018470000,0x0000000018570000)]
  0x000000001710b000 JavaThread "Service Thread" daemon [_thread_blocked, id=7436, stack(0x0000000017a70000,0x0000000017b70000)]
  0x00000000170fd000 JavaThread "C1 CompilerThread3" daemon [_thread_in_native, id=6120, stack(0x0000000017970000,0x0000000017a70000)]
  0x00000000170fa000 JavaThread "C2 CompilerThread2" daemon [_thread_in_native, id=9440, stack(0x0000000017870000,0x0000000017970000)]
  0x000000001709c000 JavaThread "C2 CompilerThread1" daemon [_thread_in_native, id=6496, stack(0x0000000017770000,0x0000000017870000)]
=>0x0000000017097000 JavaThread "C2 CompilerThread0" daemon [_thread_in_native, id=8928, stack(0x0000000017670000,0x0000000017770000)]
  0x0000000017096000 JavaThread "Attach Listener" daemon [_thread_blocked, id=7172, stack(0x0000000017570000,0x0000000017670000)]
  0x0000000017095800 JavaThread "Signal Dispatcher" daemon [_thread_blocked, id=6884, stack(0x0000000017470000,0x0000000017570000)]
  0x0000000002574000 JavaThread "Finalizer" daemon [_thread_blocked, id=4552, stack(0x0000000016f70000,0x0000000017070000)]
  0x0000000002573000 JavaThread "Reference Handler" daemon [_thread_blocked, id=9292, stack(0x0000000016e70000,0x0000000016f70000)]
  0x0000000000bbe800 JavaThread "main" [_thread_blocked, id=9220, stack(0x0000000002380000,0x0000000002480000)]

Other Threads:
  0x0000000015099000 VMThread [stack: 0x0000000016d70000,0x0000000016e70000] [id=8252]
  0x0000000017104000 WatcherThread [stack: 0x0000000017b70000,0x0000000017c70000] [id=9780]

VM state:not at safepoint (normal execution)

VM Mutex/Monitor currently owned by a thread:  ([mutex/lock_event])
[0x0000000000bbcd70] CodeCache_lock - owner thread: 0x00000000170fd000
[0x0000000002481bd0] Compile_lock - owner thread: 0x00000000170fd000
[0x0000000002481050] MethodCompileQueue_lock - owner thread: 0x00000000170fd000

Heap:
 PSYoungGen      total 71680K, used 17185K [0x00000000eab00000, 0x00000000ef600000, 0x0000000100000000)
  eden space 66560K, 18% used [0x00000000eab00000,0x00000000eb6cd248,0x00000000eec00000)
  from space 5120K, 99% used [0x00000000ef100000,0x00000000ef5fb470,0x00000000ef600000)
  to   space 5120K, 0% used [0x00000000eec00000,0x00000000eec00000,0x00000000ef100000)
 ParOldGen       total 87552K, used 3250K [0x00000000c0000000, 0x00000000c5580000, 0x00000000eab00000)
  object space 87552K, 3% used [0x00000000c0000000,0x00000000c032c918,0x00000000c5580000)
 Metaspace       used 6101K, capacity 7024K, committed 7296K, reserved 1056768K
  class space    used 593K, capacity 616K, committed 640K, reserved 1048576K

Card table byte_map: [0x0000000011940000,0x0000000011b50000] byte_map_base: 0x0000000011340000

Marking Bits: (ParMarkBitMap*) 0x000000005c1c4040
 Begin Bits: [0x00000000124b0000, 0x00000000134b0000)
 End Bits:   [0x00000000134b0000, 0x00000000144b0000)

Polling page: 0x0000000000a60000

CodeCache: size=245760Kb used=5783Kb max_used=5783Kb free=239976Kb
 bounds [0x0000000002580000, 0x0000000002b30000, 0x0000000011580000]
 total_blobs=1777 nmethods=1508 adapters=182
 compilation: enabled

Compilation events (10 events):
Event: 1.319 Thread 0x00000000170fd000 nmethod 1523 0x0000000002b20950 code [0x0000000002b20ae0, 0x0000000002b20e18]
Event: 1.319 Thread 0x00000000170fd000 1534       2       com.android.dx.rop.type.Prototype::makeParameterArray (131 bytes)
Event: 1.320 Thread 0x00000000170fd000 nmethod 1534 0x0000000002b210d0 code [0x0000000002b212a0, 0x0000000002b21878]
Event: 1.320 Thread 0x00000000170fd000 1529       2       com.android.dx.ssa.SsaConverter::convertToSsaMethod (41 bytes)
Event: 1.320 Thread 0x00000000170fd000 nmethod 1529 0x0000000002b21d50 code [0x0000000002b21f40, 0x0000000002b22448]
Event: 1.320 Thread 0x00000000170fd000 1530       2       com.android.dx.ssa.SsaMethod::newFromRopMethod (18 bytes)
Event: 1.320 Thread 0x00000000170fd000 nmethod 1530 0x0000000002b22810 code [0x0000000002b22980, 0x0000000002b22b78]
Event: 1.320 Thread 0x00000000170fd000 1531       2       com.android.dx.ssa.SsaMethod::<init> (50 bytes)
Event: 1.320 Thread 0x00000000170fd000 nmethod 1531 0x0000000002b22c50 code [0x0000000002b22dc0, 0x0000000002b23018]
Event: 1.320 Thread 0x00000000170fd000 1535       2       com.android.dx.cf.direct.StdAttributeFactory::code (613 bytes)

GC Heap History (4 events):
Event: 0.855 GC heap before
{Heap before GC invocations=1 (full 0):
 PSYoungGen      total 38400K, used 33280K [0x00000000eab00000, 0x00000000ed580000, 0x0000000100000000)
  eden space 33280K, 100% used [0x00000000eab00000,0x00000000ecb80000,0x00000000ecb80000)
  from space 5120K, 0% used [0x00000000ed080000,0x00000000ed080000,0x00000000ed580000)
  to   space 5120K, 0% used [0x00000000ecb80000,0x00000000ecb80000,0x00000000ed080000)
 ParOldGen       total 87552K, used 0K [0x00000000c0000000, 0x00000000c5580000, 0x00000000eab00000)
  object space 87552K, 0% used [0x00000000c0000000,0x00000000c0000000,0x00000000c5580000)
 Metaspace       used 5872K, capacity 6832K, committed 7040K, reserved 1056768K
  class space    used 590K, capacity 616K, committed 640K, reserved 1048576K
Event: 0.962 GC heap after
Heap after GC invocations=1 (full 0):
 PSYoungGen      total 38400K, used 5087K [0x00000000eab00000, 0x00000000ef600000, 0x0000000100000000)
  eden space 33280K, 0% used [0x00000000eab00000,0x00000000eab00000,0x00000000ecb80000)
  from space 5120K, 99% used [0x00000000ecb80000,0x00000000ed077d10,0x00000000ed080000)
  to   space 5120K, 0% used [0x00000000ef100000,0x00000000ef100000,0x00000000ef600000)
 ParOldGen       total 87552K, used 8K [0x00000000c0000000, 0x00000000c5580000, 0x00000000eab00000)
  object space 87552K, 0% used [0x00000000c0000000,0x00000000c0002000,0x00000000c5580000)
 Metaspace       used 5872K, capacity 6832K, committed 7040K, reserved 1056768K
  class space    used 590K, capacity 616K, committed 640K, reserved 1048576K
}
Event: 1.176 GC heap before
{Heap before GC invocations=2 (full 0):
 PSYoungGen      total 38400K, used 38367K [0x00000000eab00000, 0x00000000ef600000, 0x0000000100000000)
  eden space 33280K, 100% used [0x00000000eab00000,0x00000000ecb80000,0x00000000ecb80000)
  from space 5120K, 99% used [0x00000000ecb80000,0x00000000ed077d10,0x00000000ed080000)
  to   space 5120K, 0% used [0x00000000ef100000,0x00000000ef100000,0x00000000ef600000)
 ParOldGen       total 87552K, used 8K [0x00000000c0000000, 0x00000000c5580000, 0x00000000eab00000)
  object space 87552K, 0% used [0x00000000c0000000,0x00000000c0002000,0x00000000c5580000)
 Metaspace       used 6057K, capacity 6960K, committed 7040K, reserved 1056768K
  class space    used 591K, capacity 616K, committed 640K, reserved 1048576K
Event: 1.291 GC heap after
Heap after GC invocations=2 (full 0):
 PSYoungGen      total 71680K, used 5101K [0x00000000eab00000, 0x00000000ef600000, 0x0000000100000000)
  eden space 66560K, 0% used [0x00000000eab00000,0x00000000eab00000,0x00000000eec00000)
  from space 5120K, 99% used [0x00000000ef100000,0x00000000ef5fb470,0x00000000ef600000)
  to   space 5120K, 0% used [0x00000000eec00000,0x00000000eec00000,0x00000000ef100000)
 ParOldGen       total 87552K, used 3250K [0x00000000c0000000, 0x00000000c5580000, 0x00000000eab00000)
  object space 87552K, 3% used [0x00000000c0000000,0x00000000c032c918,0x00000000c5580000)
 Metaspace       used 6057K, capacity 6960K, committed 7040K, reserved 1056768K
  class space    used 591K, capacity 616K, committed 640K, reserved 1048576K
}

Deoptimization events (10 events):
Event: 1.124 Thread 0x0000000017d66800 Uncommon trap: reason=class_check action=maybe_recompile pc=0x00000000028a671c method=com.android.dx.rop.type.Type.equals(Ljava/lang/Object;)Z @ 8
Event: 1.137 Thread 0x0000000000bbe800 Uncommon trap: reason=unstable_if action=reinterpret pc=0x000000000296852c method=com.android.dx.rop.code.RegisterSpecSet.put(Lcom/android/dx/rop/code/RegisterSpec;)V @ 77
Event: 1.138 Thread 0x0000000000bbe800 Uncommon trap: reason=unstable_if action=reinterpret pc=0x00000000029cb56c method=com.android.dx.rop.code.RegisterSpecSet.put(Lcom/android/dx/rop/code/RegisterSpec;)V @ 77
Event: 1.292 Thread 0x0000000017cdc800 Uncommon trap: reason=unstable_if action=reinterpret pc=0x0000000002a0bcf8 method=com.android.dx.cf.code.Ropper.labelToResultIndex(I)I @ 34
Event: 1.295 Thread 0x0000000017cdc800 Uncommon trap: reason=class_check action=maybe_recompile pc=0x00000000029920d0 method=com.android.dx.rop.type.Type.equals(Ljava/lang/Object;)Z @ 8
Event: 1.296 Thread 0x0000000017cdc800 Uncommon trap: reason=bimorphic action=maybe_recompile pc=0x0000000002a80234 method=com.android.dx.ssa.LiteralOpUpgrader.tryReplacingWithConstant(Lcom/android/dx/ssa/NormalSsaInsn;)Z @ 52
Event: 1.321 Thread 0x0000000017cdd000 Uncommon trap: reason=bimorphic action=maybe_recompile pc=0x0000000002b09a58 method=com.android.dx.cf.code.BytecodeArray.parseInstruction(ILcom/android/dx/cf/code/BytecodeArray$Visitor;)I @ 923
Event: 1.321 Thread 0x0000000017cdd000 Uncommon trap: reason=bimorphic action=maybe_recompile pc=0x0000000002b099d4 method=com.android.dx.cf.code.BytecodeArray.parseInstruction(ILcom/android/dx/cf/code/BytecodeArray$Visitor;)I @ 907
Event: 1.321 Thread 0x0000000017cdd000 Uncommon trap: reason=bimorphic action=maybe_recompile pc=0x0000000002b0a02c method=com.android.dx.cf.code.BytecodeArray.parseInstruction(ILcom/android/dx/cf/code/BytecodeArray$Visitor;)I @ 1224
Event: 1.321 Thread 0x0000000017cdd000 Uncommon trap: reason=bimorphic action=maybe_recompile pc=0x0000000002b09a58 method=com.android.dx.cf.code.BytecodeArray.parseInstruction(ILcom/android/dx/cf/code/BytecodeArray$Visitor;)I @ 923

Internal exceptions (3 events):
Event: 0.093 Thread 0x0000000000bbe800 Exception <a 'java/lang/NoSuchMethodError': Method sun.misc.Unsafe.defineClass(Ljava/lang/String;[BII)Ljava/lang/Class; name or signature does not match> (0x00000000eab0ddf0) thrown at [C:\re\workspace\8-2-build-windows-amd64-cygwin\jdk8u45\3627\hotspot\sràÕ‚[o€∑?
Event: 0.093 Thread 0x0000000000bbe800 Exception <a 'java/lang/NoSuchMethodError': Method sun.misc.Unsafe.prefetchRead(Ljava/lang/Object;J)V name or signature does not match> (0x00000000eab0e080) thrown at [C:\re\workspace\8-2-build-windows-amd64-cygwin\jdk8u45\3627\hotspot\src\share\vm\prims\jèïB™≈Ô?
Event: 0.993 Thread 0x0000000017d66800 Implicit null exception at 0x00000000029766a2 to 0x00000000029767a5

Events (10 events):
Event: 1.321 Thread 0x0000000017cdd000 DEOPT PACKING pc=0x0000000002b099d4 sp=0x000000001886ea20
Event: 1.321 Thread 0x0000000017cdd000 DEOPT UNPACKING pc=0x00000000025c582a sp=0x000000001886e9a8 mode 2
Event: 1.321 Thread 0x0000000017cdd000 Uncommon trap: trap_request=0xffffffc6 fr.pc=0x0000000002b0a02c
Event: 1.321 Thread 0x0000000017cdd000 DEOPT PACKING pc=0x0000000002b0a02c sp=0x000000001886ea20
Event: 1.321 Thread 0x0000000017cdd000 DEOPT UNPACKING pc=0x00000000025c582a sp=0x000000001886e9a8 mode 2
Event: 1.321 Thread 0x0000000017cdd000 Uncommon trap: trap_request=0xffffffc6 fr.pc=0x0000000002b09a58
Event: 1.321 Thread 0x0000000017cdd000 DEOPT PACKING pc=0x0000000002b09a58 sp=0x000000001886e7d0
Event: 1.321 Thread 0x0000000017cdd000 DEOPT UNPACKING pc=0x00000000025c582a sp=0x000000001886e758 mode 2
Event: 1.321 loading class com/android/dx/cf/attrib/AttExceptions
Event: 1.321 loading class com/android/dx/cf/attrib/AttExceptions done


Dynamic libraries:
0x00007ff7cebb0000 - 0x00007ff7cebe7000 	C:\Program Files\Java\jdk1.8.0_45\bin\java.exe
0x00007ffb209e0000 - 0x00007ffb20b8d000 	C:\Windows\SYSTEM32\ntdll.dll
0x00007ffb1ff90000 - 0x00007ffb200ce000 	C:\Windows\system32\KERNEL32.DLL
0x00007ffb1dbe0000 - 0x00007ffb1dcf5000 	C:\Windows\system32\KERNELBASE.dll
0x00007ffb1c6e0000 - 0x00007ffb1c76e000 	C:\Windows\system32\apphelp.dll
0x00007ffb096a0000 - 0x00007ffb096f3000 	C:\Windows\AppPatch\AppPatch64\AcGenral.DLL
0x00007ffb1e070000 - 0x00007ffb1e11a000 	C:\Windows\system32\msvcrt.dll
0x00007ffb1df90000 - 0x00007ffb1dfbe000 	C:\Windows\system32\SspiCli.dll
0x00007ffb20140000 - 0x00007ffb20194000 	C:\Windows\system32\SHLWAPI.dll
0x00007ffb1fe10000 - 0x00007ffb1ff87000 	C:\Windows\system32\USER32.dll
0x00007ffb1fa90000 - 0x00007ffb1fc24000 	C:\Windows\system32\ole32.dll
0x00007ffb1e4a0000 - 0x00007ffb1f9cb000 	C:\Windows\system32\SHELL32.dll
0x00007ffb1d160000 - 0x00007ffb1d181000 	C:\Windows\SYSTEM32\USERENV.dll
0x00007ffb201a0000 - 0x00007ffb2024a000 	C:\Windows\system32\ADVAPI32.dll
0x00007ffb0aa80000 - 0x00007ffb0aa9e000 	C:\Windows\SYSTEM32\MPR.dll
0x00007ffb20390000 - 0x00007ffb204d0000 	C:\Windows\system32\RPCRT4.dll
0x00007ffb20910000 - 0x00007ffb20969000 	C:\Windows\SYSTEM32\sechost.dll
0x00007ffb1e120000 - 0x00007ffb1e331000 	C:\Windows\SYSTEM32\combase.dll
0x00007ffb1e340000 - 0x00007ffb1e490000 	C:\Windows\system32\GDI32.dll
0x00007ffb1db10000 - 0x00007ffb1db25000 	C:\Windows\SYSTEM32\profapi.dll
0x00007ffb1c090000 - 0x00007ffb1c142000 	C:\Windows\SYSTEM32\SHCORE.dll
0x00007ffb205b0000 - 0x00007ffb205e6000 	C:\Windows\system32\IMM32.DLL
0x00007ffb207b0000 - 0x00007ffb20901000 	C:\Windows\system32\MSCTF.dll
0x00007ffb1b810000 - 0x00007ffb1ba8a000 	C:\Windows\WinSxS\amd64_microsoft.windows.common-controls_6595b64144ccf1df_6.0.9600.17810_none_6240b9c7ecbd0bda\COMCTL32.dll
0x000000005ac00000 - 0x000000005acd2000 	C:\Program Files\Java\jdk1.8.0_45\jre\bin\msvcr100.dll
0x000000005b9c0000 - 0x000000005c243000 	C:\Program Files\Java\jdk1.8.0_45\jre\bin\server\jvm.dll
0x00007ffb16790000 - 0x00007ffb16799000 	C:\Windows\SYSTEM32\WSOCK32.dll
0x00007ffb1b700000 - 0x00007ffb1b722000 	C:\Windows\SYSTEM32\WINMM.dll
0x00007ffb1b800000 - 0x00007ffb1b80a000 	C:\Windows\SYSTEM32\VERSION.dll
0x00007ffb200d0000 - 0x00007ffb200d7000 	C:\Windows\system32\PSAPI.DLL
0x00007ffb200e0000 - 0x00007ffb2013a000 	C:\Windows\system32\WS2_32.dll
0x00007ffb1b660000 - 0x00007ffb1b68a000 	C:\Windows\SYSTEM32\WINMMBASE.dll
0x00007ffb209d0000 - 0x00007ffb209d9000 	C:\Windows\system32\NSI.dll
0x00007ffb1dfc0000 - 0x00007ffb1e00f000 	C:\Windows\SYSTEM32\cfgmgr32.dll
0x00007ffb1c950000 - 0x00007ffb1c978000 	C:\Windows\SYSTEM32\DEVOBJ.dll
0x000000005ca10000 - 0x000000005ca1f000 	C:\Program Files\Java\jdk1.8.0_45\jre\bin\verify.dll
0x000000005c9e0000 - 0x000000005ca09000 	C:\Program Files\Java\jdk1.8.0_45\jre\bin\java.dll
0x000000005c8f0000 - 0x000000005c906000 	C:\Program Files\Java\jdk1.8.0_45\jre\bin\zip.dll

VM Arguments:
jvm_args: -Djava.awt.headless=true -Xmx1024M -Dfile.encoding=windows-1252 -Duser.country=US -Duser.language=en -Duser.variant 
java_command: com.android.dx.command.Main --dex --force-jumbo --num-threads=4 --multi-dex --output E:\Documents\GitHub\TutorApp\app\build\intermediates\transforms\dex\debug\folders\1000\10\com.android.support-support-v4-23.3.0_41bb9d06fb74bf460cd22a38207e163b7c491e84 E:\Documents\GitHub\TutorApp\app\build\intermediates\exploded-aar\com.android.support\support-v4\23.3.0\jars\classes.jar
java_class_path (initial): E:\AndroidSDK\SDK\build-tools\23.0.2\lib\dx.jar
Launcher Type: SUN_STANDARD

Environment Variables:
JAVA_HOME=C:\Program Files\Java\jdk1.8.0_45
PATH=C:\Python34\;C:\Python34\Scripts;C:\Perl64\site\bin;C:\Perl64\bin;C:\ProgramData\Oracle\Java\javapath;C:\Program Files (x86)\Intel\iCLS Client\;C:\Program Files\Intel\iCLS Client\;C:\Windows\system32;C:\Windows;C:\Windows\System32\Wbem;C:\Windows\System32\WindowsPowerShell\v1.0\;C:\Program Files (x86)\ATI Technologies\ATI.ACE\Core-Static;C:\Program Files (x86)\AMD\ATI.ACE\Core-Static;C:\Program Files\Intel\Intel(R) Management Engine Components\DAL;C:\Program Files (x86)\Intel\Intel(R) Management Engine Components\DAL;C:\Program Files\Intel\Intel(R) Management Engine Components\IPT;C:\Program Files (x86)\Intel\Intel(R) Management Engine Components\IPT;C:\Program Files (x86)\WinSCP\;C:\Program Files (x86)\Git\cmd;C:\Program Files (x86)\Livestreamer;C:\Program Files\Microsoft\Web Platform Installer\;C:\Program Files (x86)\Microsoft ASP.NET\ASP.NET Web Pages\v1.0\;C:\Program Files\Microsoft SQL Server\110\Tools\Binn\;C:\Qt\5.4\mingw491_32\bin;F:\Dwimperl\perl\bin;F:\Dwimperl\perl\site\bin;F:\Dwimperl\c\bin;C:\Program Files (x86)\Java\jre1.8.0_45\bin;C:\Program Files\Microsoft SQL Server\120\Tools\Binn\;C:\Program Files (x86)\Java\jdk1.7.0_55\bin;C:\Program Files (x86)\Java\jre1.8.0_45\bin;C:\Users\Jacob Romero\.dnx\bin;C:\Program Files\Microsoft DNX\Dnvm\;C:\Program Files (x86)\Skype\Phone\;C:\Program Files (x86)\NVIDIA Corporation\PhysX\Common;C:\Program Files (x86)\QuickTime\QTSystem\;C:\Windows\system32\config\systemprofile\.dnx\bin;C:\Program Files\Microsoft DNX\Dnvm\;C:\Program Files (x86)\Windows Kits\8.1\Windows Performance Toolkit\;C:\Program Files (x86)\Microsoft Emulator Manager\1.0\;C:\Program Files\Git\cmd;C:\Strawberry\c\bin;C:\Strawberry\perl\site\bin;C:\Strawberry\perl\bin;C:\Program Files\MySQL\mysql-connector-java-5.1.38;C:\Program Files\MongoDB\Server\3.2\bin;C:\Python27\;C:\Python27\Scripts;
USERNAME=Jacob Romero
OS=Windows_NT
PROCESSOR_IDENTIFIER=Intel64 Family 6 Model 60 Stepping 3, GenuineIntel



---------------  S Y S T E M  ---------------

OS: Windows 8.1 , 64 bit Build 9600 (6.3.9600.17415)

CPU:total 8 (4 cores per cpu, 2 threads per core) family 6 model 60 stepping 3, cmov, cx8, fxsr, mmx, sse, sse2, sse3, ssse3, sse4.1, sse4.2, popcnt, avx, avx2, aes, clmul, erms, lzcnt, ht, tsc, tscinvbit, bmi1, bmi2

Memory: 4k page, physical 8335448k(772680k free), swap 11481176k(5152k free)

vm_info: Java HotSpot(TM) 64-Bit Server VM (25.45-b02) for windows-amd64 JRE (1.8.0_45-b15), built on Apr 30 2015 12:40:44 by "java_re" with MS VC++ 10.0 (VS2010)

time: Sun Jun 05 05:41:58 2016
elapsed time: 1 seconds (0d 0h 0m 1s)

