#
# There is insufficient memory for the Java Runtime Environment to continue.
# Native memory allocation (malloc) failed to allocate 415056 bytes for Chunk::new
# Possible reasons:
#   The system is out of physical RAM or swap space
#   In 32 bit mode, the process size limit was hit
# Possible solutions:
#   Reduce memory load on the system
#   Increase physical memory or swap space
#   Check if swap backing store is full
#   Use 64 bit Java on a 64 bit OS
#   Decrease Java heap size (-Xmx/-Xms)
#   Decrease number of Java threads
#   Decrease Java thread stack sizes (-Xss)
#   Set larger code cache with -XX:ReservedCodeCacheSize=
# This output file may be truncated or incomplete.
#
#  Out of Memory Error (allocation.cpp:390), pid=7432, tid=1236
#
# JRE version: Java(TM) SE Runtime Environment (8.0_45-b15) (build 1.8.0_45-b15)
# Java VM: Java HotSpot(TM) 64-Bit Server VM (25.45-b02 mixed mode windows-amd64 compressed oops)
# Failed to write core dump. Minidumps are not enabled by default on client versions of Windows
#

---------------  T H R E A D  ---------------

Current thread (0x00000000172b1800):  JavaThread "C2 CompilerThread1" daemon [_thread_in_native, id=1236, stack(0x0000000017930000,0x0000000017a30000)]

Stack: [0x0000000017930000,0x0000000017a30000]
Native frames: (J=compiled Java code, j=interpreted, Vv=VM code, C=native code)
V  [jvm.dll+0x32b57a]


Current CompileTask:
C2:   1116  934       4       com.android.dx.ssa.back.LivenessAnalyzer::handleTailRecursion (94 bytes)


---------------  P R O C E S S  ---------------

Java Threads: ( => current thread )
  0x0000000017586800 JavaThread "pool-2-thread-4" [_thread_in_Java, id=6988, stack(0x0000000018a30000,0x0000000018b30000)]
  0x000000001758b800 JavaThread "pool-2-thread-3" [_thread_in_Java, id=7068, stack(0x0000000018930000,0x0000000018a30000)]
  0x000000001757d800 JavaThread "pool-2-thread-2" [_thread_in_vm, id=4460, stack(0x0000000018830000,0x0000000018930000)]
  0x000000001756c800 JavaThread "pool-3-thread-1" [_thread_blocked, id=10124, stack(0x0000000018730000,0x0000000018830000)]
  0x0000000017556000 JavaThread "pool-2-thread-1" [_thread_blocked, id=4264, stack(0x0000000018630000,0x0000000018730000)]
  0x00000000172c6000 JavaThread "Service Thread" daemon [_thread_blocked, id=9724, stack(0x0000000017c30000,0x0000000017d30000)]
  0x00000000172bd800 JavaThread "C1 CompilerThread3" daemon [_thread_in_vm, id=4672, stack(0x0000000017b30000,0x0000000017c30000)]
  0x00000000172bb000 JavaThread "C2 CompilerThread2" daemon [_thread_in_native, id=6292, stack(0x0000000017a30000,0x0000000017b30000)]
=>0x00000000172b1800 JavaThread "C2 CompilerThread1" daemon [_thread_in_native, id=1236, stack(0x0000000017930000,0x0000000017a30000)]
  0x0000000017258000 JavaThread "C2 CompilerThread0" daemon [_thread_blocked, id=8132, stack(0x0000000017830000,0x0000000017930000)]
  0x0000000017256800 JavaThread "Attach Listener" daemon [_thread_blocked, id=7456, stack(0x0000000017730000,0x0000000017830000)]
  0x0000000017255800 JavaThread "Signal Dispatcher" daemon [_thread_blocked, id=8372, stack(0x0000000017630000,0x0000000017730000)]
  0x000000000272a800 JavaThread "Finalizer" daemon [_thread_blocked, id=8808, stack(0x0000000017130000,0x0000000017230000)]
  0x000000001524d800 JavaThread "Reference Handler" daemon [_thread_blocked, id=10104, stack(0x0000000017030000,0x0000000017130000)]
  0x000000000262e800 JavaThread "main" [_thread_in_Java, id=3668, stack(0x0000000002450000,0x0000000002550000)]

Other Threads:
  0x0000000015249000 VMThread [stack: 0x0000000016f30000,0x0000000017030000] [id=6300]
  0x00000000172c6800 WatcherThread [stack: 0x0000000017d30000,0x0000000017e30000] [id=8636]

VM state:not at safepoint (normal execution)

VM Mutex/Monitor currently owned by a thread:  ([mutex/lock_event])
[0x0000000002631b50] CompiledIC_lock - owner thread: 0x00000000172bd800

Heap:
 PSYoungGen      total 38400K, used 21535K [0x00000000eab00000, 0x00000000ed580000, 0x0000000100000000)
  eden space 33280K, 64% used [0x00000000eab00000,0x00000000ec007f10,0x00000000ecb80000)
  from space 5120K, 0% used [0x00000000ed080000,0x00000000ed080000,0x00000000ed580000)
  to   space 5120K, 0% used [0x00000000ecb80000,0x00000000ecb80000,0x00000000ed080000)
 ParOldGen       total 87552K, used 0K [0x00000000c0000000, 0x00000000c5580000, 0x00000000eab00000)
  object space 87552K, 0% used [0x00000000c0000000,0x00000000c0000000,0x00000000c5580000)
 Metaspace       used 5766K, capacity 6768K, committed 7040K, reserved 1056768K
  class space    used 588K, capacity 616K, committed 640K, reserved 1048576K

Card table byte_map: [0x0000000011af0000,0x0000000011d00000] byte_map_base: 0x00000000114f0000

Marking Bits: (ParMarkBitMap*) 0x000000005c1c4040
 Begin Bits: [0x0000000012660000, 0x0000000013660000)
 End Bits:   [0x0000000013660000, 0x0000000014660000)

Polling page: 0x0000000000bd0000

CodeCache: size=245760Kb used=3683Kb max_used=3695Kb free=242076Kb
 bounds [0x0000000002730000, 0x0000000002ad0000, 0x0000000011730000]
 total_blobs=1193 nmethods=923 adapters=182
 compilation: disabled (not enough contiguous free space left)

Compilation events (10 events):
Event: 1.111 Thread 0x0000000017258000 nmethod 955 0x0000000002aa7990 code [0x0000000002aa7ae0, 0x0000000002aa7c68]
Event: 1.111 Thread 0x0000000017258000  957       4       java.util.Collections$UnmodifiableCollection$1::hasNext (10 bytes)
Event: 1.112 Thread 0x0000000017258000 nmethod 957 0x0000000002aa7dd0 code [0x0000000002aa7f20, 0x0000000002aa7ff8]
Event: 1.113 Thread 0x0000000017258000  963       4       java.util.BitSet::cardinality (32 bytes)
Event: 1.113 Thread 0x0000000017258000 nmethod 963 0x0000000002aa8110 code [0x0000000002aa8240, 0x0000000002aa82f8]
Event: 1.113 Thread 0x0000000017258000  964  s    4       java.util.Vector::elementAt (48 bytes)
Event: 1.114 Thread 0x00000000172bd800 nmethod 951 0x0000000002aa8390 code [0x0000000002aa95e0, 0x0000000002ab8408]
Event: 1.114 Thread 0x00000000172bd800  953       3       com.android.dx.cf.code.ValueAwareMachine::run (1142 bytes)
Event: 1.115 Thread 0x0000000017258000 nmethod 964 0x0000000002aa41d0 code [0x0000000002aa4320, 0x0000000002aa4598]
Event: 1.115 Thread 0x0000000017258000  967       4       com.android.dx.util.Bits::findFirst (61 bytes)

GC Heap History (0 events):
No events

Deoptimization events (4 events):
Event: 0.901 Thread 0x0000000017586800 Uncommon trap: reason=unstable_if action=reinterpret pc=0x000000000296801c method=java.util.HashMap.getNode(ILjava/lang/Object;)Ljava/util/HashMap$Node; @ 62
Event: 0.948 Thread 0x000000000262e800 Uncommon trap: reason=unstable_if action=reinterpret pc=0x00000000029c4f7c method=java.util.HashMap.getNode(ILjava/lang/Object;)Ljava/util/HashMap$Node; @ 129
Event: 0.967 Thread 0x0000000017586800 Uncommon trap: reason=unstable_if action=reinterpret pc=0x00000000029abb30 method=java.util.BitSet.nextSetBit(I)I @ 87
Event: 0.967 Thread 0x0000000017586800 Uncommon trap: reason=unstable_if action=reinterpret pc=0x00000000029a9db8 method=java.util.BitSet.ensureCapacity(I)V @ 6

Internal exceptions (2 events):
Event: 0.068 Thread 0x000000000262e800 Exception <a 'java/lang/NoSuchMethodError': Method sun.misc.Unsafe.defineClass(Ljava/lang/String;[BII)Ljava/lang/Class; name or signature does not match> (0x00000000eab0dee0) thrown at [C:\re\workspace\8-2-build-windows-amd64-cygwin\jdk8u45\3627\hotspot\sr½¢#8…±?
Event: 0.068 Thread 0x000000000262e800 Exception <a 'java/lang/NoSuchMethodError': Method sun.misc.Unsafe.prefetchRead(Ljava/lang/Object;J)V name or signature does not match> (0x00000000eab0e170) thrown at [C:\re\workspace\8-2-build-windows-amd64-cygwin\jdk8u45\3627\hotspot\src\share\vm\prims\j

Events (10 events):
Event: 0.967 Thread 0x0000000017586800 Uncommon trap: trap_request=0xffffff65 fr.pc=0x00000000029abb30
Event: 0.967 Thread 0x0000000017586800 DEOPT PACKING pc=0x00000000029abb30 sp=0x0000000018b2eb70
Event: 0.967 Thread 0x0000000017586800 DEOPT UNPACKING pc=0x000000000277582a sp=0x0000000018b2eb08 mode 2
Event: 0.967 Thread 0x0000000017586800 Uncommon trap: trap_request=0xffffff65 fr.pc=0x00000000029a9db8
Event: 0.967 Thread 0x0000000017586800 DEOPT PACKING pc=0x00000000029a9db8 sp=0x0000000018b2eb40
Event: 0.967 Thread 0x0000000017586800 DEOPT UNPACKING pc=0x000000000277582a sp=0x0000000018b2ea28 mode 2
Event: 1.009 Executing VM operation: ForceSafepoint
Event: 1.040 Executing VM operation: ForceSafepoint done
Event: 1.092 loading class java/util/DualPivotQuicksort
Event: 1.093 loading class java/util/DualPivotQuicksort done


Dynamic libraries:
0x00007ff7cebb0000 - 0x00007ff7cebe7000 	C:\Program Files\Java\jdk1.8.0_45\bin\java.exe
0x00007ffb209e0000 - 0x00007ffb20b8d000 	C:\Windows\SYSTEM32\ntdll.dll
0x00007ffb1ff90000 - 0x00007ffb200ce000 	C:\Windows\system32\KERNEL32.DLL
0x00007ffb1dbe0000 - 0x00007ffb1dcf5000 	C:\Windows\system32\KERNELBASE.dll
0x00007ffb1c6e0000 - 0x00007ffb1c76e000 	C:\Windows\system32\apphelp.dll
0x00007ffb096a0000 - 0x00007ffb096f3000 	C:\Windows\AppPatch\AppPatch64\AcGenral.DLL
0x00007ffb1e070000 - 0x00007ffb1e11a000 	C:\Windows\system32\msvcrt.dll
0x00007ffb1df90000 - 0x00007ffb1dfbe000 	C:\Windows\system32\SspiCli.dll
0x00007ffb20140000 - 0x00007ffb20194000 	C:\Windows\system32\SHLWAPI.dll
0x00007ffb1fe10000 - 0x00007ffb1ff87000 	C:\Windows\system32\USER32.dll
0x00007ffb1fa90000 - 0x00007ffb1fc24000 	C:\Windows\system32\ole32.dll
0x00007ffb1e4a0000 - 0x00007ffb1f9cb000 	C:\Windows\system32\SHELL32.dll
0x00007ffb1d160000 - 0x00007ffb1d181000 	C:\Windows\SYSTEM32\USERENV.dll
0x00007ffb201a0000 - 0x00007ffb2024a000 	C:\Windows\system32\ADVAPI32.dll
0x00007ffb0aa80000 - 0x00007ffb0aa9e000 	C:\Windows\SYSTEM32\MPR.dll
0x00007ffb20390000 - 0x00007ffb204d0000 	C:\Windows\system32\RPCRT4.dll
0x00007ffb20910000 - 0x00007ffb20969000 	C:\Windows\SYSTEM32\sechost.dll
0x00007ffb1e120000 - 0x00007ffb1e331000 	C:\Windows\SYSTEM32\combase.dll
0x00007ffb1e340000 - 0x00007ffb1e490000 	C:\Windows\system32\GDI32.dll
0x00007ffb1db10000 - 0x00007ffb1db25000 	C:\Windows\SYSTEM32\profapi.dll
0x00007ffb1c090000 - 0x00007ffb1c142000 	C:\Windows\SYSTEM32\SHCORE.dll
0x00007ffb205b0000 - 0x00007ffb205e6000 	C:\Windows\system32\IMM32.DLL
0x00007ffb207b0000 - 0x00007ffb20901000 	C:\Windows\system32\MSCTF.dll
0x00007ffb1b810000 - 0x00007ffb1ba8a000 	C:\Windows\WinSxS\amd64_microsoft.windows.common-controls_6595b64144ccf1df_6.0.9600.17810_none_6240b9c7ecbd0bda\COMCTL32.dll
0x000000005ac00000 - 0x000000005acd2000 	C:\Program Files\Java\jdk1.8.0_45\jre\bin\msvcr100.dll
0x000000005b9c0000 - 0x000000005c243000 	C:\Program Files\Java\jdk1.8.0_45\jre\bin\server\jvm.dll
0x00007ffb16790000 - 0x00007ffb16799000 	C:\Windows\SYSTEM32\WSOCK32.dll
0x00007ffb1b700000 - 0x00007ffb1b722000 	C:\Windows\SYSTEM32\WINMM.dll
0x00007ffb1b800000 - 0x00007ffb1b80a000 	C:\Windows\SYSTEM32\VERSION.dll
0x00007ffb200d0000 - 0x00007ffb200d7000 	C:\Windows\system32\PSAPI.DLL
0x00007ffb200e0000 - 0x00007ffb2013a000 	C:\Windows\system32\WS2_32.dll
0x00007ffb1b660000 - 0x00007ffb1b68a000 	C:\Windows\SYSTEM32\WINMMBASE.dll
0x00007ffb209d0000 - 0x00007ffb209d9000 	C:\Windows\system32\NSI.dll
0x00007ffb1dfc0000 - 0x00007ffb1e00f000 	C:\Windows\SYSTEM32\cfgmgr32.dll
0x00007ffb1c950000 - 0x00007ffb1c978000 	C:\Windows\SYSTEM32\DEVOBJ.dll
0x000000005ca10000 - 0x000000005ca1f000 	C:\Program Files\Java\jdk1.8.0_45\jre\bin\verify.dll
0x000000005c9e0000 - 0x000000005ca09000 	C:\Program Files\Java\jdk1.8.0_45\jre\bin\java.dll
0x000000005c8f0000 - 0x000000005c906000 	C:\Program Files\Java\jdk1.8.0_45\jre\bin\zip.dll

VM Arguments:
jvm_args: -Djava.awt.headless=true -Xmx1024M -Dfile.encoding=windows-1252 -Duser.country=US -Duser.language=en -Duser.variant 
java_command: com.android.dx.command.Main --dex --force-jumbo --num-threads=4 --multi-dex --output E:\Documents\GitHub\TutorApp\app\build\intermediates\transforms\dex\debug\folders\1000\2\mariadb-java-client-1.4.4_cb40ceac2e46f06685d954e556d1466b95c3d82b E:\Documents\GitHub\TutorApp\libs\mariadb-java-client-1.4.4.jar
java_class_path (initial): E:\AndroidSDK\SDK\build-tools\23.0.2\lib\dx.jar
Launcher Type: SUN_STANDARD

Environment Variables:
JAVA_HOME=C:\Program Files\Java\jdk1.8.0_45
PATH=C:\Python34\;C:\Python34\Scripts;C:\Perl64\site\bin;C:\Perl64\bin;C:\ProgramData\Oracle\Java\javapath;C:\Program Files (x86)\Intel\iCLS Client\;C:\Program Files\Intel\iCLS Client\;C:\Windows\system32;C:\Windows;C:\Windows\System32\Wbem;C:\Windows\System32\WindowsPowerShell\v1.0\;C:\Program Files (x86)\ATI Technologies\ATI.ACE\Core-Static;C:\Program Files (x86)\AMD\ATI.ACE\Core-Static;C:\Program Files\Intel\Intel(R) Management Engine Components\DAL;C:\Program Files (x86)\Intel\Intel(R) Management Engine Components\DAL;C:\Program Files\Intel\Intel(R) Management Engine Components\IPT;C:\Program Files (x86)\Intel\Intel(R) Management Engine Components\IPT;C:\Program Files (x86)\WinSCP\;C:\Program Files (x86)\Git\cmd;C:\Program Files (x86)\Livestreamer;C:\Program Files\Microsoft\Web Platform Installer\;C:\Program Files (x86)\Microsoft ASP.NET\ASP.NET Web Pages\v1.0\;C:\Program Files\Microsoft SQL Server\110\Tools\Binn\;C:\Qt\5.4\mingw491_32\bin;F:\Dwimperl\perl\bin;F:\Dwimperl\perl\site\bin;F:\Dwimperl\c\bin;C:\Program Files (x86)\Java\jre1.8.0_45\bin;C:\Program Files\Microsoft SQL Server\120\Tools\Binn\;C:\Program Files (x86)\Java\jdk1.7.0_55\bin;C:\Program Files (x86)\Java\jre1.8.0_45\bin;C:\Users\Jacob Romero\.dnx\bin;C:\Program Files\Microsoft DNX\Dnvm\;C:\Program Files (x86)\Skype\Phone\;C:\Program Files (x86)\NVIDIA Corporation\PhysX\Common;C:\Program Files (x86)\QuickTime\QTSystem\;C:\Windows\system32\config\systemprofile\.dnx\bin;C:\Program Files\Microsoft DNX\Dnvm\;C:\Program Files (x86)\Windows Kits\8.1\Windows Performance Toolkit\;C:\Program Files (x86)\Microsoft Emulator Manager\1.0\;C:\Program Files\Git\cmd;C:\Strawberry\c\bin;C:\Strawberry\perl\site\bin;C:\Strawberry\perl\bin;C:\Program Files\MySQL\mysql-connector-java-5.1.38;C:\Program Files\MongoDB\Server\3.2\bin;C:\Python27\;C:\Python27\Scripts;
USERNAME=Jacob Romero
OS=Windows_NT
PROCESSOR_IDENTIFIER=Intel64 Family 6 Model 60 Stepping 3, GenuineIntel



---------------  S Y S T E M  ---------------

OS: Windows 8.1 , 64 bit Build 9600 (6.3.9600.17415)

CPU:total 8 (4 cores per cpu, 2 threads per core) family 6 model 60 stepping 3, cmov, cx8, fxsr, mmx, sse, sse2, sse3, ssse3, sse4.1, sse4.2, popcnt, avx, avx2, aes, clmul, erms, lzcnt, ht, tsc, tscinvbit, bmi1, bmi2

Memory: 4k page, physical 8335448k(784740k free), swap 11481176k(5104k free)

vm_info: Java HotSpot(TM) 64-Bit Server VM (25.45-b02) for windows-amd64 JRE (1.8.0_45-b15), built on Apr 30 2015 12:40:44 by "java_re" with MS VC++ 10.0 (VS2010)

time: Sun Jun 05 05:41:58 2016
elapsed time: 1 seconds (0d 0h 0m 1s)

