#
# There is insufficient memory for the Java Runtime Environment to continue.
# Native memory allocation (malloc) failed to allocate 661136 bytes for Chunk::new
# Possible reasons:
#   The system is out of physical RAM or swap space
#   In 32 bit mode, the process size limit was hit
# Possible solutions:
#   Reduce memory load on the system
#   Increase physical memory or swap space
#   Check if swap backing store is full
#   Use 64 bit Java on a 64 bit OS
#   Decrease Java heap size (-Xmx/-Xms)
#   Decrease number of Java threads
#   Decrease Java thread stack sizes (-Xss)
#   Set larger code cache with -XX:ReservedCodeCacheSize=
# This output file may be truncated or incomplete.
#
#  Out of Memory Error (allocation.cpp:390), pid=5556, tid=7700
#
# JRE version: Java(TM) SE Runtime Environment (8.0_45-b15) (build 1.8.0_45-b15)
# Java VM: Java HotSpot(TM) 64-Bit Server VM (25.45-b02 mixed mode windows-amd64 compressed oops)
# Failed to write core dump. Minidumps are not enabled by default on client versions of Windows
#

---------------  T H R E A D  ---------------

Current thread (0x0000000017677000):  JavaThread "C2 CompilerThread0" daemon [_thread_in_native, id=7700, stack(0x0000000017c50000,0x0000000017d50000)]

Stack: [0x0000000017c50000,0x0000000017d50000]
Native frames: (J=compiled Java code, j=interpreted, Vv=VM code, C=native code)
V  [jvm.dll+0x32b57a]


Current CompileTask:
C2:   4119 1986       4       com.android.dx.ssa.SCCP::run (298 bytes)


---------------  P R O C E S S  ---------------

Java Threads: ( => current thread )
  0x0000000017a22000 JavaThread "pool-2-thread-4" [_thread_blocked, id=3088, stack(0x0000000018e50000,0x0000000018f50000)]
  0x00000000179b1000 JavaThread "pool-2-thread-3" [_thread_in_Java, id=6744, stack(0x0000000018d50000,0x0000000018e50000)]
  0x00000000179ae800 JavaThread "pool-2-thread-2" [_thread_blocked, id=6856, stack(0x0000000018c50000,0x0000000018d50000)]
  0x00000000179ad800 JavaThread "pool-3-thread-1" [_thread_blocked, id=3000, stack(0x0000000018b50000,0x0000000018c50000)]
  0x00000000179a7800 JavaThread "pool-2-thread-1" [_thread_blocked, id=6832, stack(0x0000000018a50000,0x0000000018b50000)]
  0x0000000017709000 JavaThread "Service Thread" daemon [_thread_blocked, id=4344, stack(0x0000000018050000,0x0000000018150000)]
  0x00000000176e8800 JavaThread "C1 CompilerThread3" daemon [_thread_blocked, id=8416, stack(0x0000000017f50000,0x0000000018050000)]
  0x00000000176da000 JavaThread "C2 CompilerThread2" daemon [_thread_in_native, id=9324, stack(0x0000000017e50000,0x0000000017f50000)]
  0x00000000176c9000 JavaThread "C2 CompilerThread1" daemon [_thread_in_native, id=3136, stack(0x0000000017d50000,0x0000000017e50000)]
=>0x0000000017677000 JavaThread "C2 CompilerThread0" daemon [_thread_in_native, id=7700, stack(0x0000000017c50000,0x0000000017d50000)]
  0x0000000017675800 JavaThread "Attach Listener" daemon [_thread_blocked, id=10104, stack(0x0000000017b50000,0x0000000017c50000)]
  0x0000000017674800 JavaThread "Signal Dispatcher" daemon [_thread_blocked, id=3352, stack(0x0000000017a50000,0x0000000017b50000)]
  0x0000000002b59800 JavaThread "Finalizer" daemon [_thread_blocked, id=8372, stack(0x0000000017550000,0x0000000017650000)]
  0x000000001567d800 JavaThread "Reference Handler" daemon [_thread_blocked, id=7172, stack(0x0000000017450000,0x0000000017550000)]
  0x0000000002a5e800 JavaThread "main" [_thread_blocked, id=7704, stack(0x0000000002900000,0x0000000002a00000)]

Other Threads:
  0x0000000015679000 VMThread [stack: 0x0000000017350000,0x0000000017450000] [id=3044]
  0x000000001770a000 WatcherThread [stack: 0x0000000018150000,0x0000000018250000] [id=9780]

VM state:not at safepoint (normal execution)

VM Mutex/Monitor currently owned by a thread: None

Heap:
 PSYoungGen      total 71680K, used 54624K [0x00000000eab00000, 0x00000000f3700000, 0x0000000100000000)
  eden space 66560K, 74% used [0x00000000eab00000,0x00000000edb5b810,0x00000000eec00000)
  from space 5120K, 99% used [0x00000000eec00000,0x00000000ef0fcb60,0x00000000ef100000)
  to   space 5120K, 0% used [0x00000000f3200000,0x00000000f3200000,0x00000000f3700000)
 ParOldGen       total 87552K, used 14909K [0x00000000c0000000, 0x00000000c5580000, 0x00000000eab00000)
  object space 87552K, 17% used [0x00000000c0000000,0x00000000c0e8f6f8,0x00000000c5580000)
 Metaspace       used 6351K, capacity 7192K, committed 7424K, reserved 1056768K
  class space    used 614K, capacity 656K, committed 768K, reserved 1048576K

Card table byte_map: [0x0000000011f20000,0x0000000012130000] byte_map_base: 0x0000000011920000

Marking Bits: (ParMarkBitMap*) 0x000000005c1c4040
 Begin Bits: [0x0000000012a90000, 0x0000000013a90000)
 End Bits:   [0x0000000013a90000, 0x0000000014a90000)

Polling page: 0x0000000000f70000

CodeCache: size=245760Kb used=8605Kb max_used=8622Kb free=237154Kb
 bounds [0x0000000002b60000, 0x00000000033e0000, 0x0000000011b60000]
 total_blobs=2170 nmethods=1900 adapters=182
 compilation: enabled

Compilation events (10 events):
Event: 3.913 Thread 0x00000000176e8800 1978       3       com.android.dx.cf.code.Ropper$CatchInfo::getSetup (53 bytes)
Event: 3.914 Thread 0x00000000176e8800 nmethod 1978 0x000000000338ddd0 code [0x000000000338dfa0, 0x000000000338e688]
Event: 3.917 Thread 0x0000000017677000 nmethod 1965 0x000000000338b690 code [0x000000000338b960, 0x000000000338c110]
Event: 3.917 Thread 0x0000000017677000 1967 %     4       com.android.dx.ssa.Dominators::run @ 137 (506 bytes)
Event: 3.919 Thread 0x00000000176e8800 1989       2       com.android.dx.ssa.back.IdenticalBlockCombiner::replaceSucc (83 bytes)
Event: 3.920 Thread 0x00000000176e8800 nmethod 1989 0x000000000338d5d0 code [0x000000000338d780, 0x000000000338dad8]
Event: 3.922 Thread 0x00000000176e8800 1993       2       com.android.dx.rop.code.BasicBlockList::preferredSuccessorOf (77 bytes)
Event: 3.923 Thread 0x00000000176e8800 nmethod 1993 0x00000000033a6150 code [0x00000000033a62e0, 0x00000000033a6548]
Event: 3.949 Thread 0x0000000017677000 nmethod 1967% 0x00000000033cdbd0 code [0x00000000033cde20, 0x00000000033cf5d8]
Event: 3.949 Thread 0x0000000017677000 1986       4       com.android.dx.ssa.SCCP::run (298 bytes)

GC Heap History (6 events):
Event: 1.019 GC heap before
{Heap before GC invocations=1 (full 0):
 PSYoungGen      total 38400K, used 33280K [0x00000000eab00000, 0x00000000ed580000, 0x0000000100000000)
  eden space 33280K, 100% used [0x00000000eab00000,0x00000000ecb80000,0x00000000ecb80000)
  from space 5120K, 0% used [0x00000000ed080000,0x00000000ed080000,0x00000000ed580000)
  to   space 5120K, 0% used [0x00000000ecb80000,0x00000000ecb80000,0x00000000ed080000)
 ParOldGen       total 87552K, used 0K [0x00000000c0000000, 0x00000000c5580000, 0x00000000eab00000)
  object space 87552K, 0% used [0x00000000c0000000,0x00000000c0000000,0x00000000c5580000)
 Metaspace       used 5921K, capacity 6896K, committed 7040K, reserved 1056768K
  class space    used 592K, capacity 616K, committed 640K, reserved 1048576K
Event: 1.101 GC heap after
Heap after GC invocations=1 (full 0):
 PSYoungGen      total 38400K, used 5088K [0x00000000eab00000, 0x00000000ef600000, 0x0000000100000000)
  eden space 33280K, 0% used [0x00000000eab00000,0x00000000eab00000,0x00000000ecb80000)
  from space 5120K, 99% used [0x00000000ecb80000,0x00000000ed0783a0,0x00000000ed080000)
  to   space 5120K, 0% used [0x00000000ef100000,0x00000000ef100000,0x00000000ef600000)
 ParOldGen       total 87552K, used 881K [0x00000000c0000000, 0x00000000c5580000, 0x00000000eab00000)
  object space 87552K, 1% used [0x00000000c0000000,0x00000000c00dc588,0x00000000c5580000)
 Metaspace       used 5921K, capacity 6896K, committed 7040K, reserved 1056768K
  class space    used 592K, capacity 616K, committed 640K, reserved 1048576K
}
Event: 1.475 GC heap before
{Heap before GC invocations=2 (full 0):
 PSYoungGen      total 38400K, used 38368K [0x00000000eab00000, 0x00000000ef600000, 0x0000000100000000)
  eden space 33280K, 100% used [0x00000000eab00000,0x00000000ecb80000,0x00000000ecb80000)
  from space 5120K, 99% used [0x00000000ecb80000,0x00000000ed0783a0,0x00000000ed080000)
  to   space 5120K, 0% used [0x00000000ef100000,0x00000000ef100000,0x00000000ef600000)
 ParOldGen       total 87552K, used 881K [0x00000000c0000000, 0x00000000c5580000, 0x00000000eab00000)
  object space 87552K, 1% used [0x00000000c0000000,0x00000000c00dc588,0x00000000c5580000)
 Metaspace       used 6145K, capacity 7088K, committed 7296K, reserved 1056768K
  class space    used 592K, capacity 616K, committed 640K, reserved 1048576K
Event: 1.561 GC heap after
Heap after GC invocations=2 (full 0):
 PSYoungGen      total 71680K, used 5109K [0x00000000eab00000, 0x00000000ef600000, 0x0000000100000000)
  eden space 66560K, 0% used [0x00000000eab00000,0x00000000eab00000,0x00000000eec00000)
  from space 5120K, 99% used [0x00000000ef100000,0x00000000ef5fd4e8,0x00000000ef600000)
  to   space 5120K, 0% used [0x00000000eec00000,0x00000000eec00000,0x00000000ef100000)
 ParOldGen       total 87552K, used 4822K [0x00000000c0000000, 0x00000000c5580000, 0x00000000eab00000)
  object space 87552K, 5% used [0x00000000c0000000,0x00000000c04b5a80,0x00000000c5580000)
 Metaspace       used 6145K, capacity 7088K, committed 7296K, reserved 1056768K
  class space    used 592K, capacity 616K, committed 640K, reserved 1048576K
}
Event: 1.969 GC heap before
{Heap before GC invocations=3 (full 0):
 PSYoungGen      total 71680K, used 71669K [0x00000000eab00000, 0x00000000ef600000, 0x0000000100000000)
  eden space 66560K, 100% used [0x00000000eab00000,0x00000000eec00000,0x00000000eec00000)
  from space 5120K, 99% used [0x00000000ef100000,0x00000000ef5fd4e8,0x00000000ef600000)
  to   space 5120K, 0% used [0x00000000eec00000,0x00000000eec00000,0x00000000ef100000)
 ParOldGen       total 87552K, used 4822K [0x00000000c0000000, 0x00000000c5580000, 0x00000000eab00000)
  object space 87552K, 5% used [0x00000000c0000000,0x00000000c04b5a80,0x00000000c5580000)
 Metaspace       used 6227K, capacity 7152K, committed 7296K, reserved 1056768K
  class space    used 593K, capacity 616K, committed 640K, reserved 1048576K
Event: 2.012 GC heap after
Heap after GC invocations=3 (full 0):
 PSYoungGen      total 71680K, used 5106K [0x00000000eab00000, 0x00000000f3700000, 0x0000000100000000)
  eden space 66560K, 0% used [0x00000000eab00000,0x00000000eab00000,0x00000000eec00000)
  from space 5120K, 99% used [0x00000000eec00000,0x00000000ef0fcb60,0x00000000ef100000)
  to   space 5120K, 0% used [0x00000000f3200000,0x00000000f3200000,0x00000000f3700000)
 ParOldGen       total 87552K, used 14909K [0x00000000c0000000, 0x00000000c5580000, 0x00000000eab00000)
  object space 87552K, 17% used [0x00000000c0000000,0x00000000c0e8f6f8,0x00000000c5580000)
 Metaspace       used 6227K, capacity 7152K, committed 7296K, reserved 1056768K
  class space    used 593K, capacity 616K, committed 640K, reserved 1048576K
}

Deoptimization events (10 events):
Event: 3.477 Thread 0x00000000179b1000 Uncommon trap: reason=unstable_if action=reinterpret pc=0x00000000032ed630 method=com.android.dx.ssa.InterferenceRegisterMapper.interferes(III)Z @ 69
Event: 3.478 Thread 0x00000000179b1000 Uncommon trap: reason=unstable_if action=reinterpret pc=0x0000000002f8e99c method=java.util.HashMap.putVal(ILjava/lang/Object;Ljava/lang/Object;ZZ)Ljava/lang/Object; @ 162
Event: 3.512 Thread 0x00000000179b1000 Uncommon trap: reason=unstable_if action=reinterpret pc=0x000000000302c8fc method=java.util.HashMap.getNode(ILjava/lang/Object;)Ljava/util/HashMap$Node; @ 84
Event: 3.512 Thread 0x00000000179b1000 Uncommon trap: reason=unstable_if action=reinterpret pc=0x0000000002dc73c4 method=java.util.HashMap.getNode(ILjava/lang/Object;)Ljava/util/HashMap$Node; @ 84
Event: 3.513 Thread 0x00000000179b1000 Uncommon trap: reason=unstable_if action=reinterpret pc=0x0000000002da0b98 method=java.util.HashMap.getNode(ILjava/lang/Object;)Ljava/util/HashMap$Node; @ 84
Event: 3.513 Thread 0x00000000179b1000 Uncommon trap: reason=unstable_if action=reinterpret pc=0x00000000030240ec method=java.util.HashMap.putVal(ILjava/lang/Object;Ljava/lang/Object;ZZ)Ljava/lang/Object; @ 109
Event: 3.515 Thread 0x00000000179b1000 Uncommon trap: reason=class_check action=maybe_recompile pc=0x000000000325e4bc method=com.android.dx.rop.code.RegisterSpec.withSimpleType()Lcom/android/dx/rop/code/RegisterSpec; @ 21
Event: 3.515 Thread 0x00000000179b1000 Uncommon trap: reason=class_check action=maybe_recompile pc=0x000000000325e4bc method=com.android.dx.rop.code.RegisterSpec.withSimpleType()Lcom/android/dx/rop/code/RegisterSpec; @ 21
Event: 3.911 Thread 0x00000000179b1000 Uncommon trap: reason=bimorphic action=maybe_recompile pc=0x00000000033c16a0 method=com.android.dx.rop.code.RegisterSpec.withSimpleType()Lcom/android/dx/rop/code/RegisterSpec; @ 21
Event: 3.922 Thread 0x00000000179b1000 Uncommon trap: reason=unstable_if action=reinterpret pc=0x00000000032d8c74 method=com.android.dx.rop.code.BasicBlockList.preferredSuccessorOf(Lcom/android/dx/rop/code/BasicBlock;)Lcom/android/dx/rop/code/BasicBlock; @ 58

Internal exceptions (6 events):
Event: 0.065 Thread 0x0000000002a5e800 Exception <a 'java/lang/NoSuchMethodError': Method sun.misc.Unsafe.defineClass(Ljava/lang/String;[BII)Ljava/lang/Class; name or signature does not match> (0x00000000eab0ddf8) thrown at [C:\re\workspace\8-2-build-windows-amd64-cygwin\jdk8u45\3627\hotspot\srç ˛ç∞?
Event: 0.065 Thread 0x0000000002a5e800 Exception <a 'java/lang/NoSuchMethodError': Method sun.misc.Unsafe.prefetchRead(Ljava/lang/Object;J)V name or signature does not match> (0x00000000eab0e088) thrown at [C:\re\workspace\8-2-build-windows-amd64-cygwin\jdk8u45\3627\hotspot\src\share\vm\prims\jfΩ9ÓjÎ?
Event: 0.857 Thread 0x00000000179b1000 Implicit null exception at 0x0000000002e52eec to 0x0000000002e55e49
Event: 3.483 Thread 0x00000000179b1000 Exception <a 'java/lang/ArrayIndexOutOfBoundsException': 18> (0x00000000ecf96710) thrown at [C:\re\workspace\8-2-build-windows-amd64-cygwin\jdk8u45\3627\hotspot\src\share\vm\interpreter\interpreterRuntime.cpp, line 366]
Event: 3.484 Thread 0x00000000179b1000 Exception <a 'java/lang/ArrayIndexOutOfBoundsException': 145> (0x00000000ecf981e0) thrown at [C:\re\workspace\8-2-build-windows-amd64-cygwin\jdk8u45\3627\hotspot\src\share\vm\interpreter\interpreterRuntime.cpp, line 366]
Event: 3.512 Thread 0x00000000179b1000 Exception <a 'java/lang/ArrayIndexOutOfBoundsException'> (0x00000000ecf99418) thrown at [C:\re\workspace\8-2-build-windows-amd64-cygwin\jdk8u45\3627\hotspot\src\share\vm\runtime\sharedRuntime.cpp, line 605]

Events (10 events):
Event: 3.515 Thread 0x00000000179b1000 DEOPT PACKING pc=0x000000000325e4bc sp=0x0000000018e4ebc0
Event: 3.515 Thread 0x00000000179b1000 DEOPT UNPACKING pc=0x0000000002ba582a sp=0x0000000018e4eb28 mode 2
Event: 3.531 Thread 0x00000000179b1000 DEOPT PACKING pc=0x0000000003018a90 sp=0x0000000018e4eb30
Event: 3.531 Thread 0x00000000179b1000 DEOPT UNPACKING pc=0x0000000002ba787f sp=0x0000000018e4e960 mode 0
Event: 3.911 Thread 0x00000000179b1000 Uncommon trap: trap_request=0xffffffc6 fr.pc=0x00000000033c16a0
Event: 3.911 Thread 0x00000000179b1000 DEOPT PACKING pc=0x00000000033c16a0 sp=0x0000000018e4ec50
Event: 3.911 Thread 0x00000000179b1000 DEOPT UNPACKING pc=0x0000000002ba582a sp=0x0000000018e4ebd8 mode 2
Event: 3.922 Thread 0x00000000179b1000 Uncommon trap: trap_request=0xffffff65 fr.pc=0x00000000032d8c74
Event: 3.922 Thread 0x00000000179b1000 DEOPT PACKING pc=0x00000000032d8c74 sp=0x0000000018e4ed70
Event: 3.922 Thread 0x00000000179b1000 DEOPT UNPACKING pc=0x0000000002ba582a sp=0x0000000018e4ecf8 mode 2


Dynamic libraries:
0x00007ff7cebb0000 - 0x00007ff7cebe7000 	C:\Program Files\Java\jdk1.8.0_45\bin\java.exe
0x00007ffb209e0000 - 0x00007ffb20b8d000 	C:\Windows\SYSTEM32\ntdll.dll
0x00007ffb1ff90000 - 0x00007ffb200ce000 	C:\Windows\system32\KERNEL32.DLL
0x00007ffb1dbe0000 - 0x00007ffb1dcf5000 	C:\Windows\system32\KERNELBASE.dll
0x00007ffb1c6e0000 - 0x00007ffb1c76e000 	C:\Windows\system32\apphelp.dll
0x00007ffb096a0000 - 0x00007ffb096f3000 	C:\Windows\AppPatch\AppPatch64\AcGenral.DLL
0x00007ffb1e070000 - 0x00007ffb1e11a000 	C:\Windows\system32\msvcrt.dll
0x00007ffb1df90000 - 0x00007ffb1dfbe000 	C:\Windows\system32\SspiCli.dll
0x00007ffb20140000 - 0x00007ffb20194000 	C:\Windows\system32\SHLWAPI.dll
0x00007ffb1fe10000 - 0x00007ffb1ff87000 	C:\Windows\system32\USER32.dll
0x00007ffb1fa90000 - 0x00007ffb1fc24000 	C:\Windows\system32\ole32.dll
0x00007ffb1e4a0000 - 0x00007ffb1f9cb000 	C:\Windows\system32\SHELL32.dll
0x00007ffb1d160000 - 0x00007ffb1d181000 	C:\Windows\SYSTEM32\USERENV.dll
0x00007ffb201a0000 - 0x00007ffb2024a000 	C:\Windows\system32\ADVAPI32.dll
0x00007ffb0aa80000 - 0x00007ffb0aa9e000 	C:\Windows\SYSTEM32\MPR.dll
0x00007ffb20390000 - 0x00007ffb204d0000 	C:\Windows\system32\RPCRT4.dll
0x00007ffb20910000 - 0x00007ffb20969000 	C:\Windows\SYSTEM32\sechost.dll
0x00007ffb1e120000 - 0x00007ffb1e331000 	C:\Windows\SYSTEM32\combase.dll
0x00007ffb1e340000 - 0x00007ffb1e490000 	C:\Windows\system32\GDI32.dll
0x00007ffb1db10000 - 0x00007ffb1db25000 	C:\Windows\SYSTEM32\profapi.dll
0x00007ffb1c090000 - 0x00007ffb1c142000 	C:\Windows\SYSTEM32\SHCORE.dll
0x00007ffb205b0000 - 0x00007ffb205e6000 	C:\Windows\system32\IMM32.DLL
0x00007ffb207b0000 - 0x00007ffb20901000 	C:\Windows\system32\MSCTF.dll
0x00007ffb1b810000 - 0x00007ffb1ba8a000 	C:\Windows\WinSxS\amd64_microsoft.windows.common-controls_6595b64144ccf1df_6.0.9600.17810_none_6240b9c7ecbd0bda\COMCTL32.dll
0x000000005ac00000 - 0x000000005acd2000 	C:\Program Files\Java\jdk1.8.0_45\jre\bin\msvcr100.dll
0x000000005b9c0000 - 0x000000005c243000 	C:\Program Files\Java\jdk1.8.0_45\jre\bin\server\jvm.dll
0x00007ffb16790000 - 0x00007ffb16799000 	C:\Windows\SYSTEM32\WSOCK32.dll
0x00007ffb1b700000 - 0x00007ffb1b722000 	C:\Windows\SYSTEM32\WINMM.dll
0x00007ffb1b800000 - 0x00007ffb1b80a000 	C:\Windows\SYSTEM32\VERSION.dll
0x00007ffb200d0000 - 0x00007ffb200d7000 	C:\Windows\system32\PSAPI.DLL
0x00007ffb200e0000 - 0x00007ffb2013a000 	C:\Windows\system32\WS2_32.dll
0x00007ffb1b660000 - 0x00007ffb1b68a000 	C:\Windows\SYSTEM32\WINMMBASE.dll
0x00007ffb209d0000 - 0x00007ffb209d9000 	C:\Windows\system32\NSI.dll
0x00007ffb1dfc0000 - 0x00007ffb1e00f000 	C:\Windows\SYSTEM32\cfgmgr32.dll
0x00007ffb1c950000 - 0x00007ffb1c978000 	C:\Windows\SYSTEM32\DEVOBJ.dll
0x000000005ca10000 - 0x000000005ca1f000 	C:\Program Files\Java\jdk1.8.0_45\jre\bin\verify.dll
0x000000005c9e0000 - 0x000000005ca09000 	C:\Program Files\Java\jdk1.8.0_45\jre\bin\java.dll
0x000000005c8f0000 - 0x000000005c906000 	C:\Program Files\Java\jdk1.8.0_45\jre\bin\zip.dll
0x00007ffb108b0000 - 0x00007ffb10a3a000 	C:\Windows\SYSTEM32\dbghelp.dll

VM Arguments:
jvm_args: -Djava.awt.headless=true -Xmx1024M -Dfile.encoding=windows-1252 -Duser.country=US -Duser.language=en -Duser.variant 
java_command: com.android.dx.command.Main --dex --force-jumbo --num-threads=4 --multi-dex --output E:\Documents\GitHub\TutorApp\app\build\intermediates\transforms\dex\debug\folders\1000\10\com.android.support-appcompat-v7-23.3.0_4fa74cd788dac1fae9e5da731a0e8a9e6cac15e7 E:\Documents\GitHub\TutorApp\app\build\intermediates\exploded-aar\com.android.support\appcompat-v7\23.3.0\jars\classes.jar
java_class_path (initial): E:\AndroidSDK\SDK\build-tools\23.0.2\lib\dx.jar
Launcher Type: SUN_STANDARD

Environment Variables:
JAVA_HOME=C:\Program Files\Java\jdk1.8.0_45
PATH=C:\Python34\;C:\Python34\Scripts;C:\Perl64\site\bin;C:\Perl64\bin;C:\ProgramData\Oracle\Java\javapath;C:\Program Files (x86)\Intel\iCLS Client\;C:\Program Files\Intel\iCLS Client\;C:\Windows\system32;C:\Windows;C:\Windows\System32\Wbem;C:\Windows\System32\WindowsPowerShell\v1.0\;C:\Program Files (x86)\ATI Technologies\ATI.ACE\Core-Static;C:\Program Files (x86)\AMD\ATI.ACE\Core-Static;C:\Program Files\Intel\Intel(R) Management Engine Components\DAL;C:\Program Files (x86)\Intel\Intel(R) Management Engine Components\DAL;C:\Program Files\Intel\Intel(R) Management Engine Components\IPT;C:\Program Files (x86)\Intel\Intel(R) Management Engine Components\IPT;C:\Program Files (x86)\WinSCP\;C:\Program Files (x86)\Git\cmd;C:\Program Files (x86)\Livestreamer;C:\Program Files\Microsoft\Web Platform Installer\;C:\Program Files (x86)\Microsoft ASP.NET\ASP.NET Web Pages\v1.0\;C:\Program Files\Microsoft SQL Server\110\Tools\Binn\;C:\Qt\5.4\mingw491_32\bin;F:\Dwimperl\perl\bin;F:\Dwimperl\perl\site\bin;F:\Dwimperl\c\bin;C:\Program Files (x86)\Java\jre1.8.0_45\bin;C:\Program Files\Microsoft SQL Server\120\Tools\Binn\;C:\Program Files (x86)\Java\jdk1.7.0_55\bin;C:\Program Files (x86)\Java\jre1.8.0_45\bin;C:\Users\Jacob Romero\.dnx\bin;C:\Program Files\Microsoft DNX\Dnvm\;C:\Program Files (x86)\Skype\Phone\;C:\Program Files (x86)\NVIDIA Corporation\PhysX\Common;C:\Program Files (x86)\QuickTime\QTSystem\;C:\Windows\system32\config\systemprofile\.dnx\bin;C:\Program Files\Microsoft DNX\Dnvm\;C:\Program Files (x86)\Windows Kits\8.1\Windows Performance Toolkit\;C:\Program Files (x86)\Microsoft Emulator Manager\1.0\;C:\Program Files\Git\cmd;C:\Strawberry\c\bin;C:\Strawberry\perl\site\bin;C:\Strawberry\perl\bin;C:\Program Files\MySQL\mysql-connector-java-5.1.38;C:\Program Files\MongoDB\Server\3.2\bin;C:\Python27\;C:\Python27\Scripts;
USERNAME=Jacob Romero
OS=Windows_NT
PROCESSOR_IDENTIFIER=Intel64 Family 6 Model 60 Stepping 3, GenuineIntel



---------------  S Y S T E M  ---------------

OS: Windows 8.1 , 64 bit Build 9600 (6.3.9600.17415)

CPU:total 8 (4 cores per cpu, 2 threads per core) family 6 model 60 stepping 3, cmov, cx8, fxsr, mmx, sse, sse2, sse3, ssse3, sse4.1, sse4.2, popcnt, avx, avx2, aes, clmul, erms, lzcnt, ht, tsc, tscinvbit, bmi1, bmi2

Memory: 4k page, physical 8335448k(718024k free), swap 11481176k(5064k free)

vm_info: Java HotSpot(TM) 64-Bit Server VM (25.45-b02) for windows-amd64 JRE (1.8.0_45-b15), built on Apr 30 2015 12:40:44 by "java_re" with MS VC++ 10.0 (VS2010)

time: Sun Jun 05 04:33:03 2016
elapsed time: 4 seconds (0d 0h 0m 4s)

