#
# There is insufficient memory for the Java Runtime Environment to continue.
# Native memory allocation (malloc) failed to allocate 1082736 bytes for Chunk::new
# Possible reasons:
#   The system is out of physical RAM or swap space
#   In 32 bit mode, the process size limit was hit
# Possible solutions:
#   Reduce memory load on the system
#   Increase physical memory or swap space
#   Check if swap backing store is full
#   Use 64 bit Java on a 64 bit OS
#   Decrease Java heap size (-Xmx/-Xms)
#   Decrease number of Java threads
#   Decrease Java thread stack sizes (-Xss)
#   Set larger code cache with -XX:ReservedCodeCacheSize=
# This output file may be truncated or incomplete.
#
#  Out of Memory Error (allocation.cpp:390), pid=9356, tid=9620
#
# JRE version: Java(TM) SE Runtime Environment (8.0_45-b15) (build 1.8.0_45-b15)
# Java VM: Java HotSpot(TM) 64-Bit Server VM (25.45-b02 mixed mode windows-amd64 compressed oops)
# Failed to write core dump. Minidumps are not enabled by default on client versions of Windows
#

---------------  T H R E A D  ---------------

Current thread (0x0000000016ba7000):  JavaThread "C2 CompilerThread0" daemon [_thread_in_native, id=9620, stack(0x0000000017180000,0x0000000017280000)]

Stack: [0x0000000017180000,0x0000000017280000]
Native frames: (J=compiled Java code, j=interpreted, Vv=VM code, C=native code)
V  [jvm.dll+0x32b57a]


Current CompileTask:
C2:   3399 1976       4       com.android.dx.ssa.LocalVariableExtractor::processBlock (383 bytes)


---------------  P R O C E S S  ---------------

Java Threads: ( => current thread )
  0x0000000016f0d000 JavaThread "pool-2-thread-4" [_thread_blocked, id=9060, stack(0x0000000018380000,0x0000000018480000)]
  0x0000000016f4d000 JavaThread "pool-2-thread-3" [_thread_blocked, id=8708, stack(0x0000000018280000,0x0000000018380000)]
  0x0000000016ef3800 JavaThread "pool-2-thread-2" [_thread_blocked, id=5200, stack(0x0000000018180000,0x0000000018280000)]
  0x0000000017787000 JavaThread "pool-3-thread-1" [_thread_blocked, id=7820, stack(0x0000000018080000,0x0000000018180000)]
  0x0000000017784800 JavaThread "pool-2-thread-1" [_thread_blocked, id=3668, stack(0x0000000017f80000,0x0000000018080000)]
  0x0000000016c15000 JavaThread "Service Thread" daemon [_thread_blocked, id=9852, stack(0x0000000017580000,0x0000000017680000)]
  0x0000000016c09800 JavaThread "C1 CompilerThread3" daemon [_thread_blocked, id=8424, stack(0x0000000017480000,0x0000000017580000)]
  0x0000000016c06800 JavaThread "C2 CompilerThread2" daemon [_thread_in_native, id=8312, stack(0x0000000017380000,0x0000000017480000)]
  0x0000000016c01000 JavaThread "C2 CompilerThread1" daemon [_thread_in_native, id=6356, stack(0x0000000017280000,0x0000000017380000)]
=>0x0000000016ba7000 JavaThread "C2 CompilerThread0" daemon [_thread_in_native, id=9620, stack(0x0000000017180000,0x0000000017280000)]
  0x0000000016ba5800 JavaThread "Attach Listener" daemon [_thread_blocked, id=7636, stack(0x0000000017080000,0x0000000017180000)]
  0x0000000016ba4800 JavaThread "Signal Dispatcher" daemon [_thread_blocked, id=3432, stack(0x0000000016f80000,0x0000000017080000)]
  0x0000000001fc9800 JavaThread "Finalizer" daemon [_thread_blocked, id=10132, stack(0x0000000016a80000,0x0000000016b80000)]
  0x0000000014b9d800 JavaThread "Reference Handler" daemon [_thread_blocked, id=9600, stack(0x0000000016980000,0x0000000016a80000)]
  0x000000000207e800 JavaThread "main" [_thread_blocked, id=1648, stack(0x0000000001db0000,0x0000000001eb0000)]

Other Threads:
  0x0000000014b99000 VMThread [stack: 0x0000000016880000,0x0000000016980000] [id=6272]
  0x0000000016c16000 WatcherThread [stack: 0x0000000017680000,0x0000000017780000] [id=8788]

VM state:not at safepoint (normal execution)

VM Mutex/Monitor currently owned by a thread: None

Heap:
 PSYoungGen      total 138240K, used 91828K [0x00000000eab00000, 0x00000000f3700000, 0x0000000100000000)
  eden space 133120K, 65% used [0x00000000eab00000,0x00000000effb0268,0x00000000f2d00000)
  from space 5120K, 99% used [0x00000000f3200000,0x00000000f36fce90,0x00000000f3700000)
  to   space 5120K, 0% used [0x00000000f2d00000,0x00000000f2d00000,0x00000000f3200000)
 ParOldGen       total 87552K, used 24395K [0x00000000c0000000, 0x00000000c5580000, 0x00000000eab00000)
  object space 87552K, 27% used [0x00000000c0000000,0x00000000c17d2fc8,0x00000000c5580000)
 Metaspace       used 6415K, capacity 7256K, committed 7424K, reserved 1056768K
  class space    used 614K, capacity 656K, committed 768K, reserved 1048576K

Card table byte_map: [0x0000000011440000,0x0000000011650000] byte_map_base: 0x0000000010e40000

Marking Bits: (ParMarkBitMap*) 0x000000005c1c4040
 Begin Bits: [0x0000000011fb0000, 0x0000000012fb0000)
 End Bits:   [0x0000000012fb0000, 0x0000000013fb0000)

Polling page: 0x0000000000510000

CodeCache: size=245760Kb used=8536Kb max_used=8559Kb free=237223Kb
 bounds [0x0000000002080000, 0x00000000028f0000, 0x0000000011080000]
 total_blobs=2265 nmethods=1995 adapters=182
 compilation: enabled

Compilation events (10 events):
Event: 3.128 Thread 0x0000000016c09800 2046       2       com.android.dx.cf.direct.StdAttributeFactory::sourceFile (94 bytes)
Event: 3.129 Thread 0x0000000016c09800 nmethod 2046 0x000000000289ff10 code [0x00000000028a0200, 0x00000000028a1188]
Event: 3.230 Thread 0x0000000016c09800 2049       2       java.util.concurrent.locks.LockSupport::park (23 bytes)
Event: 3.231 Thread 0x0000000016c09800 nmethod 2049 0x000000000289fb10 code [0x000000000289fc80, 0x000000000289fe68]
Event: 3.289 Thread 0x0000000016c06800 nmethod 1975% 0x00000000028dbad0 code [0x00000000028dbf00, 0x00000000028dfe08]
Event: 3.290 Thread 0x0000000016c06800 1972       4       java.util.ArrayList::clear (39 bytes)
Event: 3.291 Thread 0x0000000016c06800 nmethod 1972 0x0000000002723310 code [0x0000000002723440, 0x0000000002723518]
Event: 3.291 Thread 0x0000000016c06800 1988       4       com.android.dx.rop.code.RegisterSpecSet::intersect (117 bytes)
Event: 3.296 Thread 0x0000000016c06800 nmethod 1988 0x00000000028c1250 code [0x00000000028c13c0, 0x00000000028c17a8]
Event: 3.296 Thread 0x0000000016c06800 2048       4       com.android.dx.ssa.DeadCodeRemover::run (194 bytes)

GC Heap History (8 events):
Event: 0.803 GC heap before
{Heap before GC invocations=1 (full 0):
 PSYoungGen      total 38400K, used 33280K [0x00000000eab00000, 0x00000000ed580000, 0x0000000100000000)
  eden space 33280K, 100% used [0x00000000eab00000,0x00000000ecb80000,0x00000000ecb80000)
  from space 5120K, 0% used [0x00000000ed080000,0x00000000ed080000,0x00000000ed580000)
  to   space 5120K, 0% used [0x00000000ecb80000,0x00000000ecb80000,0x00000000ed080000)
 ParOldGen       total 87552K, used 0K [0x00000000c0000000, 0x00000000c5580000, 0x00000000eab00000)
  object space 87552K, 0% used [0x00000000c0000000,0x00000000c0000000,0x00000000c5580000)
 Metaspace       used 5912K, capacity 6896K, committed 7040K, reserved 1056768K
  class space    used 592K, capacity 616K, committed 640K, reserved 1048576K
Event: 0.851 GC heap after
Heap after GC invocations=1 (full 0):
 PSYoungGen      total 38400K, used 5100K [0x00000000eab00000, 0x00000000ef600000, 0x0000000100000000)
  eden space 33280K, 0% used [0x00000000eab00000,0x00000000eab00000,0x00000000ecb80000)
  from space 5120K, 99% used [0x00000000ecb80000,0x00000000ed07b088,0x00000000ed080000)
  to   space 5120K, 0% used [0x00000000ef100000,0x00000000ef100000,0x00000000ef600000)
 ParOldGen       total 87552K, used 1291K [0x00000000c0000000, 0x00000000c5580000, 0x00000000eab00000)
  object space 87552K, 1% used [0x00000000c0000000,0x00000000c0142d50,0x00000000c5580000)
 Metaspace       used 5912K, capacity 6896K, committed 7040K, reserved 1056768K
  class space    used 592K, capacity 616K, committed 640K, reserved 1048576K
}
Event: 1.052 GC heap before
{Heap before GC invocations=2 (full 0):
 PSYoungGen      total 38400K, used 38380K [0x00000000eab00000, 0x00000000ef600000, 0x0000000100000000)
  eden space 33280K, 100% used [0x00000000eab00000,0x00000000ecb80000,0x00000000ecb80000)
  from space 5120K, 99% used [0x00000000ecb80000,0x00000000ed07b088,0x00000000ed080000)
  to   space 5120K, 0% used [0x00000000ef100000,0x00000000ef100000,0x00000000ef600000)
 ParOldGen       total 87552K, used 1291K [0x00000000c0000000, 0x00000000c5580000, 0x00000000eab00000)
  object space 87552K, 1% used [0x00000000c0000000,0x00000000c0142d50,0x00000000c5580000)
 Metaspace       used 6098K, capacity 7024K, committed 7296K, reserved 1056768K
  class space    used 593K, capacity 616K, committed 640K, reserved 1048576K
Event: 1.174 GC heap after
Heap after GC invocations=2 (full 0):
 PSYoungGen      total 71680K, used 5093K [0x00000000eab00000, 0x00000000ef600000, 0x0000000100000000)
  eden space 66560K, 0% used [0x00000000eab00000,0x00000000eab00000,0x00000000eec00000)
  from space 5120K, 99% used [0x00000000ef100000,0x00000000ef5f94f8,0x00000000ef600000)
  to   space 5120K, 0% used [0x00000000eec00000,0x00000000eec00000,0x00000000ef100000)
 ParOldGen       total 87552K, used 5294K [0x00000000c0000000, 0x00000000c5580000, 0x00000000eab00000)
  object space 87552K, 6% used [0x00000000c0000000,0x00000000c052b9d8,0x00000000c5580000)
 Metaspace       used 6098K, capacity 7024K, committed 7296K, reserved 1056768K
  class space    used 593K, capacity 616K, committed 640K, reserved 1048576K
}
Event: 1.938 GC heap before
{Heap before GC invocations=3 (full 0):
 PSYoungGen      total 71680K, used 71653K [0x00000000eab00000, 0x00000000ef600000, 0x0000000100000000)
  eden space 66560K, 100% used [0x00000000eab00000,0x00000000eec00000,0x00000000eec00000)
  from space 5120K, 99% used [0x00000000ef100000,0x00000000ef5f94f8,0x00000000ef600000)
  to   space 5120K, 0% used [0x00000000eec00000,0x00000000eec00000,0x00000000ef100000)
 ParOldGen       total 87552K, used 5294K [0x00000000c0000000, 0x00000000c5580000, 0x00000000eab00000)
  object space 87552K, 6% used [0x00000000c0000000,0x00000000c052b9d8,0x00000000c5580000)
 Metaspace       used 6301K, capacity 7128K, committed 7424K, reserved 1056768K
  class space    used 614K, capacity 656K, committed 768K, reserved 1048576K
Event: 2.005 GC heap after
Heap after GC invocations=3 (full 0):
 PSYoungGen      total 71680K, used 5107K [0x00000000eab00000, 0x00000000f3700000, 0x0000000100000000)
  eden space 66560K, 0% used [0x00000000eab00000,0x00000000eab00000,0x00000000eec00000)
  from space 5120K, 99% used [0x00000000eec00000,0x00000000ef0fcd70,0x00000000ef100000)
  to   space 5120K, 0% used [0x00000000f3200000,0x00000000f3200000,0x00000000f3700000)
 ParOldGen       total 87552K, used 15147K [0x00000000c0000000, 0x00000000c5580000, 0x00000000eab00000)
  object space 87552K, 17% used [0x00000000c0000000,0x00000000c0ecaf88,0x00000000c5580000)
 Metaspace       used 6301K, capacity 7128K, committed 7424K, reserved 1056768K
  class space    used 614K, capacity 656K, committed 768K, reserved 1048576K
}
Event: 2.235 GC heap before
{Heap before GC invocations=4 (full 0):
 PSYoungGen      total 71680K, used 71667K [0x00000000eab00000, 0x00000000f3700000, 0x0000000100000000)
  eden space 66560K, 100% used [0x00000000eab00000,0x00000000eec00000,0x00000000eec00000)
  from space 5120K, 99% used [0x00000000eec00000,0x00000000ef0fcd70,0x00000000ef100000)
  to   space 5120K, 0% used [0x00000000f3200000,0x00000000f3200000,0x00000000f3700000)
 ParOldGen       total 87552K, used 15147K [0x00000000c0000000, 0x00000000c5580000, 0x00000000eab00000)
  object space 87552K, 17% used [0x00000000c0000000,0x00000000c0ecaf88,0x00000000c5580000)
 Metaspace       used 6344K, capacity 7192K, committed 7424K, reserved 1056768K
  class space    used 614K, capacity 656K, committed 768K, reserved 1048576K
Event: 2.338 GC heap after
Heap after GC invocations=4 (full 0):
 PSYoungGen      total 138240K, used 5107K [0x00000000eab00000, 0x00000000f3700000, 0x0000000100000000)
  eden space 133120K, 0% used [0x00000000eab00000,0x00000000eab00000,0x00000000f2d00000)
  from space 5120K, 99% used [0x00000000f3200000,0x00000000f36fce90,0x00000000f3700000)
  to   space 5120K, 0% used [0x00000000f2d00000,0x00000000f2d00000,0x00000000f3200000)
 ParOldGen       total 87552K, used 24395K [0x00000000c0000000, 0x00000000c5580000, 0x00000000eab00000)
  object space 87552K, 27% used [0x00000000c0000000,0x00000000c17d2fc8,0x00000000c5580000)
 Metaspace       used 6344K, capacity 7192K, committed 7424K, reserved 1056768K
  class space    used 614K, capacity 656K, committed 768K, reserved 1048576K
}

Deoptimization events (10 events):
Event: 2.354 Thread 0x0000000016ef3800 Uncommon trap: reason=bimorphic action=maybe_recompile pc=0x00000000026fea4c method=com.android.dx.ssa.LiteralOpUpgrader.tryReplacingWithConstant(Lcom/android/dx/ssa/NormalSsaInsn;)Z @ 62
Event: 2.465 Thread 0x0000000016f4d000 Uncommon trap: reason=unstable_if action=reinterpret pc=0x0000000002638c94 method=com.android.dx.ssa.MoveParamCombiner$1.visitNonMoveInsn(Lcom/android/dx/ssa/NormalSsaInsn;)V @ 27
Event: 2.577 Thread 0x0000000016ef3800 Uncommon trap: reason=unstable_if action=reinterpret pc=0x00000000027cbf18 method=com.android.dx.rop.code.DexTranslationAdvice.hasConstantOperation(Lcom/android/dx/rop/code/Rop;Lcom/android/dx/rop/code/RegisterSpec;Lcom/android/dx/rop/code/RegisterSpec;)Z .û#“@
Event: 2.639 Thread 0x0000000016f0d000 Uncommon trap: reason=bimorphic action=maybe_recompile pc=0x0000000002838944 method=com.android.dx.cf.code.BytecodeArray.parseInstruction(ILcom/android/dx/cf/code/BytecodeArray$Visitor;)I @ 987
Event: 2.639 Thread 0x0000000016f0d000 Uncommon trap: reason=bimorphic action=maybe_recompile pc=0x000000000283882c method=com.android.dx.cf.code.BytecodeArray.parseInstruction(ILcom/android/dx/cf/code/BytecodeArray$Visitor;)I @ 955
Event: 2.639 Thread 0x0000000016f0d000 Uncommon trap: reason=bimorphic action=maybe_recompile pc=0x00000000028388b8 method=com.android.dx.cf.code.BytecodeArray.parseInstruction(ILcom/android/dx/cf/code/BytecodeArray$Visitor;)I @ 971
Event: 2.639 Thread 0x0000000016f0d000 Uncommon trap: reason=bimorphic action=maybe_recompile pc=0x0000000002838944 method=com.android.dx.cf.code.BytecodeArray.parseInstruction(ILcom/android/dx/cf/code/BytecodeArray$Visitor;)I @ 987
Event: 2.745 Thread 0x0000000017784800 Uncommon trap: reason=bimorphic action=maybe_recompile pc=0x00000000026ad68c method=com.android.dx.rop.code.RegisterSpec.withSimpleType()Lcom/android/dx/rop/code/RegisterSpec; @ 21
Event: 2.752 Thread 0x0000000017784800 Uncommon trap: reason=bimorphic action=maybe_recompile pc=0x00000000026ad68c method=com.android.dx.rop.code.RegisterSpec.withSimpleType()Lcom/android/dx/rop/code/RegisterSpec; @ 21
Event: 3.106 Thread 0x000000000207e800 Uncommon trap: reason=unstable_if action=reinterpret pc=0x00000000027c1070 method=com.android.dx.rop.cst.CstNat.equals(Ljava/lang/Object;)Z @ 25

Internal exceptions (5 events):
Event: 0.108 Thread 0x000000000207e800 Exception <a 'java/lang/NoSuchMethodError': Method sun.misc.Unsafe.defineClass(Ljava/lang/String;[BII)Ljava/lang/Class; name or signature does not match> (0x00000000eab0ddf8) thrown at [C:\re\workspace\8-2-build-windows-amd64-cygwin\jdk8u45\3627\hotspot\sryàÕÎ$•»?
Event: 0.108 Thread 0x000000000207e800 Exception <a 'java/lang/NoSuchMethodError': Method sun.misc.Unsafe.prefetchRead(Ljava/lang/Object;J)V name or signature does not match> (0x00000000eab0e088) thrown at [C:\re\workspace\8-2-build-windows-amd64-cygwin\jdk8u45\3627\hotspot\src\share\vm\prims\j²QÚö?
Event: 1.428 Thread 0x000000000207e800 Exception <a 'java/lang/ArrayIndexOutOfBoundsException': 18> (0x00000000ed667d40) thrown at [C:\re\workspace\8-2-build-windows-amd64-cygwin\jdk8u45\3627\hotspot\src\share\vm\interpreter\interpreterRuntime.cpp, line 366]
Event: 1.429 Thread 0x000000000207e800 Exception <a 'java/lang/ArrayIndexOutOfBoundsException': 145> (0x00000000ed669810) thrown at [C:\re\workspace\8-2-build-windows-amd64-cygwin\jdk8u45\3627\hotspot\src\share\vm\interpreter\interpreterRuntime.cpp, line 366]
Event: 1.429 Thread 0x000000000207e800 Exception <a 'java/lang/ArrayIndexOutOfBoundsException'> (0x00000000ed66aa48) thrown at [C:\re\workspace\8-2-build-windows-amd64-cygwin\jdk8u45\3627\hotspot\src\share\vm\runtime\sharedRuntime.cpp, line 605]

Events (10 events):
Event: 2.913 Thread 0x0000000016f0d000 DEOPT UNPACKING pc=0x00000000020c787f sp=0x000000001847e5b0 mode 0
Event: 3.068 Thread 0x0000000016f0d000 DEOPT PACKING pc=0x00000000024d2478 sp=0x000000001847e8d0
Event: 3.068 Thread 0x0000000016f0d000 DEOPT UNPACKING pc=0x00000000020c787f sp=0x000000001847e630 mode 0
Event: 3.080 Thread 0x000000000207e800 DEOPT PACKING pc=0x0000000002542269 sp=0x0000000001eae0a0
Event: 3.080 Thread 0x000000000207e800 DEOPT UNPACKING pc=0x00000000020c787f sp=0x0000000001eaded0 mode 0
Event: 3.093 Thread 0x0000000017784800 DEOPT PACKING pc=0x0000000002542621 sp=0x000000001807e530
Event: 3.093 Thread 0x0000000017784800 DEOPT UNPACKING pc=0x00000000020c787f sp=0x000000001807e360 mode 0
Event: 3.106 Thread 0x000000000207e800 Uncommon trap: trap_request=0xffffff65 fr.pc=0x00000000027c1070
Event: 3.106 Thread 0x000000000207e800 DEOPT PACKING pc=0x00000000027c1070 sp=0x0000000001ead840
Event: 3.106 Thread 0x000000000207e800 DEOPT UNPACKING pc=0x00000000020c582a sp=0x0000000001ead760 mode 2


Dynamic libraries:
0x00007ff7cebb0000 - 0x00007ff7cebe7000 	C:\Program Files\Java\jdk1.8.0_45\bin\java.exe
0x00007ffb209e0000 - 0x00007ffb20b8d000 	C:\Windows\SYSTEM32\ntdll.dll
0x00007ffb1ff90000 - 0x00007ffb200ce000 	C:\Windows\system32\KERNEL32.DLL
0x00007ffb1dbe0000 - 0x00007ffb1dcf5000 	C:\Windows\system32\KERNELBASE.dll
0x00007ffb1c6e0000 - 0x00007ffb1c76e000 	C:\Windows\system32\apphelp.dll
0x00007ffb096a0000 - 0x00007ffb096f3000 	C:\Windows\AppPatch\AppPatch64\AcGenral.DLL
0x00007ffb1e070000 - 0x00007ffb1e11a000 	C:\Windows\system32\msvcrt.dll
0x00007ffb1df90000 - 0x00007ffb1dfbe000 	C:\Windows\system32\SspiCli.dll
0x00007ffb20140000 - 0x00007ffb20194000 	C:\Windows\system32\SHLWAPI.dll
0x00007ffb1fe10000 - 0x00007ffb1ff87000 	C:\Windows\system32\USER32.dll
0x00007ffb1fa90000 - 0x00007ffb1fc24000 	C:\Windows\system32\ole32.dll
0x00007ffb1e4a0000 - 0x00007ffb1f9cb000 	C:\Windows\system32\SHELL32.dll
0x00007ffb1d160000 - 0x00007ffb1d181000 	C:\Windows\SYSTEM32\USERENV.dll
0x00007ffb201a0000 - 0x00007ffb2024a000 	C:\Windows\system32\ADVAPI32.dll
0x00007ffb0aa80000 - 0x00007ffb0aa9e000 	C:\Windows\SYSTEM32\MPR.dll
0x00007ffb20390000 - 0x00007ffb204d0000 	C:\Windows\system32\RPCRT4.dll
0x00007ffb20910000 - 0x00007ffb20969000 	C:\Windows\SYSTEM32\sechost.dll
0x00007ffb1e120000 - 0x00007ffb1e331000 	C:\Windows\SYSTEM32\combase.dll
0x00007ffb1e340000 - 0x00007ffb1e490000 	C:\Windows\system32\GDI32.dll
0x00007ffb1db10000 - 0x00007ffb1db25000 	C:\Windows\SYSTEM32\profapi.dll
0x00007ffb1c090000 - 0x00007ffb1c142000 	C:\Windows\SYSTEM32\SHCORE.dll
0x00007ffb205b0000 - 0x00007ffb205e6000 	C:\Windows\system32\IMM32.DLL
0x00007ffb207b0000 - 0x00007ffb20901000 	C:\Windows\system32\MSCTF.dll
0x00007ffb1b810000 - 0x00007ffb1ba8a000 	C:\Windows\WinSxS\amd64_microsoft.windows.common-controls_6595b64144ccf1df_6.0.9600.17810_none_6240b9c7ecbd0bda\COMCTL32.dll
0x000000005ac00000 - 0x000000005acd2000 	C:\Program Files\Java\jdk1.8.0_45\jre\bin\msvcr100.dll
0x000000005b9c0000 - 0x000000005c243000 	C:\Program Files\Java\jdk1.8.0_45\jre\bin\server\jvm.dll
0x00007ffb16790000 - 0x00007ffb16799000 	C:\Windows\SYSTEM32\WSOCK32.dll
0x00007ffb1b700000 - 0x00007ffb1b722000 	C:\Windows\SYSTEM32\WINMM.dll
0x00007ffb1b800000 - 0x00007ffb1b80a000 	C:\Windows\SYSTEM32\VERSION.dll
0x00007ffb200d0000 - 0x00007ffb200d7000 	C:\Windows\system32\PSAPI.DLL
0x00007ffb200e0000 - 0x00007ffb2013a000 	C:\Windows\system32\WS2_32.dll
0x00007ffb1b660000 - 0x00007ffb1b68a000 	C:\Windows\SYSTEM32\WINMMBASE.dll
0x00007ffb209d0000 - 0x00007ffb209d9000 	C:\Windows\system32\NSI.dll
0x00007ffb1dfc0000 - 0x00007ffb1e00f000 	C:\Windows\SYSTEM32\cfgmgr32.dll
0x00007ffb1c950000 - 0x00007ffb1c978000 	C:\Windows\SYSTEM32\DEVOBJ.dll
0x000000005ca10000 - 0x000000005ca1f000 	C:\Program Files\Java\jdk1.8.0_45\jre\bin\verify.dll
0x000000005c9e0000 - 0x000000005ca09000 	C:\Program Files\Java\jdk1.8.0_45\jre\bin\java.dll
0x000000005c8f0000 - 0x000000005c906000 	C:\Program Files\Java\jdk1.8.0_45\jre\bin\zip.dll

VM Arguments:
jvm_args: -Djava.awt.headless=true -Xmx1024M -Dfile.encoding=windows-1252 -Duser.country=US -Duser.language=en -Duser.variant 
java_command: com.android.dx.command.Main --dex --force-jumbo --num-threads=4 --multi-dex --output E:\Documents\GitHub\TutorApp\app\build\intermediates\transforms\dex\debug\folders\1000\10\com.android.support-appcompat-v7-23.3.0_4fa74cd788dac1fae9e5da731a0e8a9e6cac15e7 E:\Documents\GitHub\TutorApp\app\build\intermediates\exploded-aar\com.android.support\appcompat-v7\23.3.0\jars\classes.jar
java_class_path (initial): E:\AndroidSDK\SDK\build-tools\23.0.2\lib\dx.jar
Launcher Type: SUN_STANDARD

Environment Variables:
JAVA_HOME=C:\Program Files\Java\jdk1.8.0_45
PATH=C:\Python34\;C:\Python34\Scripts;C:\Perl64\site\bin;C:\Perl64\bin;C:\ProgramData\Oracle\Java\javapath;C:\Program Files (x86)\Intel\iCLS Client\;C:\Program Files\Intel\iCLS Client\;C:\Windows\system32;C:\Windows;C:\Windows\System32\Wbem;C:\Windows\System32\WindowsPowerShell\v1.0\;C:\Program Files (x86)\ATI Technologies\ATI.ACE\Core-Static;C:\Program Files (x86)\AMD\ATI.ACE\Core-Static;C:\Program Files\Intel\Intel(R) Management Engine Components\DAL;C:\Program Files (x86)\Intel\Intel(R) Management Engine Components\DAL;C:\Program Files\Intel\Intel(R) Management Engine Components\IPT;C:\Program Files (x86)\Intel\Intel(R) Management Engine Components\IPT;C:\Program Files (x86)\WinSCP\;C:\Program Files (x86)\Git\cmd;C:\Program Files (x86)\Livestreamer;C:\Program Files\Microsoft\Web Platform Installer\;C:\Program Files (x86)\Microsoft ASP.NET\ASP.NET Web Pages\v1.0\;C:\Program Files\Microsoft SQL Server\110\Tools\Binn\;C:\Qt\5.4\mingw491_32\bin;F:\Dwimperl\perl\bin;F:\Dwimperl\perl\site\bin;F:\Dwimperl\c\bin;C:\Program Files (x86)\Java\jre1.8.0_45\bin;C:\Program Files\Microsoft SQL Server\120\Tools\Binn\;C:\Program Files (x86)\Java\jdk1.7.0_55\bin;C:\Program Files (x86)\Java\jre1.8.0_45\bin;C:\Users\Jacob Romero\.dnx\bin;C:\Program Files\Microsoft DNX\Dnvm\;C:\Program Files (x86)\Skype\Phone\;C:\Program Files (x86)\NVIDIA Corporation\PhysX\Common;C:\Program Files (x86)\QuickTime\QTSystem\;C:\Windows\system32\config\systemprofile\.dnx\bin;C:\Program Files\Microsoft DNX\Dnvm\;C:\Program Files (x86)\Windows Kits\8.1\Windows Performance Toolkit\;C:\Program Files (x86)\Microsoft Emulator Manager\1.0\;C:\Program Files\Git\cmd;C:\Strawberry\c\bin;C:\Strawberry\perl\site\bin;C:\Strawberry\perl\bin;C:\Program Files\MySQL\mysql-connector-java-5.1.38;C:\Program Files\MongoDB\Server\3.2\bin;C:\Python27\;C:\Python27\Scripts;
USERNAME=Jacob Romero
OS=Windows_NT
PROCESSOR_IDENTIFIER=Intel64 Family 6 Model 60 Stepping 3, GenuineIntel



---------------  S Y S T E M  ---------------

OS: Windows 8.1 , 64 bit Build 9600 (6.3.9600.17415)

CPU:total 8 (4 cores per cpu, 2 threads per core) family 6 model 60 stepping 3, cmov, cx8, fxsr, mmx, sse, sse2, sse3, ssse3, sse4.1, sse4.2, popcnt, avx, avx2, aes, clmul, erms, lzcnt, ht, tsc, tscinvbit, bmi1, bmi2

Memory: 4k page, physical 8335448k(787932k free), swap 11481176k(5328k free)

vm_info: Java HotSpot(TM) 64-Bit Server VM (25.45-b02) for windows-amd64 JRE (1.8.0_45-b15), built on Apr 30 2015 12:40:44 by "java_re" with MS VC++ 10.0 (VS2010)

time: Sun Jun 05 04:31:08 2016
elapsed time: 3 seconds (0d 0h 0m 3s)

