#
# There is insufficient memory for the Java Runtime Environment to continue.
# Native memory allocation (malloc) failed to allocate 563216 bytes for Chunk::new
# Possible reasons:
#   The system is out of physical RAM or swap space
#   In 32 bit mode, the process size limit was hit
# Possible solutions:
#   Reduce memory load on the system
#   Increase physical memory or swap space
#   Check if swap backing store is full
#   Use 64 bit Java on a 64 bit OS
#   Decrease Java heap size (-Xmx/-Xms)
#   Decrease number of Java threads
#   Decrease Java thread stack sizes (-Xss)
#   Set larger code cache with -XX:ReservedCodeCacheSize=
# This output file may be truncated or incomplete.
#
#  Out of Memory Error (allocation.cpp:390), pid=3980, tid=9100
#
# JRE version: Java(TM) SE Runtime Environment (8.0_45-b15) (build 1.8.0_45-b15)
# Java VM: Java HotSpot(TM) 64-Bit Server VM (25.45-b02 mixed mode windows-amd64 compressed oops)
# Failed to write core dump. Minidumps are not enabled by default on client versions of Windows
#

---------------  T H R E A D  ---------------

Current thread (0x00000000175a2000):  JavaThread "C2 CompilerThread1" daemon [_thread_in_native, id=9100, stack(0x0000000017c20000,0x0000000017d20000)]

Stack: [0x0000000017c20000,0x0000000017d20000]
Native frames: (J=compiled Java code, j=interpreted, Vv=VM code, C=native code)
V  [jvm.dll+0x32b57a]


Current CompileTask:
C2:   2736 1331   !   4       com.android.dx.cf.code.BytecodeArray::parseInstruction (2764 bytes)


---------------  P R O C E S S  ---------------

Java Threads: ( => current thread )
  0x000000001786d000 JavaThread "pool-2-thread-4" [_thread_blocked, id=8928, stack(0x0000000018d20000,0x0000000018e20000)]
  0x0000000017803000 JavaThread "pool-2-thread-3" [_thread_in_Java, id=10124, stack(0x0000000018c20000,0x0000000018d20000)]
  0x0000000017802000 JavaThread "pool-2-thread-2" [_thread_in_Java, id=9696, stack(0x0000000018b20000,0x0000000018c20000)]
  0x00000000177ff800 JavaThread "pool-3-thread-1" [_thread_blocked, id=4516, stack(0x0000000018a20000,0x0000000018b20000)]
  0x000000001791e000 JavaThread "pool-2-thread-1" [_thread_blocked, id=9636, stack(0x0000000018920000,0x0000000018a20000)]
  0x00000000175be000 JavaThread "Service Thread" daemon [_thread_blocked, id=8440, stack(0x0000000017f20000,0x0000000018020000)]
  0x00000000175ae000 JavaThread "C1 CompilerThread3" daemon [_thread_blocked, id=6988, stack(0x0000000017e20000,0x0000000017f20000)]
  0x00000000175a7800 JavaThread "C2 CompilerThread2" daemon [_thread_in_native, id=6956, stack(0x0000000017d20000,0x0000000017e20000)]
=>0x00000000175a2000 JavaThread "C2 CompilerThread1" daemon [_thread_in_native, id=9100, stack(0x0000000017c20000,0x0000000017d20000)]
  0x0000000017548000 JavaThread "C2 CompilerThread0" daemon [_thread_in_native, id=9592, stack(0x0000000017b20000,0x0000000017c20000)]
  0x0000000017547000 JavaThread "Attach Listener" daemon [_thread_blocked, id=8784, stack(0x0000000017a20000,0x0000000017b20000)]
  0x0000000017545800 JavaThread "Signal Dispatcher" daemon [_thread_blocked, id=6156, stack(0x0000000017920000,0x0000000017a20000)]
  0x00000000029e9800 JavaThread "Finalizer" daemon [_thread_blocked, id=9980, stack(0x0000000017410000,0x0000000017510000)]
  0x00000000029e3000 JavaThread "Reference Handler" daemon [_thread_blocked, id=8840, stack(0x0000000017310000,0x0000000017410000)]
  0x00000000027ae800 JavaThread "main" [_thread_blocked, id=7700, stack(0x00000000027f0000,0x00000000028f0000)]

Other Threads:
  0x0000000015509000 VMThread [stack: 0x0000000017210000,0x0000000017310000] [id=8964]
  0x00000000175bf000 WatcherThread [stack: 0x0000000018020000,0x0000000018120000] [id=7600]

VM state:not at safepoint (normal execution)

VM Mutex/Monitor currently owned by a thread: None

Heap:
 PSYoungGen      total 38400K, used 6889K [0x00000000eab00000, 0x00000000ef600000, 0x0000000100000000)
  eden space 33280K, 5% used [0x00000000eab00000,0x00000000eacc1550,0x00000000ecb80000)
  from space 5120K, 99% used [0x00000000ecb80000,0x00000000ed0791f0,0x00000000ed080000)
  to   space 5120K, 0% used [0x00000000ef100000,0x00000000ef100000,0x00000000ef600000)
 ParOldGen       total 87552K, used 790K [0x00000000c0000000, 0x00000000c5580000, 0x00000000eab00000)
  object space 87552K, 0% used [0x00000000c0000000,0x00000000c00c5b00,0x00000000c5580000)
 Metaspace       used 5963K, capacity 6896K, committed 7040K, reserved 1056768K
  class space    used 585K, capacity 616K, committed 640K, reserved 1048576K

Card table byte_map: [0x0000000011db0000,0x0000000011fc0000] byte_map_base: 0x00000000117b0000

Marking Bits: (ParMarkBitMap*) 0x000000005c1c4040
 Begin Bits: [0x0000000012920000, 0x0000000013920000)
 End Bits:   [0x0000000013920000, 0x0000000014920000)

Polling page: 0x0000000001170000

CodeCache: size=245760Kb used=5322Kb max_used=5322Kb free=240437Kb
 bounds [0x00000000029f0000, 0x0000000002f30000, 0x00000000119f0000]
 total_blobs=1606 nmethods=1337 adapters=182
 compilation: enabled

Compilation events (10 events):
Event: 2.713 Thread 0x0000000017548000 1340       4       com.android.dx.ssa.SCCP::simulateBranch (666 bytes)
Event: 2.714 Thread 0x00000000175ae000 nmethod 1336 0x0000000002f20550 code [0x0000000002f20ac0, 0x0000000002f24128]
Event: 2.715 Thread 0x00000000175ae000 1338       3       com.android.dx.util.Bits::isEmpty (26 bytes)
Event: 2.715 Thread 0x00000000175ae000 nmethod 1338 0x0000000002f154d0 code [0x0000000002f15640, 0x0000000002f15890]
Event: 2.715 Thread 0x00000000175ae000 1339       3       com.android.dx.cf.code.ConcreteMethod::getMaxLocals (8 bytes)
Event: 2.715 Thread 0x00000000175ae000 nmethod 1339 0x0000000002f150d0 code [0x0000000002f15220, 0x0000000002f15410]
Event: 2.715 Thread 0x00000000175ae000 1337       3       com.android.dx.dex.file.DexFile::internIfAppropriate (128 bytes)
Event: 2.716 Thread 0x00000000175ae000 nmethod 1337 0x0000000002f1e7d0 code [0x0000000002f1ea60, 0x0000000002f1ffd8]
Event: 2.716 Thread 0x00000000175ae000 1334       3       com.android.dx.cf.code.RopperMachine::updateReturnOp (115 bytes)
Event: 2.717 Thread 0x00000000175ae000 nmethod 1334 0x0000000002f25fd0 code [0x0000000002f26260, 0x0000000002f27498]

GC Heap History (2 events):
Event: 2.429 GC heap before
{Heap before GC invocations=1 (full 0):
 PSYoungGen      total 38400K, used 33280K [0x00000000eab00000, 0x00000000ed580000, 0x0000000100000000)
  eden space 33280K, 100% used [0x00000000eab00000,0x00000000ecb80000,0x00000000ecb80000)
  from space 5120K, 0% used [0x00000000ed080000,0x00000000ed080000,0x00000000ed580000)
  to   space 5120K, 0% used [0x00000000ecb80000,0x00000000ecb80000,0x00000000ed080000)
 ParOldGen       total 87552K, used 0K [0x00000000c0000000, 0x00000000c5580000, 0x00000000eab00000)
  object space 87552K, 0% used [0x00000000c0000000,0x00000000c0000000,0x00000000c5580000)
 Metaspace       used 5933K, capacity 6896K, committed 7040K, reserved 1056768K
  class space    used 585K, capacity 616K, committed 640K, reserved 1048576K
Event: 2.672 GC heap after
Heap after GC invocations=1 (full 0):
 PSYoungGen      total 38400K, used 5092K [0x00000000eab00000, 0x00000000ef600000, 0x0000000100000000)
  eden space 33280K, 0% used [0x00000000eab00000,0x00000000eab00000,0x00000000ecb80000)
  from space 5120K, 99% used [0x00000000ecb80000,0x00000000ed0791f0,0x00000000ed080000)
  to   space 5120K, 0% used [0x00000000ef100000,0x00000000ef100000,0x00000000ef600000)
 ParOldGen       total 87552K, used 790K [0x00000000c0000000, 0x00000000c5580000, 0x00000000eab00000)
  object space 87552K, 0% used [0x00000000c0000000,0x00000000c00c5b00,0x00000000c5580000)
 Metaspace       used 5933K, capacity 6896K, committed 7040K, reserved 1056768K
  class space    used 585K, capacity 616K, committed 640K, reserved 1048576K
}

Deoptimization events (4 events):
Event: 1.513 Thread 0x00000000027ae800 Uncommon trap: reason=unstable_if action=reinterpret pc=0x0000000002b79c14 method=java.lang.String.compareTo(Ljava/lang/String;)I @ 38
Event: 1.733 Thread 0x0000000017803000 Uncommon trap: reason=unstable_if action=reinterpret pc=0x0000000002c2d1b0 method=java.util.BitSet.nextSetBit(I)I @ 87
Event: 1.736 Thread 0x0000000017803000 Uncommon trap: reason=unstable_if action=reinterpret pc=0x0000000002c27fe0 method=java.util.HashMap.getNode(ILjava/lang/Object;)Ljava/util/HashMap$Node; @ 129
Event: 1.994 Thread 0x000000001786d000 Uncommon trap: reason=unstable_if action=reinterpret pc=0x0000000002cdba1c method=com.android.dx.rop.cst.Constant.compareTo(Lcom/android/dx/rop/cst/Constant;)I @ 12

Internal exceptions (2 events):
Event: 0.576 Thread 0x00000000027ae800 Exception <a 'java/lang/NoSuchMethodError': Method sun.misc.Unsafe.defineClass(Ljava/lang/String;[BII)Ljava/lang/Class; name or signature does not match> (0x00000000eab0df70) thrown at [C:\re\workspace\8-2-build-windows-amd64-cygwin\jdk8u45\3627\hotspot\sr–’îåuoâ?
Event: 0.576 Thread 0x00000000027ae800 Exception <a 'java/lang/NoSuchMethodError': Method sun.misc.Unsafe.prefetchRead(Ljava/lang/Object;J)V name or signature does not match> (0x00000000eab0e200) thrown at [C:\re\workspace\8-2-build-windows-amd64-cygwin\jdk8u45\3627\hotspot\src\share\vm\prims\j

Events (10 events):
Event: 1.994 Thread 0x000000001786d000 DEOPT PACKING pc=0x0000000002cdba1c sp=0x0000000018e1e510
Event: 1.994 Thread 0x000000001786d000 DEOPT UNPACKING pc=0x0000000002a3582a sp=0x0000000018e1e4b0 mode 2
Event: 2.190 loading class java/util/TreeMap$EntrySet
Event: 2.190 loading class java/util/TreeMap$EntrySet done
Event: 2.190 loading class java/util/TreeMap$EntryIterator
Event: 2.190 loading class java/util/TreeMap$EntryIterator done
Event: 2.190 Executing VM operation: Deoptimize
Event: 2.195 Executing VM operation: Deoptimize done
Event: 2.428 Executing VM operation: ParallelGCFailedAllocation
Event: 2.672 Executing VM operation: ParallelGCFailedAllocation done


Dynamic libraries:
0x00007ff7cebb0000 - 0x00007ff7cebe7000 	C:\Program Files\Java\jdk1.8.0_45\bin\java.exe
0x00007ffb209e0000 - 0x00007ffb20b8d000 	C:\Windows\SYSTEM32\ntdll.dll
0x00007ffb1ff90000 - 0x00007ffb200ce000 	C:\Windows\system32\KERNEL32.DLL
0x00007ffb1dbe0000 - 0x00007ffb1dcf5000 	C:\Windows\system32\KERNELBASE.dll
0x00007ffb1c6e0000 - 0x00007ffb1c76e000 	C:\Windows\system32\apphelp.dll
0x00007ffb096a0000 - 0x00007ffb096f3000 	C:\Windows\AppPatch\AppPatch64\AcGenral.DLL
0x00007ffb1e070000 - 0x00007ffb1e11a000 	C:\Windows\system32\msvcrt.dll
0x00007ffb1df90000 - 0x00007ffb1dfbe000 	C:\Windows\system32\SspiCli.dll
0x00007ffb20140000 - 0x00007ffb20194000 	C:\Windows\system32\SHLWAPI.dll
0x00007ffb1fe10000 - 0x00007ffb1ff87000 	C:\Windows\system32\USER32.dll
0x00007ffb1fa90000 - 0x00007ffb1fc24000 	C:\Windows\system32\ole32.dll
0x00007ffb1e4a0000 - 0x00007ffb1f9cb000 	C:\Windows\system32\SHELL32.dll
0x00007ffb1d160000 - 0x00007ffb1d181000 	C:\Windows\SYSTEM32\USERENV.dll
0x00007ffb201a0000 - 0x00007ffb2024a000 	C:\Windows\system32\ADVAPI32.dll
0x00007ffb0aa80000 - 0x00007ffb0aa9e000 	C:\Windows\SYSTEM32\MPR.dll
0x00007ffb20390000 - 0x00007ffb204d0000 	C:\Windows\system32\RPCRT4.dll
0x00007ffb20910000 - 0x00007ffb20969000 	C:\Windows\SYSTEM32\sechost.dll
0x00007ffb1e120000 - 0x00007ffb1e331000 	C:\Windows\SYSTEM32\combase.dll
0x00007ffb1e340000 - 0x00007ffb1e490000 	C:\Windows\system32\GDI32.dll
0x00007ffb1db10000 - 0x00007ffb1db25000 	C:\Windows\SYSTEM32\profapi.dll
0x00007ffb1c090000 - 0x00007ffb1c142000 	C:\Windows\SYSTEM32\SHCORE.dll
0x00007ffb205b0000 - 0x00007ffb205e6000 	C:\Windows\system32\IMM32.DLL
0x00007ffb207b0000 - 0x00007ffb20901000 	C:\Windows\system32\MSCTF.dll
0x00007ffb1b810000 - 0x00007ffb1ba8a000 	C:\Windows\WinSxS\amd64_microsoft.windows.common-controls_6595b64144ccf1df_6.0.9600.17810_none_6240b9c7ecbd0bda\COMCTL32.dll
0x000000005ac00000 - 0x000000005acd2000 	C:\Program Files\Java\jdk1.8.0_45\jre\bin\msvcr100.dll
0x000000005b9c0000 - 0x000000005c243000 	C:\Program Files\Java\jdk1.8.0_45\jre\bin\server\jvm.dll
0x00007ffb16790000 - 0x00007ffb16799000 	C:\Windows\SYSTEM32\WSOCK32.dll
0x00007ffb1b700000 - 0x00007ffb1b722000 	C:\Windows\SYSTEM32\WINMM.dll
0x00007ffb1b800000 - 0x00007ffb1b80a000 	C:\Windows\SYSTEM32\VERSION.dll
0x00007ffb200d0000 - 0x00007ffb200d7000 	C:\Windows\system32\PSAPI.DLL
0x00007ffb200e0000 - 0x00007ffb2013a000 	C:\Windows\system32\WS2_32.dll
0x00007ffb1b660000 - 0x00007ffb1b68a000 	C:\Windows\SYSTEM32\WINMMBASE.dll
0x00007ffb209d0000 - 0x00007ffb209d9000 	C:\Windows\system32\NSI.dll
0x00007ffb1dfc0000 - 0x00007ffb1e00f000 	C:\Windows\SYSTEM32\cfgmgr32.dll
0x00007ffb1c950000 - 0x00007ffb1c978000 	C:\Windows\SYSTEM32\DEVOBJ.dll
0x000000005ca10000 - 0x000000005ca1f000 	C:\Program Files\Java\jdk1.8.0_45\jre\bin\verify.dll
0x000000005c9e0000 - 0x000000005ca09000 	C:\Program Files\Java\jdk1.8.0_45\jre\bin\java.dll
0x000000005c8f0000 - 0x000000005c906000 	C:\Program Files\Java\jdk1.8.0_45\jre\bin\zip.dll
0x00007ffb108b0000 - 0x00007ffb10a3a000 	C:\Windows\SYSTEM32\dbghelp.dll

VM Arguments:
jvm_args: -Djava.awt.headless=true -Xmx1024M -Dfile.encoding=windows-1252 -Duser.country=US -Duser.language=en -Duser.variant 
java_command: com.android.dx.command.Main --dex --force-jumbo --num-threads=4 --multi-dex --output E:\Documents\GitHub\TutorApp\app\build\intermediates\transforms\dex\debug\folders\1000\10\internal_impl-23.3.0_cff3178140338a47d988c5708ee6e851226a4696 E:\Documents\GitHub\TutorApp\app\build\intermediates\exploded-aar\com.android.support\support-v4\23.3.0\jars\libs\internal_impl-23.3.0.jar
java_class_path (initial): E:\AndroidSDK\SDK\build-tools\23.0.2\lib\dx.jar
Launcher Type: SUN_STANDARD

Environment Variables:
JAVA_HOME=C:\Program Files\Java\jdk1.8.0_45
PATH=C:\Python34\;C:\Python34\Scripts;C:\Perl64\site\bin;C:\Perl64\bin;C:\ProgramData\Oracle\Java\javapath;C:\Program Files (x86)\Intel\iCLS Client\;C:\Program Files\Intel\iCLS Client\;C:\Windows\system32;C:\Windows;C:\Windows\System32\Wbem;C:\Windows\System32\WindowsPowerShell\v1.0\;C:\Program Files (x86)\ATI Technologies\ATI.ACE\Core-Static;C:\Program Files (x86)\AMD\ATI.ACE\Core-Static;C:\Program Files\Intel\Intel(R) Management Engine Components\DAL;C:\Program Files (x86)\Intel\Intel(R) Management Engine Components\DAL;C:\Program Files\Intel\Intel(R) Management Engine Components\IPT;C:\Program Files (x86)\Intel\Intel(R) Management Engine Components\IPT;C:\Program Files (x86)\WinSCP\;C:\Program Files (x86)\Git\cmd;C:\Program Files (x86)\Livestreamer;C:\Program Files\Microsoft\Web Platform Installer\;C:\Program Files (x86)\Microsoft ASP.NET\ASP.NET Web Pages\v1.0\;C:\Program Files\Microsoft SQL Server\110\Tools\Binn\;C:\Qt\5.4\mingw491_32\bin;F:\Dwimperl\perl\bin;F:\Dwimperl\perl\site\bin;F:\Dwimperl\c\bin;C:\Program Files (x86)\Java\jre1.8.0_45\bin;C:\Program Files\Microsoft SQL Server\120\Tools\Binn\;C:\Program Files (x86)\Java\jdk1.7.0_55\bin;C:\Program Files (x86)\Java\jre1.8.0_45\bin;C:\Users\Jacob Romero\.dnx\bin;C:\Program Files\Microsoft DNX\Dnvm\;C:\Program Files (x86)\Skype\Phone\;C:\Program Files (x86)\NVIDIA Corporation\PhysX\Common;C:\Program Files (x86)\QuickTime\QTSystem\;C:\Windows\system32\config\systemprofile\.dnx\bin;C:\Program Files\Microsoft DNX\Dnvm\;C:\Program Files (x86)\Windows Kits\8.1\Windows Performance Toolkit\;C:\Program Files (x86)\Microsoft Emulator Manager\1.0\;C:\Program Files\Git\cmd;C:\Strawberry\c\bin;C:\Strawberry\perl\site\bin;C:\Strawberry\perl\bin;C:\Program Files\MySQL\mysql-connector-java-5.1.38;C:\Program Files\MongoDB\Server\3.2\bin;C:\Python27\;C:\Python27\Scripts;
USERNAME=Jacob Romero
OS=Windows_NT
PROCESSOR_IDENTIFIER=Intel64 Family 6 Model 60 Stepping 3, GenuineIntel



---------------  S Y S T E M  ---------------

OS: Windows 8.1 , 64 bit Build 9600 (6.3.9600.17415)

CPU:total 8 (4 cores per cpu, 2 threads per core) family 6 model 60 stepping 3, cmov, cx8, fxsr, mmx, sse, sse2, sse3, ssse3, sse4.1, sse4.2, popcnt, avx, avx2, aes, clmul, erms, lzcnt, ht, tsc, tscinvbit, bmi1, bmi2

Memory: 4k page, physical 8335448k(784396k free), swap 11481176k(5116k free)

vm_info: Java HotSpot(TM) 64-Bit Server VM (25.45-b02) for windows-amd64 JRE (1.8.0_45-b15), built on Apr 30 2015 12:40:44 by "java_re" with MS VC++ 10.0 (VS2010)

time: Sun Jun 05 05:42:18 2016
elapsed time: 2 seconds (0d 0h 0m 2s)

