#
# There is insufficient memory for the Java Runtime Environment to continue.
# Native memory allocation (malloc) failed to allocate 361408 bytes for Chunk::new
# Possible reasons:
#   The system is out of physical RAM or swap space
#   In 32 bit mode, the process size limit was hit
# Possible solutions:
#   Reduce memory load on the system
#   Increase physical memory or swap space
#   Check if swap backing store is full
#   Use 64 bit Java on a 64 bit OS
#   Decrease Java heap size (-Xmx/-Xms)
#   Decrease number of Java threads
#   Decrease Java thread stack sizes (-Xss)
#   Set larger code cache with -XX:ReservedCodeCacheSize=
# This output file may be truncated or incomplete.
#
#  Out of Memory Error (allocation.cpp:390), pid=8796, tid=8180
#
# JRE version: Java(TM) SE Runtime Environment (8.0_45-b15) (build 1.8.0_45-b15)
# Java VM: Java HotSpot(TM) 64-Bit Server VM (25.45-b02 mixed mode windows-amd64 compressed oops)
# Failed to write core dump. Minidumps are not enabled by default on client versions of Windows
#

---------------  T H R E A D  ---------------

Current thread (0x0000000016fd8000):  JavaThread "C2 CompilerThread0" daemon [_thread_in_native, id=8180, stack(0x00000000175b0000,0x00000000176b0000)]

Stack: [0x00000000175b0000,0x00000000176b0000]
Native frames: (J=compiled Java code, j=interpreted, Vv=VM code, C=native code)
V  [jvm.dll+0x32b57a]
V  [jvm.dll+0x279873]
V  [jvm.dll+0x27a509]
V  [jvm.dll+0x271825]
V  [jvm.dll+0xcb9e2]
V  [jvm.dll+0xcbeac]
V  [jvm.dll+0xcc204]
V  [jvm.dll+0xeada5]
V  [jvm.dll+0x4b09b4]
V  [jvm.dll+0x4bc7d5]
V  [jvm.dll+0x4cb599]
V  [jvm.dll+0x4cbc43]
V  [jvm.dll+0x4cbd1b]
V  [jvm.dll+0x4cbd67]
V  [jvm.dll+0x4cbd67]
V  [jvm.dll+0x4cbc96]
V  [jvm.dll+0x4cbd67]
V  [jvm.dll+0x4cbd67]
V  [jvm.dll+0x4cbd67]
V  [jvm.dll+0x4cbd67]
V  [jvm.dll+0x4cbd67]
V  [jvm.dll+0x4cbd67]
V  [jvm.dll+0x4cbd67]
V  [jvm.dll+0x4cbd67]
V  [jvm.dll+0x4cbd67]
V  [jvm.dll+0x4cbd67]
V  [jvm.dll+0x4cbd67]
V  [jvm.dll+0x4cbd67]
V  [jvm.dll+0x4cbd67]
V  [jvm.dll+0x4cbd67]
V  [jvm.dll+0x4cbd67]
V  [jvm.dll+0x4cbd67]
V  [jvm.dll+0x4cbd67]
V  [jvm.dll+0x4cbd67]
V  [jvm.dll+0x4cbd67]
V  [jvm.dll+0x4cbd67]
V  [jvm.dll+0x4cbd67]
V  [jvm.dll+0x4cbd67]
V  [jvm.dll+0x4cbd67]
V  [jvm.dll+0x4cbd67]
V  [jvm.dll+0x4cbd67]
V  [jvm.dll+0x4cbd67]
V  [jvm.dll+0x4cbd67]
V  [jvm.dll+0x4cbd67]
V  [jvm.dll+0x4cbd67]
V  [jvm.dll+0x4cbd67]
V  [jvm.dll+0x4b9b23]
V  [jvm.dll+0x46bf81]
V  [jvm.dll+0x46ccbe]
V  [jvm.dll+0x4500f2]
V  [jvm.dll+0xa4352]
V  [jvm.dll+0xa4c8f]
V  [jvm.dll+0x241984]
V  [jvm.dll+0x29853a]
C  [msvcr100.dll+0x21d9f]
C  [msvcr100.dll+0x21e3b]
C  [KERNEL32.DLL+0x13d2]
C  [ntdll.dll+0x154e4]


Current CompileTask:
C2:   5624 2050   !   4       com.android.dx.cf.cst.ConstantPoolParser::parse0 (731 bytes)


---------------  P R O C E S S  ---------------

Java Threads: ( => current thread )
  0x0000000017ca6800 JavaThread "pool-2-thread-4" [_thread_blocked, id=7008, stack(0x00000000187b0000,0x00000000188b0000)]
  0x0000000017ca5800 JavaThread "pool-2-thread-3" [_thread_blocked, id=8972, stack(0x00000000186b0000,0x00000000187b0000)]
  0x0000000017c38800 JavaThread "pool-2-thread-2" [_thread_blocked, id=8308, stack(0x00000000185b0000,0x00000000186b0000)]
  0x0000000017294800 JavaThread "pool-3-thread-1" [_thread_blocked, id=9612, stack(0x00000000184b0000,0x00000000185b0000)]
  0x0000000017293800 JavaThread "pool-2-thread-1" [_thread_in_Java, id=8188, stack(0x00000000183b0000,0x00000000184b0000)]
  0x0000000017046000 JavaThread "Service Thread" daemon [_thread_blocked, id=9732, stack(0x00000000179b0000,0x0000000017ab0000)]
  0x000000001703a800 JavaThread "C1 CompilerThread3" daemon [_thread_blocked, id=8612, stack(0x00000000178b0000,0x00000000179b0000)]
  0x0000000017037800 JavaThread "C2 CompilerThread2" daemon [_thread_in_native, id=5272, stack(0x00000000177b0000,0x00000000178b0000)]
  0x0000000017032000 JavaThread "C2 CompilerThread1" daemon [_thread_in_native, id=3764, stack(0x00000000176b0000,0x00000000177b0000)]
=>0x0000000016fd8000 JavaThread "C2 CompilerThread0" daemon [_thread_in_native, id=8180, stack(0x00000000175b0000,0x00000000176b0000)]
  0x0000000016fd6800 JavaThread "Attach Listener" daemon [_thread_blocked, id=6396, stack(0x00000000174b0000,0x00000000175b0000)]
  0x00000000024ce800 JavaThread "Signal Dispatcher" daemon [_thread_blocked, id=4276, stack(0x00000000173b0000,0x00000000174b0000)]
  0x00000000024c4000 JavaThread "Finalizer" daemon [_thread_blocked, id=2144, stack(0x0000000016eb0000,0x0000000016fb0000)]
  0x00000000024c3000 JavaThread "Reference Handler" daemon [_thread_blocked, id=5256, stack(0x0000000016db0000,0x0000000016eb0000)]
  0x00000000023ce800 JavaThread "main" [_thread_in_vm, id=8252, stack(0x0000000002240000,0x0000000002340000)]

Other Threads:
  0x0000000014fe9000 VMThread [stack: 0x0000000016cb0000,0x0000000016db0000] [id=608]
  0x0000000017047000 WatcherThread [stack: 0x0000000017ab0000,0x0000000017bb0000] [id=3000]

VM state:not at safepoint (normal execution)

VM Mutex/Monitor currently owned by a thread: None

Heap:
 PSYoungGen      total 138240K, used 48002K [0x00000000eab00000, 0x00000000f3700000, 0x0000000100000000)
  eden space 133120K, 32% used [0x00000000eab00000,0x00000000ed4e31a0,0x00000000f2d00000)
  from space 5120K, 99% used [0x00000000f3200000,0x00000000f36fd938,0x00000000f3700000)
  to   space 5120K, 0% used [0x00000000f2d00000,0x00000000f2d00000,0x00000000f3200000)
 ParOldGen       total 87552K, used 31283K [0x00000000c0000000, 0x00000000c5580000, 0x00000000eab00000)
  object space 87552K, 35% used [0x00000000c0000000,0x00000000c1e8ce50,0x00000000c5580000)
 Metaspace       used 6348K, capacity 7128K, committed 7424K, reserved 1056768K
  class space    used 610K, capacity 656K, committed 768K, reserved 1048576K

Card table byte_map: [0x0000000011890000,0x0000000011aa0000] byte_map_base: 0x0000000011290000

Marking Bits: (ParMarkBitMap*) 0x000000005c1c4040
 Begin Bits: [0x0000000012400000, 0x0000000013400000)
 End Bits:   [0x0000000013400000, 0x0000000014400000)

Polling page: 0x0000000002200000

CodeCache: size=245760Kb used=8967Kb max_used=9008Kb free=236792Kb
 bounds [0x00000000024d0000, 0x0000000002db0000, 0x00000000114d0000]
 total_blobs=2255 nmethods=1986 adapters=182
 compilation: enabled

Compilation events (10 events):
Event: 5.596 Thread 0x000000001703a800 2085       1       com.android.dx.cf.direct.MethodListParser::getAttributeContext (2 bytes)
Event: 5.596 Thread 0x000000001703a800 nmethod 2085 0x0000000002d5c990 code [0x0000000002d5cae0, 0x0000000002d5cbf0]
Event: 5.596 Thread 0x000000001703a800 2086       2       com.android.dx.cf.direct.MemberListParser::getEndOffset (9 bytes)
Event: 5.597 Thread 0x000000001703a800 nmethod 2086 0x0000000002d5c5d0 code [0x0000000002d5c740, 0x0000000002d5c8c8]
Event: 5.597 Thread 0x000000001703a800 2087       1       com.android.dx.cf.attrib.AttSourceFile::byteLength (3 bytes)
Event: 5.597 Thread 0x000000001703a800 nmethod 2087 0x0000000002d5c290 code [0x0000000002d5c3e0, 0x0000000002d5c4f0]
Event: 5.597 Thread 0x000000001703a800 2088       2       com.android.dx.cf.direct.DirectClassFile::getMagic0 (9 bytes)
Event: 5.597 Thread 0x000000001703a800 nmethod 2088 0x0000000002d85350 code [0x0000000002d854c0, 0x0000000002d85648]
Event: 5.597 Thread 0x000000001703a800 2089       2       java.util.TreeMap$Values::size (8 bytes)
Event: 5.597 Thread 0x000000001703a800 nmethod 2089 0x0000000002d85710 code [0x0000000002d85860, 0x0000000002d859b0]

GC Heap History (8 events):
Event: 1.741 GC heap before
{Heap before GC invocations=1 (full 0):
 PSYoungGen      total 38400K, used 33280K [0x00000000eab00000, 0x00000000ed580000, 0x0000000100000000)
  eden space 33280K, 100% used [0x00000000eab00000,0x00000000ecb80000,0x00000000ecb80000)
  from space 5120K, 0% used [0x00000000ed080000,0x00000000ed080000,0x00000000ed580000)
  to   space 5120K, 0% used [0x00000000ecb80000,0x00000000ecb80000,0x00000000ed080000)
 ParOldGen       total 87552K, used 0K [0x00000000c0000000, 0x00000000c5580000, 0x00000000eab00000)
  object space 87552K, 0% used [0x00000000c0000000,0x00000000c0000000,0x00000000c5580000)
 Metaspace       used 6007K, capacity 6960K, committed 7040K, reserved 1056768K
  class space    used 587K, capacity 616K, committed 640K, reserved 1048576K
Event: 1.817 GC heap after
Heap after GC invocations=1 (full 0):
 PSYoungGen      total 38400K, used 5092K [0x00000000eab00000, 0x00000000ef600000, 0x0000000100000000)
  eden space 33280K, 0% used [0x00000000eab00000,0x00000000eab00000,0x00000000ecb80000)
  from space 5120K, 99% used [0x00000000ecb80000,0x00000000ed0790b8,0x00000000ed080000)
  to   space 5120K, 0% used [0x00000000ef100000,0x00000000ef100000,0x00000000ef600000)
 ParOldGen       total 87552K, used 1820K [0x00000000c0000000, 0x00000000c5580000, 0x00000000eab00000)
  object space 87552K, 2% used [0x00000000c0000000,0x00000000c01c70c0,0x00000000c5580000)
 Metaspace       used 6007K, capacity 6960K, committed 7040K, reserved 1056768K
  class space    used 587K, capacity 616K, committed 640K, reserved 1048576K
}
Event: 1.981 GC heap before
{Heap before GC invocations=2 (full 0):
 PSYoungGen      total 38400K, used 38372K [0x00000000eab00000, 0x00000000ef600000, 0x0000000100000000)
  eden space 33280K, 100% used [0x00000000eab00000,0x00000000ecb80000,0x00000000ecb80000)
  from space 5120K, 99% used [0x00000000ecb80000,0x00000000ed0790b8,0x00000000ed080000)
  to   space 5120K, 0% used [0x00000000ef100000,0x00000000ef100000,0x00000000ef600000)
 ParOldGen       total 87552K, used 1820K [0x00000000c0000000, 0x00000000c5580000, 0x00000000eab00000)
  object space 87552K, 2% used [0x00000000c0000000,0x00000000c01c70c0,0x00000000c5580000)
 Metaspace       used 6127K, capacity 7024K, committed 7296K, reserved 1056768K
  class space    used 589K, capacity 616K, committed 640K, reserved 1048576K
Event: 2.129 GC heap after
Heap after GC invocations=2 (full 0):
 PSYoungGen      total 71680K, used 5098K [0x00000000eab00000, 0x00000000ef600000, 0x0000000100000000)
  eden space 66560K, 0% used [0x00000000eab00000,0x00000000eab00000,0x00000000eec00000)
  from space 5120K, 99% used [0x00000000ef100000,0x00000000ef5fab78,0x00000000ef600000)
  to   space 5120K, 0% used [0x00000000eec00000,0x00000000eec00000,0x00000000ef100000)
 ParOldGen       total 87552K, used 7141K [0x00000000c0000000, 0x00000000c5580000, 0x00000000eab00000)
  object space 87552K, 8% used [0x00000000c0000000,0x00000000c06f9788,0x00000000c5580000)
 Metaspace       used 6127K, capacity 7024K, committed 7296K, reserved 1056768K
  class space    used 589K, capacity 616K, committed 640K, reserved 1048576K
}
Event: 2.362 GC heap before
{Heap before GC invocations=3 (full 0):
 PSYoungGen      total 71680K, used 71658K [0x00000000eab00000, 0x00000000ef600000, 0x0000000100000000)
  eden space 66560K, 100% used [0x00000000eab00000,0x00000000eec00000,0x00000000eec00000)
  from space 5120K, 99% used [0x00000000ef100000,0x00000000ef5fab78,0x00000000ef600000)
  to   space 5120K, 0% used [0x00000000eec00000,0x00000000eec00000,0x00000000ef100000)
 ParOldGen       total 87552K, used 7141K [0x00000000c0000000, 0x00000000c5580000, 0x00000000eab00000)
  object space 87552K, 8% used [0x00000000c0000000,0x00000000c06f9788,0x00000000c5580000)
 Metaspace       used 6195K, capacity 7088K, committed 7296K, reserved 1056768K
  class space    used 589K, capacity 616K, committed 640K, reserved 1048576K
Event: 2.806 GC heap after
Heap after GC invocations=3 (full 0):
 PSYoungGen      total 71680K, used 5100K [0x00000000eab00000, 0x00000000f3700000, 0x0000000100000000)
  eden space 66560K, 0% used [0x00000000eab00000,0x00000000eab00000,0x00000000eec00000)
  from space 5120K, 99% used [0x00000000eec00000,0x00000000ef0fb0f8,0x00000000ef100000)
  to   space 5120K, 0% used [0x00000000f3200000,0x00000000f3200000,0x00000000f3700000)
 ParOldGen       total 87552K, used 19342K [0x00000000c0000000, 0x00000000c5580000, 0x00000000eab00000)
  object space 87552K, 22% used [0x00000000c0000000,0x00000000c12e3838,0x00000000c5580000)
 Metaspace       used 6195K, capacity 7088K, committed 7296K, reserved 1056768K
  class space    used 589K, capacity 616K, committed 640K, reserved 1048576K
}
Event: 4.870 GC heap before
{Heap before GC invocations=4 (full 0):
 PSYoungGen      total 71680K, used 71660K [0x00000000eab00000, 0x00000000f3700000, 0x0000000100000000)
  eden space 66560K, 100% used [0x00000000eab00000,0x00000000eec00000,0x00000000eec00000)
  from space 5120K, 99% used [0x00000000eec00000,0x00000000ef0fb0f8,0x00000000ef100000)
  to   space 5120K, 0% used [0x00000000f3200000,0x00000000f3200000,0x00000000f3700000)
 ParOldGen       total 87552K, used 19342K [0x00000000c0000000, 0x00000000c5580000, 0x00000000eab00000)
  object space 87552K, 22% used [0x00000000c0000000,0x00000000c12e3838,0x00000000c5580000)
 Metaspace       used 6333K, capacity 7128K, committed 7424K, reserved 1056768K
  class space    used 610K, capacity 656K, committed 768K, reserved 1048576K
Event: 5.056 GC heap after
Heap after GC invocations=4 (full 0):
 PSYoungGen      total 138240K, used 5110K [0x00000000eab00000, 0x00000000f3700000, 0x0000000100000000)
  eden space 133120K, 0% used [0x00000000eab00000,0x00000000eab00000,0x00000000f2d00000)
  from space 5120K, 99% used [0x00000000f3200000,0x00000000f36fd938,0x00000000f3700000)
  to   space 5120K, 0% used [0x00000000f2d00000,0x00000000f2d00000,0x00000000f3200000)
 ParOldGen       total 87552K, used 31283K [0x00000000c0000000, 0x00000000c5580000, 0x00000000eab00000)
  object space 87552K, 35% used [0x00000000c0000000,0x00000000c1e8ce50,0x00000000c5580000)
 Metaspace       used 6333K, capacity 7128K, committed 7424K, reserved 1056768K
  class space    used 610K, capacity 656K, committed 768K, reserved 1048576K
}

Deoptimization events (10 events):
Event: 5.114 Thread 0x0000000017c38800 Uncommon trap: reason=class_check action=maybe_recompile pc=0x0000000002d07244 method=com.android.dx.ssa.back.FirstFitLocalCombiningAllocator.findNextUnreservedRopReg(IILcom/android/dx/ssa/back/FirstFitLocalCombiningAllocator$Alignment;)I @ 60
Event: 5.121 Thread 0x0000000017c38800 Uncommon trap: reason=class_check action=maybe_recompile pc=0x0000000002d07244 method=com.android.dx.ssa.back.FirstFitLocalCombiningAllocator.findNextUnreservedRopReg(IILcom/android/dx/ssa/back/FirstFitLocalCombiningAllocator$Alignment;)I @ 60
Event: 5.344 Thread 0x0000000017293800 Uncommon trap: reason=unstable_if action=reinterpret pc=0x0000000002be946c method=java.util.HashMap.resize()[Ljava/util/HashMap$Node; @ 206
Event: 5.519 Thread 0x0000000017293800 Uncommon trap: reason=class_check action=maybe_recompile pc=0x0000000002cf7f74 method=com.android.dx.ssa.SCCP.replaceConstants()V @ 127
Event: 5.530 Thread 0x0000000017293800 Uncommon trap: reason=class_check action=maybe_recompile pc=0x0000000002bbc3d4 method=com.android.dx.rop.cst.CstLiteral32.equals(Ljava/lang/Object;)Z @ 20
Event: 5.530 Thread 0x0000000017293800 Uncommon trap: reason=class_check action=maybe_recompile pc=0x0000000002bbc3d4 method=com.android.dx.rop.cst.CstLiteral32.equals(Ljava/lang/Object;)Z @ 20
Event: 5.531 Thread 0x0000000017293800 Uncommon trap: reason=class_check action=maybe_recompile pc=0x0000000002bbc3d4 method=com.android.dx.rop.cst.CstLiteral32.equals(Ljava/lang/Object;)Z @ 20
Event: 5.531 Thread 0x0000000017293800 Uncommon trap: reason=class_check action=maybe_recompile pc=0x0000000002bbc3d4 method=com.android.dx.rop.cst.CstLiteral32.equals(Ljava/lang/Object;)Z @ 20
Event: 5.534 Thread 0x0000000017293800 Uncommon trap: reason=uninitialized action=reinterpret pc=0x0000000002d36128 method=com.android.dx.cf.code.BytecodeArray.parseInstruction(ILcom/android/dx/cf/code/BytecodeArray$Visitor;)I @ 1031
Event: 5.583 Thread 0x0000000017ca6800 Uncommon trap: reason=class_check action=maybe_recompile pc=0x0000000002d07244 method=com.android.dx.ssa.back.FirstFitLocalCombiningAllocator.findNextUnreservedRopReg(IILcom/android/dx/ssa/back/FirstFitLocalCombiningAllocator$Alignment;)I @ 60

Internal exceptions (7 events):
Event: 0.159 Thread 0x00000000023ce800 Exception <a 'java/lang/NoSuchMethodError': Method sun.misc.Unsafe.defineClass(Ljava/lang/String;[BII)Ljava/lang/Class; name or signature does not match> (0x00000000eab0dee0) thrown at [C:\re\workspace\8-2-build-windows-amd64-cygwin\jdk8u45\3627\hotspot\sr÷qp¨ÝbÄ?
Event: 0.159 Thread 0x00000000023ce800 Exception <a 'java/lang/NoSuchMethodError': Method sun.misc.Unsafe.prefetchRead(Ljava/lang/Object;J)V name or signature does not match> (0x00000000eab0e170) thrown at [C:\re\workspace\8-2-build-windows-amd64-cygwin\jdk8u45\3627\hotspot\src\share\vm\prims\j!>±tö?
Event: 1.380 Thread 0x0000000017ca6800 Implicit null exception at 0x000000000285daf0 to 0x000000000285feb1
Event: 1.862 Thread 0x0000000017293800 Implicit null exception at 0x00000000028f6e22 to 0x00000000028f6f15
Event: 4.356 Thread 0x0000000017293800 Exception <a 'java/lang/ArrayIndexOutOfBoundsException': 18> (0x00000000ecde4a10) thrown at [C:\re\workspace\8-2-build-windows-amd64-cygwin\jdk8u45\3627\hotspot\src\share\vm\interpreter\interpreterRuntime.cpp, line 366]
Event: 4.356 Thread 0x0000000017293800 Exception <a 'java/lang/ArrayIndexOutOfBoundsException'> (0x00000000ecde64e0) thrown at [C:\re\workspace\8-2-build-windows-amd64-cygwin\jdk8u45\3627\hotspot\src\share\vm\runtime\sharedRuntime.cpp, line 605]
Event: 4.357 Thread 0x0000000017293800 Exception <a 'java/lang/ArrayIndexOutOfBoundsException'> (0x00000000ecde7718) thrown at [C:\re\workspace\8-2-build-windows-amd64-cygwin\jdk8u45\3627\hotspot\src\share\vm\runtime\sharedRuntime.cpp, line 605]

Events (10 events):
Event: 5.531 Thread 0x0000000017293800 DEOPT UNPACKING pc=0x000000000251582a sp=0x00000000184ae870 mode 2
Event: 5.531 Thread 0x0000000017293800 Uncommon trap: trap_request=0xffffffde fr.pc=0x0000000002bbc3d4
Event: 5.531 Thread 0x0000000017293800 DEOPT PACKING pc=0x0000000002bbc3d4 sp=0x00000000184ae830
Event: 5.531 Thread 0x0000000017293800 DEOPT UNPACKING pc=0x000000000251582a sp=0x00000000184ae7c0 mode 2
Event: 5.534 Thread 0x0000000017293800 Uncommon trap: trap_request=0xffffffb5 fr.pc=0x0000000002d36128
Event: 5.534 Thread 0x0000000017293800 DEOPT PACKING pc=0x0000000002d36128 sp=0x00000000184ae8f0
Event: 5.535 Thread 0x0000000017293800 DEOPT UNPACKING pc=0x000000000251582a sp=0x00000000184ae870 mode 2
Event: 5.583 Thread 0x0000000017ca6800 Uncommon trap: trap_request=0xffffffde fr.pc=0x0000000002d07244
Event: 5.583 Thread 0x0000000017ca6800 DEOPT PACKING pc=0x0000000002d07244 sp=0x00000000188ae9c0
Event: 5.583 Thread 0x0000000017ca6800 DEOPT UNPACKING pc=0x000000000251582a sp=0x00000000188ae948 mode 2


Dynamic libraries:
0x00007ff7cebb0000 - 0x00007ff7cebe7000 	C:\Program Files\Java\jdk1.8.0_45\bin\java.exe
0x00007ffb209e0000 - 0x00007ffb20b8d000 	C:\Windows\SYSTEM32\ntdll.dll
0x00007ffb1ff90000 - 0x00007ffb200ce000 	C:\Windows\system32\KERNEL32.DLL
0x00007ffb1dbe0000 - 0x00007ffb1dcf5000 	C:\Windows\system32\KERNELBASE.dll
0x00007ffb1c6e0000 - 0x00007ffb1c76e000 	C:\Windows\system32\apphelp.dll
0x00007ffb096a0000 - 0x00007ffb096f3000 	C:\Windows\AppPatch\AppPatch64\AcGenral.DLL
0x00007ffb1e070000 - 0x00007ffb1e11a000 	C:\Windows\system32\msvcrt.dll
0x00007ffb1df90000 - 0x00007ffb1dfbe000 	C:\Windows\system32\SspiCli.dll
0x00007ffb20140000 - 0x00007ffb20194000 	C:\Windows\system32\SHLWAPI.dll
0x00007ffb1fe10000 - 0x00007ffb1ff87000 	C:\Windows\system32\USER32.dll
0x00007ffb1fa90000 - 0x00007ffb1fc24000 	C:\Windows\system32\ole32.dll
0x00007ffb1e4a0000 - 0x00007ffb1f9cb000 	C:\Windows\system32\SHELL32.dll
0x00007ffb1d160000 - 0x00007ffb1d181000 	C:\Windows\SYSTEM32\USERENV.dll
0x00007ffb201a0000 - 0x00007ffb2024a000 	C:\Windows\system32\ADVAPI32.dll
0x00007ffb0aa80000 - 0x00007ffb0aa9e000 	C:\Windows\SYSTEM32\MPR.dll
0x00007ffb20390000 - 0x00007ffb204d0000 	C:\Windows\system32\RPCRT4.dll
0x00007ffb20910000 - 0x00007ffb20969000 	C:\Windows\SYSTEM32\sechost.dll
0x00007ffb1e120000 - 0x00007ffb1e331000 	C:\Windows\SYSTEM32\combase.dll
0x00007ffb1e340000 - 0x00007ffb1e490000 	C:\Windows\system32\GDI32.dll
0x00007ffb1db10000 - 0x00007ffb1db25000 	C:\Windows\SYSTEM32\profapi.dll
0x00007ffb1c090000 - 0x00007ffb1c142000 	C:\Windows\SYSTEM32\SHCORE.dll
0x00007ffb205b0000 - 0x00007ffb205e6000 	C:\Windows\system32\IMM32.DLL
0x00007ffb207b0000 - 0x00007ffb20901000 	C:\Windows\system32\MSCTF.dll
0x00007ffb1b810000 - 0x00007ffb1ba8a000 	C:\Windows\WinSxS\amd64_microsoft.windows.common-controls_6595b64144ccf1df_6.0.9600.17810_none_6240b9c7ecbd0bda\COMCTL32.dll
0x000000005ac00000 - 0x000000005acd2000 	C:\Program Files\Java\jdk1.8.0_45\jre\bin\msvcr100.dll
0x000000005b9c0000 - 0x000000005c243000 	C:\Program Files\Java\jdk1.8.0_45\jre\bin\server\jvm.dll
0x00007ffb16790000 - 0x00007ffb16799000 	C:\Windows\SYSTEM32\WSOCK32.dll
0x00007ffb1b700000 - 0x00007ffb1b722000 	C:\Windows\SYSTEM32\WINMM.dll
0x00007ffb1b800000 - 0x00007ffb1b80a000 	C:\Windows\SYSTEM32\VERSION.dll
0x00007ffb200d0000 - 0x00007ffb200d7000 	C:\Windows\system32\PSAPI.DLL
0x00007ffb200e0000 - 0x00007ffb2013a000 	C:\Windows\system32\WS2_32.dll
0x00007ffb1b660000 - 0x00007ffb1b68a000 	C:\Windows\SYSTEM32\WINMMBASE.dll
0x00007ffb209d0000 - 0x00007ffb209d9000 	C:\Windows\system32\NSI.dll
0x00007ffb1dfc0000 - 0x00007ffb1e00f000 	C:\Windows\SYSTEM32\cfgmgr32.dll
0x00007ffb1c950000 - 0x00007ffb1c978000 	C:\Windows\SYSTEM32\DEVOBJ.dll
0x000000005ca10000 - 0x000000005ca1f000 	C:\Program Files\Java\jdk1.8.0_45\jre\bin\verify.dll
0x000000005c9e0000 - 0x000000005ca09000 	C:\Program Files\Java\jdk1.8.0_45\jre\bin\java.dll
0x000000005c8f0000 - 0x000000005c906000 	C:\Program Files\Java\jdk1.8.0_45\jre\bin\zip.dll
0x00007ffb108b0000 - 0x00007ffb10a3a000 	C:\Windows\SYSTEM32\dbghelp.dll

VM Arguments:
jvm_args: -Djava.awt.headless=true -Xmx1024M -Dfile.encoding=windows-1252 -Duser.country=US -Duser.language=en -Duser.variant 
java_command: com.android.dx.command.Main --dex --force-jumbo --num-threads=4 --multi-dex --output E:\Documents\GitHub\TutorApp\app\build\intermediates\transforms\dex\debug\folders\1000\2\mariadb-java-client-1.4.4_cb40ceac2e46f06685d954e556d1466b95c3d82b E:\Documents\GitHub\TutorApp\libs\mariadb-java-client-1.4.4.jar
java_class_path (initial): E:\AndroidSDK\SDK\build-tools\23.0.2\lib\dx.jar
Launcher Type: SUN_STANDARD

Environment Variables:
JAVA_HOME=C:\Program Files\Java\jdk1.8.0_45
PATH=C:\Python34\;C:\Python34\Scripts;C:\Perl64\site\bin;C:\Perl64\bin;C:\ProgramData\Oracle\Java\javapath;C:\Program Files (x86)\Intel\iCLS Client\;C:\Program Files\Intel\iCLS Client\;C:\Windows\system32;C:\Windows;C:\Windows\System32\Wbem;C:\Windows\System32\WindowsPowerShell\v1.0\;C:\Program Files (x86)\ATI Technologies\ATI.ACE\Core-Static;C:\Program Files (x86)\AMD\ATI.ACE\Core-Static;C:\Program Files\Intel\Intel(R) Management Engine Components\DAL;C:\Program Files (x86)\Intel\Intel(R) Management Engine Components\DAL;C:\Program Files\Intel\Intel(R) Management Engine Components\IPT;C:\Program Files (x86)\Intel\Intel(R) Management Engine Components\IPT;C:\Program Files (x86)\WinSCP\;C:\Program Files (x86)\Git\cmd;C:\Program Files (x86)\Livestreamer;C:\Program Files\Microsoft\Web Platform Installer\;C:\Program Files (x86)\Microsoft ASP.NET\ASP.NET Web Pages\v1.0\;C:\Program Files\Microsoft SQL Server\110\Tools\Binn\;C:\Qt\5.4\mingw491_32\bin;F:\Dwimperl\perl\bin;F:\Dwimperl\perl\site\bin;F:\Dwimperl\c\bin;C:\Program Files (x86)\Java\jre1.8.0_45\bin;C:\Program Files\Microsoft SQL Server\120\Tools\Binn\;C:\Program Files (x86)\Java\jdk1.7.0_55\bin;C:\Program Files (x86)\Java\jre1.8.0_45\bin;C:\Users\Jacob Romero\.dnx\bin;C:\Program Files\Microsoft DNX\Dnvm\;C:\Program Files (x86)\Skype\Phone\;C:\Program Files (x86)\NVIDIA Corporation\PhysX\Common;C:\Program Files (x86)\QuickTime\QTSystem\;C:\Windows\system32\config\systemprofile\.dnx\bin;C:\Program Files\Microsoft DNX\Dnvm\;C:\Program Files (x86)\Windows Kits\8.1\Windows Performance Toolkit\;C:\Program Files (x86)\Microsoft Emulator Manager\1.0\;C:\Program Files\Git\cmd;C:\Strawberry\c\bin;C:\Strawberry\perl\site\bin;C:\Strawberry\perl\bin;C:\Program Files\MySQL\mysql-connector-java-5.1.38;C:\Program Files\MongoDB\Server\3.2\bin;C:\Python27\;C:\Python27\Scripts;
USERNAME=Jacob Romero
OS=Windows_NT
PROCESSOR_IDENTIFIER=Intel64 Family 6 Model 60 Stepping 3, GenuineIntel



---------------  S Y S T E M  ---------------

OS: Windows 8.1 , 64 bit Build 9600 (6.3.9600.17415)

CPU:total 8 (4 cores per cpu, 2 threads per core) family 6 model 60 stepping 3, cmov, cx8, fxsr, mmx, sse, sse2, sse3, ssse3, sse4.1, sse4.2, popcnt, avx, avx2, aes, clmul, erms, lzcnt, ht, tsc, tscinvbit, bmi1, bmi2

Memory: 4k page, physical 8335448k(611392k free), swap 11481176k(13364k free)

vm_info: Java HotSpot(TM) 64-Bit Server VM (25.45-b02) for windows-amd64 JRE (1.8.0_45-b15), built on Apr 30 2015 12:40:44 by "java_re" with MS VC++ 10.0 (VS2010)

time: Sun Jun 05 04:36:28 2016
elapsed time: 5 seconds (0d 0h 0m 5s)

