#
# There is insufficient memory for the Java Runtime Environment to continue.
# Native memory allocation (malloc) failed to allocate 32744 bytes for ChunkPool::allocate
# Possible reasons:
#   The system is out of physical RAM or swap space
#   In 32 bit mode, the process size limit was hit
# Possible solutions:
#   Reduce memory load on the system
#   Increase physical memory or swap space
#   Check if swap backing store is full
#   Use 64 bit Java on a 64 bit OS
#   Decrease Java heap size (-Xmx/-Xms)
#   Decrease number of Java threads
#   Decrease Java thread stack sizes (-Xss)
#   Set larger code cache with -XX:ReservedCodeCacheSize=
# This output file may be truncated or incomplete.
#
#  Out of Memory Error (allocation.cpp:273), pid=9500, tid=9852
#
# JRE version: Java(TM) SE Runtime Environment (8.0_45-b15) (build 1.8.0_45-b15)
# Java VM: Java HotSpot(TM) 64-Bit Server VM (25.45-b02 mixed mode windows-amd64 compressed oops)
# Failed to write core dump. Minidumps are not enabled by default on client versions of Windows
#

---------------  T H R E A D  ---------------

Current thread (0x000000001752a000):  JavaThread "C2 CompilerThread2" daemon [_thread_in_native, id=9852, stack(0x0000000017ca0000,0x0000000017da0000)]

Stack: [0x0000000017ca0000,0x0000000017da0000]
Native frames: (J=compiled Java code, j=interpreted, Vv=VM code, C=native code)
V  [jvm.dll+0x32b57a]


Current CompileTask:
C2:   2204 1364   !   4       com.android.dx.cf.code.BytecodeArray::parseInstruction (2764 bytes)


---------------  P R O C E S S  ---------------

Java Threads: ( => current thread )
  0x00000000177ba800 JavaThread "pool-2-thread-4" [_thread_blocked, id=5664, stack(0x0000000018ca0000,0x0000000018da0000)]
  0x00000000177ba000 JavaThread "pool-2-thread-3" [_thread_blocked, id=1512, stack(0x0000000018ba0000,0x0000000018ca0000)]
  0x00000000177b7000 JavaThread "pool-2-thread-2" [_thread_blocked, id=8608, stack(0x0000000018aa0000,0x0000000018ba0000)]
  0x0000000017799800 JavaThread "pool-3-thread-1" [_thread_blocked, id=8788, stack(0x00000000189a0000,0x0000000018aa0000)]
  0x0000000017798800 JavaThread "pool-2-thread-1" [_thread_in_Java, id=1236, stack(0x00000000188a0000,0x00000000189a0000)]
  0x000000001753d000 JavaThread "Service Thread" daemon [_thread_blocked, id=2740, stack(0x0000000017ea0000,0x0000000017fa0000)]
  0x000000001752c800 JavaThread "C1 CompilerThread3" daemon [_thread_blocked, id=8304, stack(0x0000000017da0000,0x0000000017ea0000)]
=>0x000000001752a000 JavaThread "C2 CompilerThread2" daemon [_thread_in_native, id=9852, stack(0x0000000017ca0000,0x0000000017da0000)]
  0x0000000017521000 JavaThread "C2 CompilerThread1" daemon [_thread_in_native, id=9016, stack(0x0000000017ba0000,0x0000000017ca0000)]
  0x00000000174c7000 JavaThread "C2 CompilerThread0" daemon [_thread_in_native, id=2312, stack(0x0000000017aa0000,0x0000000017ba0000)]
  0x00000000174c5800 JavaThread "Attach Listener" daemon [_thread_blocked, id=3028, stack(0x00000000179a0000,0x0000000017aa0000)]
  0x00000000174c4800 JavaThread "Signal Dispatcher" daemon [_thread_blocked, id=9208, stack(0x00000000178a0000,0x00000000179a0000)]
  0x00000000029b9800 JavaThread "Finalizer" daemon [_thread_blocked, id=6720, stack(0x00000000173a0000,0x00000000174a0000)]
  0x00000000029b3000 JavaThread "Reference Handler" daemon [_thread_blocked, id=6356, stack(0x00000000172a0000,0x00000000173a0000)]
  0x000000000288e800 JavaThread "main" [_thread_blocked, id=9060, stack(0x00000000026c0000,0x00000000027c0000)]

Other Threads:
  0x00000000154d9000 VMThread [stack: 0x00000000171a0000,0x00000000172a0000] [id=7680]
  0x000000001753e000 WatcherThread [stack: 0x0000000017fa0000,0x00000000180a0000] [id=8764]

VM state:not at safepoint (normal execution)

VM Mutex/Monitor currently owned by a thread:  ([mutex/lock_event])
[0x000000000288de90] Heap_lock - owner thread: 0x000000000288e800

Heap:
 PSYoungGen      total 71680K, used 8117K [0x00000000eab00000, 0x00000000ef600000, 0x0000000100000000)
  eden space 66560K, 4% used [0x00000000eab00000,0x00000000eadefce8,0x00000000eec00000)
  from space 5120K, 99% used [0x00000000ef100000,0x00000000ef5fd818,0x00000000ef600000)
  to   space 5120K, 0% used [0x00000000eec00000,0x00000000eec00000,0x00000000ef100000)
 ParOldGen       total 87552K, used 5864K [0x00000000c0000000, 0x00000000c5580000, 0x00000000eab00000)
  object space 87552K, 6% used [0x00000000c0000000,0x00000000c05ba3c8,0x00000000c5580000)
 Metaspace       used 6013K, capacity 6960K, committed 7040K, reserved 1056768K
  class space    used 589K, capacity 616K, committed 640K, reserved 1048576K

Card table byte_map: [0x0000000011d80000,0x0000000011f90000] byte_map_base: 0x0000000011780000

Marking Bits: (ParMarkBitMap*) 0x000000005c1c4040
 Begin Bits: [0x00000000128f0000, 0x00000000138f0000)
 End Bits:   [0x00000000138f0000, 0x00000000148f0000)

Polling page: 0x0000000000ec0000

CodeCache: size=245760Kb used=5450Kb max_used=5463Kb free=240309Kb
 bounds [0x00000000029c0000, 0x0000000002f20000, 0x00000000119c0000]
 total_blobs=1637 nmethods=1368 adapters=182
 compilation: enabled

Compilation events (10 events):
Event: 2.185 Thread 0x000000001752c800 1383       1       com.android.dx.cf.code.ByteCatchList$Item::getStartPc (5 bytes)
Event: 2.185 Thread 0x000000001752c800 nmethod 1383 0x0000000002f14d10 code [0x0000000002f14e60, 0x0000000002f14f70]
Event: 2.185 Thread 0x000000001752c800 1384       1       com.android.dx.cf.code.ByteCatchList$Item::getEndPc (5 bytes)
Event: 2.185 Thread 0x000000001752c800 nmethod 1384 0x0000000002f14fd0 code [0x0000000002f15120, 0x0000000002f15230]
Event: 2.185 Thread 0x000000001752c800 1345       1       com.android.dx.dex.code.RopTranslator::access$100 (5 bytes)
Event: 2.185 Thread 0x000000001752c800 nmethod 1345 0x0000000002f15290 code [0x0000000002f153e0, 0x0000000002f154d0]
Event: 2.185 Thread 0x000000001752c800 1390       1       com.android.dx.dex.file.DexFile::getFieldIds (5 bytes)
Event: 2.185 Thread 0x000000001752c800 nmethod 1390 0x0000000002f15550 code [0x0000000002f156a0, 0x0000000002f157b0]
Event: 2.188 Thread 0x0000000017521000 nmethod 1372 0x0000000002f18c90 code [0x0000000002f18e20, 0x0000000002f19678]
Event: 2.188 Thread 0x0000000017521000 1368       4       com.android.dx.ssa.SCCP::simulatePhi (169 bytes)

GC Heap History (4 events):
Event: 1.368 GC heap before
{Heap before GC invocations=1 (full 0):
 PSYoungGen      total 38400K, used 33280K [0x00000000eab00000, 0x00000000ed580000, 0x0000000100000000)
  eden space 33280K, 100% used [0x00000000eab00000,0x00000000ecb80000,0x00000000ecb80000)
  from space 5120K, 0% used [0x00000000ed080000,0x00000000ed080000,0x00000000ed580000)
  to   space 5120K, 0% used [0x00000000ecb80000,0x00000000ecb80000,0x00000000ed080000)
 ParOldGen       total 87552K, used 0K [0x00000000c0000000, 0x00000000c5580000, 0x00000000eab00000)
  object space 87552K, 0% used [0x00000000c0000000,0x00000000c0000000,0x00000000c5580000)
 Metaspace       used 5975K, capacity 6960K, committed 7040K, reserved 1056768K
  class space    used 589K, capacity 616K, committed 640K, reserved 1048576K
Event: 1.642 GC heap after
Heap after GC invocations=1 (full 0):
 PSYoungGen      total 38400K, used 5106K [0x00000000eab00000, 0x00000000ef600000, 0x0000000100000000)
  eden space 33280K, 0% used [0x00000000eab00000,0x00000000eab00000,0x00000000ecb80000)
  from space 5120K, 99% used [0x00000000ecb80000,0x00000000ed07cba0,0x00000000ed080000)
  to   space 5120K, 0% used [0x00000000ef100000,0x00000000ef100000,0x00000000ef600000)
 ParOldGen       total 87552K, used 2186K [0x00000000c0000000, 0x00000000c5580000, 0x00000000eab00000)
  object space 87552K, 2% used [0x00000000c0000000,0x00000000c02228f0,0x00000000c5580000)
 Metaspace       used 5975K, capacity 6960K, committed 7040K, reserved 1056768K
  class space    used 589K, capacity 616K, committed 640K, reserved 1048576K
}
Event: 1.925 GC heap before
{Heap before GC invocations=2 (full 0):
 PSYoungGen      total 38400K, used 38386K [0x00000000eab00000, 0x00000000ef600000, 0x0000000100000000)
  eden space 33280K, 100% used [0x00000000eab00000,0x00000000ecb80000,0x00000000ecb80000)
  from space 5120K, 99% used [0x00000000ecb80000,0x00000000ed07cba0,0x00000000ed080000)
  to   space 5120K, 0% used [0x00000000ef100000,0x00000000ef100000,0x00000000ef600000)
 ParOldGen       total 87552K, used 2186K [0x00000000c0000000, 0x00000000c5580000, 0x00000000eab00000)
  object space 87552K, 2% used [0x00000000c0000000,0x00000000c02228f0,0x00000000c5580000)
 Metaspace       used 6012K, capacity 6960K, committed 7040K, reserved 1056768K
  class space    used 589K, capacity 616K, committed 640K, reserved 1048576K
Event: 2.145 GC heap after
Heap after GC invocations=2 (full 0):
 PSYoungGen      total 71680K, used 5110K [0x00000000eab00000, 0x00000000ef600000, 0x0000000100000000)
  eden space 66560K, 0% used [0x00000000eab00000,0x00000000eab00000,0x00000000eec00000)
  from space 5120K, 99% used [0x00000000ef100000,0x00000000ef5fd818,0x00000000ef600000)
  to   space 5120K, 0% used [0x00000000eec00000,0x00000000eec00000,0x00000000ef100000)
 ParOldGen       total 87552K, used 5864K [0x00000000c0000000, 0x00000000c5580000, 0x00000000eab00000)
  object space 87552K, 6% used [0x00000000c0000000,0x00000000c05ba3c8,0x00000000c5580000)
 Metaspace       used 6012K, capacity 6960K, committed 7040K, reserved 1056768K
  class space    used 589K, capacity 616K, committed 640K, reserved 1048576K
}

Deoptimization events (10 events):
Event: 1.324 Thread 0x00000000177ba800 Uncommon trap: reason=unstable_if action=reinterpret pc=0x0000000002e72fd4 method=com.android.dx.rop.code.RegisterSpecSet.<init>(I)V @ 2
Event: 1.352 Thread 0x000000000288e800 Uncommon trap: reason=null_check action=make_not_entrant pc=0x0000000002e44b24 method=com.android.dx.rop.type.Type.equals(Ljava/lang/Object;)Z @ 8
Event: 1.354 Thread 0x000000000288e800 Uncommon trap: reason=class_check action=maybe_recompile pc=0x0000000002cdfa94 method=com.android.dx.ssa.NormalSsaInsn.accept(Lcom/android/dx/ssa/SsaInsn$Visitor;)V @ 9
Event: 1.354 Thread 0x000000000288e800 Uncommon trap: reason=class_check action=maybe_recompile pc=0x0000000002cdfa94 method=com.android.dx.ssa.NormalSsaInsn.accept(Lcom/android/dx/ssa/SsaInsn$Visitor;)V @ 9
Event: 1.354 Thread 0x000000000288e800 Uncommon trap: reason=class_check action=maybe_recompile pc=0x0000000002cdfa94 method=com.android.dx.ssa.NormalSsaInsn.accept(Lcom/android/dx/ssa/SsaInsn$Visitor;)V @ 9
Event: 1.354 Thread 0x000000000288e800 Uncommon trap: reason=class_check action=maybe_recompile pc=0x0000000002cdfa94 method=com.android.dx.ssa.NormalSsaInsn.accept(Lcom/android/dx/ssa/SsaInsn$Visitor;)V @ 9
Event: 1.354 Thread 0x000000000288e800 Uncommon trap: reason=class_check action=maybe_recompile pc=0x0000000002c8eb70 method=com.android.dx.ssa.NormalSsaInsn.accept(Lcom/android/dx/ssa/SsaInsn$Visitor;)V @ 9
Event: 1.723 Thread 0x00000000177ba000 Uncommon trap: reason=class_check action=maybe_recompile pc=0x0000000002ef80a4 method=com.android.dx.ssa.NormalSsaInsn.accept(Lcom/android/dx/ssa/SsaInsn$Visitor;)V @ 9
Event: 1.748 Thread 0x00000000177ba000 Uncommon trap: reason=unstable_if action=reinterpret pc=0x0000000002ec94dc method=com.android.dx.ssa.SsaRenamer$BlockRenamer.addMapping(ILcom/android/dx/rop/code/RegisterSpec;)V @ 120
Event: 1.915 Thread 0x00000000177ba000 Uncommon trap: reason=unstable_if action=reinterpret pc=0x0000000002ece45c method=com.android.dx.rop.cst.Constant.compareTo(Lcom/android/dx/rop/cst/Constant;)I @ 12

Internal exceptions (3 events):
Event: 0.085 Thread 0x000000000288e800 Exception <a 'java/lang/NoSuchMethodError': Method sun.misc.Unsafe.defineClass(Ljava/lang/String;[BII)Ljava/lang/Class; name or signature does not match> (0x00000000eab0dd60) thrown at [C:\re\workspace\8-2-build-windows-amd64-cygwin\jdk8u45\3627\hotspot\sr×Wß‡äæµ?
Event: 0.086 Thread 0x000000000288e800 Exception <a 'java/lang/NoSuchMethodError': Method sun.misc.Unsafe.prefetchRead(Ljava/lang/Object;J)V name or signature does not match> (0x00000000eab0dff0) thrown at [C:\re\workspace\8-2-build-windows-amd64-cygwin\jdk8u45\3627\hotspot\src\share\vm\prims\j$kã õ?
Event: 1.352 Thread 0x000000000288e800 Implicit null exception at 0x0000000002e44a22 to 0x0000000002e44b15

Events (10 events):
Event: 1.723 Thread 0x00000000177ba000 DEOPT PACKING pc=0x0000000002ef80a4 sp=0x0000000018c9e930
Event: 1.723 Thread 0x00000000177ba000 DEOPT UNPACKING pc=0x0000000002a0582a sp=0x0000000018c9e870 mode 2
Event: 1.748 Thread 0x00000000177ba000 Uncommon trap: trap_request=0xffffff65 fr.pc=0x0000000002ec94dc
Event: 1.748 Thread 0x00000000177ba000 DEOPT PACKING pc=0x0000000002ec94dc sp=0x0000000018c9e6f0
Event: 1.748 Thread 0x00000000177ba000 DEOPT UNPACKING pc=0x0000000002a0582a sp=0x0000000018c9e680 mode 2
Event: 1.915 Thread 0x00000000177ba000 Uncommon trap: trap_request=0xffffff65 fr.pc=0x0000000002ece45c
Event: 1.915 Thread 0x00000000177ba000 DEOPT PACKING pc=0x0000000002ece45c sp=0x0000000018c9e6a0
Event: 1.915 Thread 0x00000000177ba000 DEOPT UNPACKING pc=0x0000000002a0582a sp=0x0000000018c9e640 mode 2
Event: 1.925 Executing VM operation: ParallelGCFailedAllocation
Event: 2.145 Executing VM operation: ParallelGCFailedAllocation done


Dynamic libraries:
0x00007ff7cebb0000 - 0x00007ff7cebe7000 	C:\Program Files\Java\jdk1.8.0_45\bin\java.exe
0x00007ffb209e0000 - 0x00007ffb20b8d000 	C:\Windows\SYSTEM32\ntdll.dll
0x00007ffb1ff90000 - 0x00007ffb200ce000 	C:\Windows\system32\KERNEL32.DLL
0x00007ffb1dbe0000 - 0x00007ffb1dcf5000 	C:\Windows\system32\KERNELBASE.dll
0x00007ffb1c6e0000 - 0x00007ffb1c76e000 	C:\Windows\system32\apphelp.dll
0x00007ffb096a0000 - 0x00007ffb096f3000 	C:\Windows\AppPatch\AppPatch64\AcGenral.DLL
0x00007ffb1e070000 - 0x00007ffb1e11a000 	C:\Windows\system32\msvcrt.dll
0x00007ffb1df90000 - 0x00007ffb1dfbe000 	C:\Windows\system32\SspiCli.dll
0x00007ffb20140000 - 0x00007ffb20194000 	C:\Windows\system32\SHLWAPI.dll
0x00007ffb1fe10000 - 0x00007ffb1ff87000 	C:\Windows\system32\USER32.dll
0x00007ffb1fa90000 - 0x00007ffb1fc24000 	C:\Windows\system32\ole32.dll
0x00007ffb1e4a0000 - 0x00007ffb1f9cb000 	C:\Windows\system32\SHELL32.dll
0x00007ffb1d160000 - 0x00007ffb1d181000 	C:\Windows\SYSTEM32\USERENV.dll
0x00007ffb201a0000 - 0x00007ffb2024a000 	C:\Windows\system32\ADVAPI32.dll
0x00007ffb0aa80000 - 0x00007ffb0aa9e000 	C:\Windows\SYSTEM32\MPR.dll
0x00007ffb20390000 - 0x00007ffb204d0000 	C:\Windows\system32\RPCRT4.dll
0x00007ffb20910000 - 0x00007ffb20969000 	C:\Windows\SYSTEM32\sechost.dll
0x00007ffb1e120000 - 0x00007ffb1e331000 	C:\Windows\SYSTEM32\combase.dll
0x00007ffb1e340000 - 0x00007ffb1e490000 	C:\Windows\system32\GDI32.dll
0x00007ffb1db10000 - 0x00007ffb1db25000 	C:\Windows\SYSTEM32\profapi.dll
0x00007ffb1c090000 - 0x00007ffb1c142000 	C:\Windows\SYSTEM32\SHCORE.dll
0x00007ffb205b0000 - 0x00007ffb205e6000 	C:\Windows\system32\IMM32.DLL
0x00007ffb207b0000 - 0x00007ffb20901000 	C:\Windows\system32\MSCTF.dll
0x00007ffb1b810000 - 0x00007ffb1ba8a000 	C:\Windows\WinSxS\amd64_microsoft.windows.common-controls_6595b64144ccf1df_6.0.9600.17810_none_6240b9c7ecbd0bda\COMCTL32.dll
0x000000005ac00000 - 0x000000005acd2000 	C:\Program Files\Java\jdk1.8.0_45\jre\bin\msvcr100.dll
0x000000005b9c0000 - 0x000000005c243000 	C:\Program Files\Java\jdk1.8.0_45\jre\bin\server\jvm.dll
0x00007ffb16790000 - 0x00007ffb16799000 	C:\Windows\SYSTEM32\WSOCK32.dll
0x00007ffb1b700000 - 0x00007ffb1b722000 	C:\Windows\SYSTEM32\WINMM.dll
0x00007ffb1b800000 - 0x00007ffb1b80a000 	C:\Windows\SYSTEM32\VERSION.dll
0x00007ffb200d0000 - 0x00007ffb200d7000 	C:\Windows\system32\PSAPI.DLL
0x00007ffb200e0000 - 0x00007ffb2013a000 	C:\Windows\system32\WS2_32.dll
0x00007ffb1b660000 - 0x00007ffb1b68a000 	C:\Windows\SYSTEM32\WINMMBASE.dll
0x00007ffb209d0000 - 0x00007ffb209d9000 	C:\Windows\system32\NSI.dll
0x00007ffb1dfc0000 - 0x00007ffb1e00f000 	C:\Windows\SYSTEM32\cfgmgr32.dll
0x00007ffb1c950000 - 0x00007ffb1c978000 	C:\Windows\SYSTEM32\DEVOBJ.dll
0x000000005ca10000 - 0x000000005ca1f000 	C:\Program Files\Java\jdk1.8.0_45\jre\bin\verify.dll
0x000000005c9e0000 - 0x000000005ca09000 	C:\Program Files\Java\jdk1.8.0_45\jre\bin\java.dll
0x000000005c8f0000 - 0x000000005c906000 	C:\Program Files\Java\jdk1.8.0_45\jre\bin\zip.dll

VM Arguments:
jvm_args: -Djava.awt.headless=true -Xmx1024M -Dfile.encoding=windows-1252 -Duser.country=US -Duser.language=en -Duser.variant 
java_command: com.android.dx.command.Main --dex --force-jumbo --num-threads=4 --multi-dex --output E:\Documents\GitHub\TutorApp\app\build\intermediates\transforms\dex\debug\folders\1000\2\mariadb-java-client-1.4.4_cb40ceac2e46f06685d954e556d1466b95c3d82b E:\Documents\GitHub\TutorApp\libs\mariadb-java-client-1.4.4.jar
java_class_path (initial): E:\AndroidSDK\SDK\build-tools\23.0.2\lib\dx.jar
Launcher Type: SUN_STANDARD

Environment Variables:
JAVA_HOME=C:\Program Files\Java\jdk1.8.0_45
PATH=C:\Python34\;C:\Python34\Scripts;C:\Perl64\site\bin;C:\Perl64\bin;C:\ProgramData\Oracle\Java\javapath;C:\Program Files (x86)\Intel\iCLS Client\;C:\Program Files\Intel\iCLS Client\;C:\Windows\system32;C:\Windows;C:\Windows\System32\Wbem;C:\Windows\System32\WindowsPowerShell\v1.0\;C:\Program Files (x86)\ATI Technologies\ATI.ACE\Core-Static;C:\Program Files (x86)\AMD\ATI.ACE\Core-Static;C:\Program Files\Intel\Intel(R) Management Engine Components\DAL;C:\Program Files (x86)\Intel\Intel(R) Management Engine Components\DAL;C:\Program Files\Intel\Intel(R) Management Engine Components\IPT;C:\Program Files (x86)\Intel\Intel(R) Management Engine Components\IPT;C:\Program Files (x86)\WinSCP\;C:\Program Files (x86)\Git\cmd;C:\Program Files (x86)\Livestreamer;C:\Program Files\Microsoft\Web Platform Installer\;C:\Program Files (x86)\Microsoft ASP.NET\ASP.NET Web Pages\v1.0\;C:\Program Files\Microsoft SQL Server\110\Tools\Binn\;C:\Qt\5.4\mingw491_32\bin;F:\Dwimperl\perl\bin;F:\Dwimperl\perl\site\bin;F:\Dwimperl\c\bin;C:\Program Files (x86)\Java\jre1.8.0_45\bin;C:\Program Files\Microsoft SQL Server\120\Tools\Binn\;C:\Program Files (x86)\Java\jdk1.7.0_55\bin;C:\Program Files (x86)\Java\jre1.8.0_45\bin;C:\Users\Jacob Romero\.dnx\bin;C:\Program Files\Microsoft DNX\Dnvm\;C:\Program Files (x86)\Skype\Phone\;C:\Program Files (x86)\NVIDIA Corporation\PhysX\Common;C:\Program Files (x86)\QuickTime\QTSystem\;C:\Windows\system32\config\systemprofile\.dnx\bin;C:\Program Files\Microsoft DNX\Dnvm\;C:\Program Files (x86)\Windows Kits\8.1\Windows Performance Toolkit\;C:\Program Files (x86)\Microsoft Emulator Manager\1.0\;C:\Program Files\Git\cmd;C:\Strawberry\c\bin;C:\Strawberry\perl\site\bin;C:\Strawberry\perl\bin;C:\Program Files\MySQL\mysql-connector-java-5.1.38;C:\Program Files\MongoDB\Server\3.2\bin;C:\Python27\;C:\Python27\Scripts;
USERNAME=Jacob Romero
OS=Windows_NT
PROCESSOR_IDENTIFIER=Intel64 Family 6 Model 60 Stepping 3, GenuineIntel



---------------  S Y S T E M  ---------------

OS: Windows 8.1 , 64 bit Build 9600 (6.3.9600.17415)

CPU:total 8 (4 cores per cpu, 2 threads per core) family 6 model 60 stepping 3, cmov, cx8, fxsr, mmx, sse, sse2, sse3, ssse3, sse4.1, sse4.2, popcnt, avx, avx2, aes, clmul, erms, lzcnt, ht, tsc, tscinvbit, bmi1, bmi2

Memory: 4k page, physical 8335448k(718976k free), swap 11481176k(5108k free)

vm_info: Java HotSpot(TM) 64-Bit Server VM (25.45-b02) for windows-amd64 JRE (1.8.0_45-b15), built on Apr 30 2015 12:40:44 by "java_re" with MS VC++ 10.0 (VS2010)

time: Sun Jun 05 04:33:03 2016
elapsed time: 2 seconds (0d 0h 0m 2s)

